2025-11-13 15:46:29 | INFO     | ================================================================================
2025-11-13 15:46:29 | INFO     | NEW DIAGRAM GENERATION REQUEST
2025-11-13 15:46:29 | INFO     | ================================================================================
2025-11-13 15:46:29 | INFO     | Request ID: req_20251113_154629
2025-11-13 15:46:29 | INFO     | Problem Text Length: 369 characters
2025-11-13 15:46:29 | INFO     | 
2025-11-13 15:46:29 | INFO     | Problem Text:
2025-11-13 15:46:29 | INFO     | --------------------------------------------------------------------------------
2025-11-13 15:46:29 | INFO     |   Question 4:A parallel-plate capacitor of plate area A = 10.5 cm² and plate separation 2d = 7.12 mm is configured as follows: The left half is filled with dielectric κ₁ = 21.0. The right half is divided into two regions - top with κ₂ = 42.0 and bottom with κ₃ = 58.0. Calculate the total capacitance.[Left half: uniform κ₁; Right half: top quarter κ₂, bottom quarter κ₃]
2025-11-13 15:46:29 | INFO     | --------------------------------------------------------------------------------
2025-11-13 15:46:29 | INFO     | 
2025-11-13 15:46:29 | INFO     | Configuration:
2025-11-13 15:46:29 | INFO     |   canvas_width: 1200
2025-11-13 15:46:29 | INFO     |   canvas_height: 800
2025-11-13 15:46:29 | INFO     |   validation_mode: standard
2025-11-13 15:46:29 | INFO     |   active_features: ['Spatial Validation', 'Intelligent Label Placement', 'Property Graph', 'OpenIE', 'Stanza', 'SciBERT', 'ChemDataExtractor', 'MathBERT', 'AMR Parser', 'Diagram Planner', 'Model Orchestrator', 'Ontology Validation', 'Z3 Optimization', 'Structural Validator', 'Primitive Library (memory)', 'Request/Response Logging']
2025-11-13 15:46:29 | INFO     | 
2025-11-13 15:46:29 | INFO     | 
2025-11-13 15:46:29 | INFO     | ================================================================================
2025-11-13 15:46:29 | INFO     | PHASE 0: NLP Enrichment
2025-11-13 15:46:29 | INFO     | Description: Extract entities, relations, and scientific concepts
2025-11-13 15:46:29 | INFO     | ================================================================================
2025-11-13 15:46:29 | INFO     | 
2025-11-13 15:46:29 | INFO     | Phase Input:
2025-11-13 15:46:29 | INFO     | ----------------------------------------
2025-11-13 15:46:29 | INFO     | Summary: Problem text (369 chars)
2025-11-13 15:46:29 | INFO     |   Type: str
2025-11-13 15:46:29 | INFO     | ----------------------------------------
2025-11-13 15:47:13 | INFO     | 
2025-11-13 15:47:13 | INFO     | Phase Output:
2025-11-13 15:47:13 | INFO     | ----------------------------------------
2025-11-13 15:47:13 | INFO     | Summary: Extracted data using 6 NLP tools
2025-11-13 15:47:13 | INFO     |   openie: dict
2025-11-13 15:47:13 | INFO     |   stanza: dict
2025-11-13 15:47:13 | INFO     |   scibert: dict
2025-11-13 15:47:13 | INFO     |   chemdataextractor: dict
2025-11-13 15:47:13 | INFO     |   mathbert: dict
2025-11-13 15:47:13 | INFO     |   amr: dict
2025-11-13 15:47:13 | INFO     | ----------------------------------------
2025-11-13 15:47:13 | INFO     | 
2025-11-13 15:47:13 | INFO     | Phase completed: SUCCESS
2025-11-13 15:47:13 | INFO     | Duration: 44333.06ms
2025-11-13 15:47:13 | INFO     | ================================================================================
2025-11-13 15:47:13 | INFO     | 
2025-11-13 15:47:13 | INFO     | ================================================================================
2025-11-13 15:47:13 | INFO     | PHASE 1: Property Graph Construction
2025-11-13 15:47:13 | INFO     | Description: Build knowledge graph from NLP results
2025-11-13 15:47:13 | INFO     | ================================================================================
2025-11-13 15:47:13 | INFO     | 
2025-11-13 15:47:13 | INFO     | Phase Input:
2025-11-13 15:47:13 | INFO     | ----------------------------------------
2025-11-13 15:47:13 | INFO     | Summary: NLP extraction results
2025-11-13 15:47:13 | INFO     |   openie: dict
2025-11-13 15:47:13 | INFO     |   stanza: dict
2025-11-13 15:47:13 | INFO     |   scibert: dict
2025-11-13 15:47:13 | INFO     |   chemdataextractor: dict
2025-11-13 15:47:13 | INFO     |   mathbert: dict
2025-11-13 15:47:13 | INFO     |   amr: dict
2025-11-13 15:47:13 | INFO     | ----------------------------------------
2025-11-13 15:47:13 | INFO     | 
2025-11-13 15:47:13 | INFO     | Phase Output:
2025-11-13 15:47:13 | INFO     | ----------------------------------------
2025-11-13 15:47:13 | INFO     | Summary: Built graph with 68 nodes from 5 sources
2025-11-13 15:47:13 | INFO     |   request_id: req_1763028989298_1
2025-11-13 15:47:13 | INFO     |   summary: dict
2025-11-13 15:47:13 | INFO     |   node_types: dict
2025-11-13 15:47:13 | INFO     |   edge_types: dict
2025-11-13 15:47:13 | INFO     |   nodes: [10 items]
2025-11-13 15:47:13 | INFO     |   edges: [10 items]
2025-11-13 15:47:13 | INFO     |   ontology_tags: dict
2025-11-13 15:47:13 | INFO     |   gap_analysis: dict
2025-11-13 15:47:13 | INFO     |   disk_persistence: dict
2025-11-13 15:47:13 | INFO     | ----------------------------------------
2025-11-13 15:47:13 | INFO     | 
2025-11-13 15:47:13 | INFO     | Phase completed: SUCCESS
2025-11-13 15:47:13 | INFO     | Duration: 9.74ms
2025-11-13 15:47:13 | INFO     | ================================================================================
2025-11-13 15:47:13 | INFO     | 
2025-11-13 15:47:13 | INFO     | ================================================================================
2025-11-13 15:47:13 | INFO     | PHASE 2: Diagram Planning (Property Graph-Driven)
2025-11-13 15:47:13 | INFO     | Description: Create diagram plan from property graph
2025-11-13 15:47:13 | INFO     | ================================================================================
2025-11-13 15:47:13 | INFO     | 
2025-11-13 15:47:13 | INFO     | Phase Input:
2025-11-13 15:47:13 | INFO     | ----------------------------------------
2025-11-13 15:47:13 | INFO     | Summary: Original request + Property graph
2025-11-13 15:47:13 | INFO     |   Type: str
2025-11-13 15:47:13 | INFO     | ----------------------------------------
2025-11-13 15:47:13 | INFO     | 
2025-11-13 15:47:13 | INFO     | Phase Output:
2025-11-13 15:47:13 | INFO     | ----------------------------------------
2025-11-13 15:47:13 | INFO     | Summary: Planning mode: property_graph_driven
2025-11-13 15:47:13 | INFO     |   planning_mode: property_graph_driven
2025-11-13 15:47:13 | INFO     |   domain: current_electricity
2025-11-13 15:47:13 | INFO     |   entity_count: 8
2025-11-13 15:47:13 | INFO     |   relation_count: 2
2025-11-13 15:47:13 | INFO     |   constraint_count: 36
2025-11-13 15:47:13 | INFO     |   complexity_score: 0.36
2025-11-13 15:47:13 | INFO     |   z3_used: False
2025-11-13 15:47:13 | INFO     |   sympy_used: False
2025-11-13 15:47:13 | INFO     | ----------------------------------------
2025-11-13 15:47:13 | INFO     | 
2025-11-13 15:47:13 | INFO     | Phase completed: SUCCESS
2025-11-13 15:47:13 | INFO     | Duration: 1.47ms
2025-11-13 15:47:13 | INFO     | ================================================================================
2025-11-13 15:47:13 | INFO     | 
2025-11-13 15:47:13 | INFO     | ================================================================================
2025-11-13 15:47:13 | INFO     | PHASE 3: Scene Synthesis + Strategic Planning
2025-11-13 15:47:13 | INFO     | Description: Build scene graph and select strategy
2025-11-13 15:47:13 | INFO     | ================================================================================
2025-11-13 15:47:13 | INFO     | 
2025-11-13 15:47:13 | INFO     | Phase Input:
2025-11-13 15:47:13 | INFO     | ----------------------------------------
2025-11-13 15:47:13 | INFO     | Summary: Problem specs with 8 objects
2025-11-13 15:47:13 | INFO     |   Type: CanonicalProblemSpec
2025-11-13 15:47:13 | INFO     | ----------------------------------------
2025-11-13 15:47:14 | INFO     | 
2025-11-13 15:47:14 | INFO     | Phase Output:
2025-11-13 15:47:14 | INFO     | ----------------------------------------
2025-11-13 15:47:14 | INFO     | Summary: Scene with 12 objects
2025-11-13 15:47:14 | INFO     |   object_count: 12
2025-11-13 15:47:14 | INFO     |   selected_strategy: constraint_based
2025-11-13 15:47:14 | INFO     |   domain_modules: 0
2025-11-13 15:47:14 | INFO     |   diagram_plan: dict
2025-11-13 15:47:14 | INFO     | ----------------------------------------
2025-11-13 15:47:14 | INFO     | 
2025-11-13 15:47:14 | INFO     | Phase completed: SUCCESS
2025-11-13 15:47:14 | INFO     | Duration: 374.14ms
2025-11-13 15:47:14 | INFO     | ================================================================================
2025-11-13 15:47:14 | INFO     | 
2025-11-13 15:47:14 | INFO     | ================================================================================
2025-11-13 15:47:14 | INFO     | PHASE 3: Structural Consistency
2025-11-13 15:47:14 | INFO     | Description: Compare plan vs scene
2025-11-13 15:47:14 | INFO     | ================================================================================
2025-11-13 15:47:14 | INFO     | 
2025-11-13 15:47:14 | INFO     | Phase Input:
2025-11-13 15:47:14 | INFO     | ----------------------------------------
2025-11-13 15:47:14 | INFO     | Summary: Diagram Plan
2025-11-13 15:47:14 | INFO     |   entities: 8
2025-11-13 15:47:14 | INFO     | ----------------------------------------
2025-11-13 15:47:14 | INFO     | 
2025-11-13 15:47:14 | INFO     | Phase Output:
2025-11-13 15:47:14 | INFO     | ----------------------------------------
2025-11-13 15:47:14 | INFO     | Summary: Structural comparison report
2025-11-13 15:47:14 | INFO     |   missing_in_scene: [8 items]
2025-11-13 15:47:14 | INFO     |   extra_scene_objects: [12 items]
2025-11-13 15:47:14 | INFO     |   label_mismatches: [0 items]
2025-11-13 15:47:14 | INFO     |   relation_gaps: [2 items]
2025-11-13 15:47:14 | INFO     |   score: 0.0
2025-11-13 15:47:14 | INFO     | ----------------------------------------
2025-11-13 15:47:14 | INFO     | 
2025-11-13 15:47:14 | INFO     | Phase completed: SUCCESS
2025-11-13 15:47:14 | INFO     | Duration: 0.24ms
2025-11-13 15:47:14 | INFO     | ================================================================================
2025-11-13 15:47:14 | INFO     | 
2025-11-13 15:47:14 | INFO     | ================================================================================
2025-11-13 15:47:14 | INFO     | PHASE 4: Ontology Validation
2025-11-13 15:47:14 | INFO     | Description: Validate semantic consistency
2025-11-13 15:47:14 | INFO     | ================================================================================
2025-11-13 15:47:14 | INFO     | 
2025-11-13 15:47:14 | INFO     | Phase Input:
2025-11-13 15:47:14 | INFO     | ----------------------------------------
2025-11-13 15:47:14 | INFO     | Summary: Specs with 8 objects
2025-11-13 15:47:14 | INFO     |   Type: CanonicalProblemSpec
2025-11-13 15:47:14 | INFO     | ----------------------------------------
2025-11-13 15:47:14 | INFO     | 
2025-11-13 15:47:14 | INFO     | Phase Output:
2025-11-13 15:47:14 | INFO     | ----------------------------------------
2025-11-13 15:47:14 | INFO     | Summary: Consistent: True
2025-11-13 15:47:14 | INFO     |   source: property_graph
2025-11-13 15:47:14 | INFO     |   input_stats: dict
2025-11-13 15:47:14 | INFO     |   consistent: True
2025-11-13 15:47:14 | INFO     |   errors: [0 items]
2025-11-13 15:47:14 | INFO     |   warnings: [224 items]
2025-11-13 15:47:14 | INFO     |   inferences: 0
2025-11-13 15:47:14 | INFO     | ----------------------------------------
2025-11-13 15:47:14 | INFO     | 
2025-11-13 15:47:14 | INFO     | Phase completed: SUCCESS
2025-11-13 15:47:14 | INFO     | Duration: 75.59ms
2025-11-13 15:47:14 | INFO     | ================================================================================
2025-11-13 15:47:14 | INFO     | 
2025-11-13 15:47:14 | INFO     | ================================================================================
2025-11-13 15:47:14 | INFO     | PHASE 5: Physics Validation
2025-11-13 15:47:14 | INFO     | Description: Validate physics constraints and relationships
2025-11-13 15:47:14 | INFO     | ================================================================================
2025-11-13 15:47:14 | INFO     | 
2025-11-13 15:47:14 | INFO     | Phase Input:
2025-11-13 15:47:14 | INFO     | ----------------------------------------
2025-11-13 15:47:14 | INFO     | Summary: Scene with 12 objects
2025-11-13 15:47:14 | INFO     |   Type: Scene
2025-11-13 15:47:14 | INFO     | ----------------------------------------
2025-11-13 15:47:14 | INFO     | 
2025-11-13 15:47:14 | INFO     | Phase Output:
2025-11-13 15:47:14 | INFO     | ----------------------------------------
2025-11-13 15:47:14 | INFO     | Summary: Errors: 1, Warnings: 2
2025-11-13 15:47:14 | INFO     |   errors: 1
2025-11-13 15:47:14 | INFO     |   warnings: 2
2025-11-13 15:47:14 | INFO     | ----------------------------------------
2025-11-13 15:47:14 | INFO     | 
2025-11-13 15:47:14 | INFO     | Phase completed: SUCCESS
2025-11-13 15:47:14 | INFO     | Duration: 0.46ms
2025-11-13 15:47:14 | INFO     | ================================================================================
2025-11-13 15:47:14 | INFO     | 
2025-11-13 15:47:14 | INFO     | ================================================================================
2025-11-13 15:47:14 | INFO     | PHASE 5: Domain Rule Validation
2025-11-13 15:47:14 | INFO     | Description: Run Kirchhoff/Newton/Geometry checks
2025-11-13 15:47:14 | INFO     | ================================================================================
2025-11-13 15:47:14 | INFO     | 
2025-11-13 15:47:14 | INFO     | Phase Input:
2025-11-13 15:47:14 | INFO     | ----------------------------------------
2025-11-13 15:47:14 | INFO     | Summary: Domain context
2025-11-13 15:47:14 | INFO     |   domain: current_electricity
2025-11-13 15:47:14 | INFO     | ----------------------------------------
2025-11-13 15:47:14 | INFO     | 
2025-11-13 15:47:14 | INFO     | Phase Output:
2025-11-13 15:47:14 | INFO     | ----------------------------------------
2025-11-13 15:47:14 | INFO     | Summary: Domain rule evaluation
2025-11-13 15:47:14 | INFO     |   domain: current_electricity
2025-11-13 15:47:14 | INFO     |   checks: [2 items]
2025-11-13 15:47:14 | INFO     |   errors: 2
2025-11-13 15:47:14 | INFO     |   warnings: 0
2025-11-13 15:47:14 | INFO     | ----------------------------------------
2025-11-13 15:47:14 | INFO     | 
2025-11-13 15:47:14 | INFO     | Phase completed: SUCCESS
2025-11-13 15:47:14 | INFO     | Duration: 0.42ms
2025-11-13 15:47:14 | INFO     | ================================================================================
2025-11-13 15:47:14 | INFO     | 
2025-11-13 15:47:14 | INFO     | ================================================================================
2025-11-13 15:47:14 | INFO     | PHASE 6: Layout Optimization + Z3/SymPy
2025-11-13 15:47:14 | INFO     | Description: Compute optimal object positions
2025-11-13 15:47:14 | INFO     | ================================================================================
2025-11-13 15:47:14 | INFO     | 
2025-11-13 15:47:14 | INFO     | Phase Input:
2025-11-13 15:47:14 | INFO     | ----------------------------------------
2025-11-13 15:47:14 | INFO     | Summary: Scene with 12 unpositioned objects
2025-11-13 15:47:14 | INFO     |   Type: Scene
2025-11-13 15:47:14 | INFO     | ----------------------------------------
2025-11-13 15:47:14 | INFO     | 
2025-11-13 15:47:14 | INFO     | Phase Output:
2025-11-13 15:47:14 | INFO     | ----------------------------------------
2025-11-13 15:47:14 | INFO     | Summary: Positioned 12 objects
2025-11-13 15:47:14 | INFO     |   object_count: 12
2025-11-13 15:47:14 | INFO     |   z3_used: False
2025-11-13 15:47:14 | INFO     |   sympy_used: False
2025-11-13 15:47:14 | INFO     |   pre_solver_positions: 0
2025-11-13 15:47:14 | INFO     |   model_strategy: constraint_solver
2025-11-13 15:47:14 | INFO     |   model_orchestrator: dict
2025-11-13 15:47:14 | INFO     | ----------------------------------------
2025-11-13 15:47:14 | INFO     | 
2025-11-13 15:47:14 | INFO     | Phase completed: SUCCESS
2025-11-13 15:47:14 | INFO     | Duration: 182.93ms
2025-11-13 15:47:14 | INFO     | ================================================================================
2025-11-13 15:47:14 | INFO     | 
2025-11-13 15:47:14 | INFO     | ================================================================================
2025-11-13 15:47:14 | INFO     | PHASE 7: Intelligent Label Placement
2025-11-13 15:47:14 | INFO     | Description: Optimize label positions to avoid overlaps
2025-11-13 15:47:14 | INFO     | ================================================================================
2025-11-13 15:47:14 | INFO     | 
2025-11-13 15:47:14 | INFO     | Phase Input:
2025-11-13 15:47:14 | INFO     | ----------------------------------------
2025-11-13 15:47:14 | INFO     | Summary: Positioned scene
2025-11-13 15:47:14 | INFO     |   Type: Scene
2025-11-13 15:47:14 | INFO     | ----------------------------------------
2025-11-13 15:47:14 | INFO     | 
2025-11-13 15:47:14 | INFO     | Phase Output:
2025-11-13 15:47:14 | INFO     | ----------------------------------------
2025-11-13 15:47:14 | INFO     | Summary: Labels placed
2025-11-13 15:47:14 | INFO     | ----------------------------------------
2025-11-13 15:47:14 | INFO     | 
2025-11-13 15:47:14 | INFO     | Phase completed: SUCCESS
2025-11-13 15:47:14 | INFO     | Duration: 0.33ms
2025-11-13 15:47:14 | INFO     | ================================================================================
2025-11-13 15:47:14 | INFO     | 
2025-11-13 15:47:14 | INFO     | ================================================================================
2025-11-13 15:47:14 | INFO     | PHASE 8: Spatial Validation
2025-11-13 15:47:14 | INFO     | Description: Check for overlaps and positioning errors
2025-11-13 15:47:14 | INFO     | ================================================================================
2025-11-13 15:47:14 | INFO     | 
2025-11-13 15:47:14 | INFO     | Phase Input:
2025-11-13 15:47:14 | INFO     | ----------------------------------------
2025-11-13 15:47:14 | INFO     | Summary: Final positioned scene
2025-11-13 15:47:14 | INFO     |   Type: Scene
2025-11-13 15:47:14 | INFO     | ----------------------------------------
2025-11-13 15:47:14 | INFO     | 
2025-11-13 15:47:14 | INFO     | Phase Output:
2025-11-13 15:47:14 | INFO     | ----------------------------------------
2025-11-13 15:47:14 | INFO     | Summary: Errors: 4, Warnings: 3
2025-11-13 15:47:14 | INFO     |   errors: 4
2025-11-13 15:47:14 | INFO     |   warnings: 3
2025-11-13 15:47:14 | INFO     |   is_valid: False
2025-11-13 15:47:14 | INFO     | ----------------------------------------
2025-11-13 15:47:14 | INFO     | 
2025-11-13 15:47:14 | INFO     | Phase completed: SUCCESS
2025-11-13 15:47:14 | INFO     | Duration: 0.31ms
2025-11-13 15:47:14 | INFO     | ================================================================================
2025-11-13 15:47:14 | INFO     | 
2025-11-13 15:47:14 | INFO     | ================================================================================
2025-11-13 15:47:14 | INFO     | PHASE 9: Rendering
2025-11-13 15:47:14 | INFO     | Description: Generate SVG output
2025-11-13 15:47:14 | INFO     | ================================================================================
2025-11-13 15:47:14 | INFO     | 
2025-11-13 15:47:14 | INFO     | Phase Input:
2025-11-13 15:47:14 | INFO     | ----------------------------------------
2025-11-13 15:47:14 | INFO     | Summary: Positioned scene with 12 objects
2025-11-13 15:47:14 | INFO     |   Type: Scene
2025-11-13 15:47:14 | INFO     | ----------------------------------------
2025-11-13 15:47:14 | INFO     | 
2025-11-13 15:47:14 | INFO     | Phase Output:
2025-11-13 15:47:14 | INFO     | ----------------------------------------
2025-11-13 15:47:14 | INFO     | Summary: SVG generated (3,586 bytes)
2025-11-13 15:47:14 | INFO     |   svg_size: 3586
2025-11-13 15:47:14 | INFO     | ----------------------------------------
2025-11-13 15:47:14 | INFO     | 
2025-11-13 15:47:14 | INFO     | Phase completed: SUCCESS
2025-11-13 15:47:14 | INFO     | Duration: 0.50ms
2025-11-13 15:47:14 | INFO     | ================================================================================
2025-11-13 15:47:14 | INFO     | 
2025-11-13 15:47:14 | INFO     | ================================================================================
2025-11-13 15:47:14 | INFO     | PHASE 7: Validation Refinement
2025-11-13 15:47:14 | INFO     | Description: Iterative quality improvement
2025-11-13 15:47:14 | INFO     | ================================================================================
2025-11-13 15:47:14 | INFO     | 
2025-11-13 15:47:14 | INFO     | Phase Input:
2025-11-13 15:47:14 | INFO     | ----------------------------------------
2025-11-13 15:47:14 | INFO     | Summary: SVG and scene
2025-11-13 15:47:14 | INFO     |   svg_size: 3586
2025-11-13 15:47:14 | INFO     | ----------------------------------------
2025-11-13 15:47:14 | INFO     |   Validator error: 'Scene' object has no attribute 'relationships'
2025-11-13 15:47:14 | INFO     | 
2025-11-13 15:47:14 | INFO     | Phase Output:
2025-11-13 15:47:14 | INFO     | ----------------------------------------
2025-11-13 15:47:14 | INFO     | Summary: Refined 1 times
2025-11-13 15:47:14 | INFO     |   refinement_iterations: 1
2025-11-13 15:47:14 | INFO     |   overall_confidence: 0.0
2025-11-13 15:47:14 | INFO     |   issue_count: 0
2025-11-13 15:47:14 | INFO     |   suggestions: 0
2025-11-13 15:47:14 | INFO     | ----------------------------------------
2025-11-13 15:47:14 | INFO     | 
2025-11-13 15:47:14 | INFO     | Phase completed: SUCCESS
2025-11-13 15:47:14 | INFO     | Duration: 0.47ms
2025-11-13 15:47:14 | INFO     | ================================================================================
2025-11-13 15:47:14 | INFO     | 
2025-11-13 15:47:14 | INFO     | ================================================================================
2025-11-13 15:47:14 | INFO     | RESPONSE
2025-11-13 15:47:14 | INFO     | ================================================================================
2025-11-13 15:47:14 | INFO     | Status: SUCCESS
2025-11-13 15:47:14 | INFO     | Total Duration: 44981.72ms
2025-11-13 15:47:14 | INFO     | 
2025-11-13 15:47:14 | INFO     | Result Summary:
2025-11-13 15:47:14 | INFO     | 
2025-11-13 15:47:14 | INFO     | Full trace saved to: logs/req_20251113_154629.log
2025-11-13 15:47:14 | INFO     | ================================================================================
2025-11-13 15:47:14 | INFO     | Trace JSON saved to: logs/req_20251113_154629_trace.json
2025-11-13 15:51:51 | INFO     | ================================================================================
2025-11-13 15:51:51 | INFO     | NEW DIAGRAM GENERATION REQUEST
2025-11-13 15:51:51 | INFO     | ================================================================================
2025-11-13 15:51:51 | INFO     | Request ID: req_20251113_154629
2025-11-13 15:51:51 | INFO     | Problem Text Length: 369 characters
2025-11-13 15:51:51 | INFO     | 
2025-11-13 15:51:51 | INFO     | Problem Text:
2025-11-13 15:51:51 | INFO     | --------------------------------------------------------------------------------
2025-11-13 15:51:51 | INFO     |   Question 4:A parallel-plate capacitor of plate area A = 10.5 cm² and plate separation 2d = 7.12 mm is configured as follows: The left half is filled with dielectric κ₁ = 21.0. The right half is divided into two regions - top with κ₂ = 42.0 and bottom with κ₃ = 58.0. Calculate the total capacitance.[Left half: uniform κ₁; Right half: top quarter κ₂, bottom quarter κ₃]
2025-11-13 15:51:51 | INFO     | --------------------------------------------------------------------------------
2025-11-13 15:51:51 | INFO     | 
2025-11-13 15:51:51 | INFO     | Configuration:
2025-11-13 15:51:51 | INFO     |   canvas_width: 1200
2025-11-13 15:51:51 | INFO     |   canvas_height: 800
2025-11-13 15:51:51 | INFO     |   validation_mode: standard
2025-11-13 15:51:51 | INFO     |   active_features: ['Spatial Validation', 'Intelligent Label Placement', 'Property Graph', 'OpenIE', 'Stanza', 'SciBERT', 'ChemDataExtractor', 'MathBERT', 'AMR Parser', 'Diagram Planner', 'Model Orchestrator', 'Ontology Validation', 'Z3 Optimization', 'Structural Validator', 'Primitive Library (memory)', 'Request/Response Logging']
2025-11-13 15:51:51 | INFO     | 
2025-11-13 15:51:51 | INFO     | 
2025-11-13 15:51:51 | INFO     | ================================================================================
2025-11-13 15:51:51 | INFO     | PHASE 0: NLP Enrichment
2025-11-13 15:51:51 | INFO     | Description: Extract entities, relations, and scientific concepts
2025-11-13 15:51:51 | INFO     | ================================================================================
2025-11-13 15:51:51 | INFO     | 
2025-11-13 15:51:51 | INFO     | Phase Input:
2025-11-13 15:51:51 | INFO     | ----------------------------------------
2025-11-13 15:51:51 | INFO     | Summary: Problem text (369 chars)
2025-11-13 15:51:51 | INFO     |   Type: str
2025-11-13 15:51:51 | INFO     | ----------------------------------------
2025-11-13 15:51:51 | INFO     | 
2025-11-13 15:51:51 | INFO     | Phase Output:
2025-11-13 15:51:51 | INFO     | ----------------------------------------
2025-11-13 15:51:51 | INFO     | Summary: Extracted data using 6 NLP tools
2025-11-13 15:51:51 | INFO     |   openie: dict
2025-11-13 15:51:51 | INFO     |   stanza: dict
2025-11-13 15:51:51 | INFO     |   scibert: dict
2025-11-13 15:51:51 | INFO     |   chemdataextractor: dict
2025-11-13 15:51:51 | INFO     |   mathbert: dict
2025-11-13 15:51:51 | INFO     |   amr: dict
2025-11-13 15:51:51 | INFO     | ----------------------------------------
2025-11-13 15:51:51 | INFO     | 
2025-11-13 15:51:51 | INFO     | Phase completed: SUCCESS
2025-11-13 15:51:51 | INFO     | Duration: 0.59ms
2025-11-13 15:51:51 | INFO     | ================================================================================
2025-11-13 15:51:51 | INFO     | 
2025-11-13 15:51:51 | INFO     | ================================================================================
2025-11-13 15:51:51 | INFO     | PHASE 1: Property Graph Construction
2025-11-13 15:51:51 | INFO     | Description: Build knowledge graph from NLP results
2025-11-13 15:51:51 | INFO     | ================================================================================
2025-11-13 15:51:51 | INFO     | 
2025-11-13 15:51:51 | INFO     | Phase Input:
2025-11-13 15:51:51 | INFO     | ----------------------------------------
2025-11-13 15:51:51 | INFO     | Summary: NLP extraction results
2025-11-13 15:51:51 | INFO     |   openie: dict
2025-11-13 15:51:51 | INFO     |   stanza: dict
2025-11-13 15:51:51 | INFO     |   scibert: dict
2025-11-13 15:51:51 | INFO     |   chemdataextractor: dict
2025-11-13 15:51:51 | INFO     |   mathbert: dict
2025-11-13 15:51:51 | INFO     |   amr: dict
2025-11-13 15:51:51 | INFO     | ----------------------------------------
2025-11-13 15:51:51 | INFO     | 
2025-11-13 15:51:51 | INFO     | Phase Output:
2025-11-13 15:51:51 | INFO     | ----------------------------------------
2025-11-13 15:51:51 | INFO     | Summary: Built graph with 68 nodes from 5 sources
2025-11-13 15:51:51 | INFO     |   request_id: req_1763029311096_2
2025-11-13 15:51:51 | INFO     |   summary: dict
2025-11-13 15:51:51 | INFO     |   node_types: dict
2025-11-13 15:51:51 | INFO     |   edge_types: dict
2025-11-13 15:51:51 | INFO     |   nodes: [10 items]
2025-11-13 15:51:51 | INFO     |   edges: [10 items]
2025-11-13 15:51:51 | INFO     |   ontology_tags: dict
2025-11-13 15:51:51 | INFO     |   gap_analysis: dict
2025-11-13 15:51:51 | INFO     |   disk_persistence: dict
2025-11-13 15:51:51 | INFO     | ----------------------------------------
2025-11-13 15:51:51 | INFO     | 
2025-11-13 15:51:51 | INFO     | Phase completed: SUCCESS
2025-11-13 15:51:51 | INFO     | Duration: 4.52ms
2025-11-13 15:51:51 | INFO     | ================================================================================
2025-11-13 15:51:51 | INFO     | 
2025-11-13 15:51:51 | INFO     | ================================================================================
2025-11-13 15:51:51 | INFO     | PHASE 2: Diagram Planning (Property Graph-Driven)
2025-11-13 15:51:51 | INFO     | Description: Create diagram plan from property graph
2025-11-13 15:51:51 | INFO     | ================================================================================
2025-11-13 15:51:51 | INFO     | 
2025-11-13 15:51:51 | INFO     | Phase Input:
2025-11-13 15:51:51 | INFO     | ----------------------------------------
2025-11-13 15:51:51 | INFO     | Summary: Original request + Property graph
2025-11-13 15:51:51 | INFO     |   Type: str
2025-11-13 15:51:51 | INFO     | ----------------------------------------
2025-11-13 15:51:51 | INFO     | 
2025-11-13 15:51:51 | INFO     | Phase Output:
2025-11-13 15:51:51 | INFO     | ----------------------------------------
2025-11-13 15:51:51 | INFO     | Summary: Planning mode: property_graph_driven
2025-11-13 15:51:51 | INFO     |   planning_mode: property_graph_driven
2025-11-13 15:51:51 | INFO     |   domain: current_electricity
2025-11-13 15:51:51 | INFO     |   entity_count: 8
2025-11-13 15:51:51 | INFO     |   relation_count: 2
2025-11-13 15:51:51 | INFO     |   constraint_count: 36
2025-11-13 15:51:51 | INFO     |   complexity_score: 0.36
2025-11-13 15:51:51 | INFO     |   z3_used: False
2025-11-13 15:51:51 | INFO     |   sympy_used: False
2025-11-13 15:51:51 | INFO     | ----------------------------------------
2025-11-13 15:51:51 | INFO     | 
2025-11-13 15:51:51 | INFO     | Phase completed: SUCCESS
2025-11-13 15:51:51 | INFO     | Duration: 2.56ms
2025-11-13 15:51:51 | INFO     | ================================================================================
2025-11-13 15:51:51 | INFO     | 
2025-11-13 15:51:51 | INFO     | ================================================================================
2025-11-13 15:51:51 | INFO     | PHASE 3: Scene Synthesis + Strategic Planning
2025-11-13 15:51:51 | INFO     | Description: Build scene graph and select strategy
2025-11-13 15:51:51 | INFO     | ================================================================================
2025-11-13 15:51:51 | INFO     | 
2025-11-13 15:51:51 | INFO     | Phase Input:
2025-11-13 15:51:51 | INFO     | ----------------------------------------
2025-11-13 15:51:51 | INFO     | Summary: Problem specs with 8 objects
2025-11-13 15:51:51 | INFO     |   Type: CanonicalProblemSpec
2025-11-13 15:51:51 | INFO     | ----------------------------------------
2025-11-13 15:51:51 | INFO     | 
2025-11-13 15:51:51 | INFO     | Phase Output:
2025-11-13 15:51:51 | INFO     | ----------------------------------------
2025-11-13 15:51:51 | INFO     | Summary: Scene with 12 objects
2025-11-13 15:51:51 | INFO     |   object_count: 12
2025-11-13 15:51:51 | INFO     |   selected_strategy: constraint_based
2025-11-13 15:51:51 | INFO     |   domain_modules: 0
2025-11-13 15:51:51 | INFO     |   diagram_plan: dict
2025-11-13 15:51:51 | INFO     | ----------------------------------------
2025-11-13 15:51:51 | INFO     | 
2025-11-13 15:51:51 | INFO     | Phase completed: SUCCESS
2025-11-13 15:51:51 | INFO     | Duration: 277.39ms
2025-11-13 15:51:51 | INFO     | ================================================================================
2025-11-13 15:51:51 | INFO     | 
2025-11-13 15:51:51 | INFO     | ================================================================================
2025-11-13 15:51:51 | INFO     | PHASE 3: Structural Consistency
2025-11-13 15:51:51 | INFO     | Description: Compare plan vs scene
2025-11-13 15:51:51 | INFO     | ================================================================================
2025-11-13 15:51:51 | INFO     | 
2025-11-13 15:51:51 | INFO     | Phase Input:
2025-11-13 15:51:51 | INFO     | ----------------------------------------
2025-11-13 15:51:51 | INFO     | Summary: Diagram Plan
2025-11-13 15:51:51 | INFO     |   entities: 8
2025-11-13 15:51:51 | INFO     | ----------------------------------------
2025-11-13 15:51:51 | INFO     | 
2025-11-13 15:51:51 | INFO     | Phase Output:
2025-11-13 15:51:51 | INFO     | ----------------------------------------
2025-11-13 15:51:51 | INFO     | Summary: Structural comparison report
2025-11-13 15:51:51 | INFO     |   missing_in_scene: [8 items]
2025-11-13 15:51:51 | INFO     |   extra_scene_objects: [12 items]
2025-11-13 15:51:51 | INFO     |   label_mismatches: [0 items]
2025-11-13 15:51:51 | INFO     |   relation_gaps: [2 items]
2025-11-13 15:51:51 | INFO     |   score: 0.0
2025-11-13 15:51:51 | INFO     | ----------------------------------------
2025-11-13 15:51:51 | INFO     | 
2025-11-13 15:51:51 | INFO     | Phase completed: SUCCESS
2025-11-13 15:51:51 | INFO     | Duration: 0.23ms
2025-11-13 15:51:51 | INFO     | ================================================================================
2025-11-13 15:51:51 | INFO     | 
2025-11-13 15:51:51 | INFO     | ================================================================================
2025-11-13 15:51:51 | INFO     | PHASE 4: Ontology Validation
2025-11-13 15:51:51 | INFO     | Description: Validate semantic consistency
2025-11-13 15:51:51 | INFO     | ================================================================================
2025-11-13 15:51:51 | INFO     | 
2025-11-13 15:51:51 | INFO     | Phase Input:
2025-11-13 15:51:51 | INFO     | ----------------------------------------
2025-11-13 15:51:51 | INFO     | Summary: Specs with 8 objects
2025-11-13 15:51:51 | INFO     |   Type: CanonicalProblemSpec
2025-11-13 15:51:51 | INFO     | ----------------------------------------
2025-11-13 15:51:51 | INFO     | 
2025-11-13 15:51:51 | INFO     | Phase Output:
2025-11-13 15:51:51 | INFO     | ----------------------------------------
2025-11-13 15:51:51 | INFO     | Summary: Consistent: True
2025-11-13 15:51:51 | INFO     |   source: property_graph
2025-11-13 15:51:51 | INFO     |   input_stats: dict
2025-11-13 15:51:51 | INFO     |   consistent: True
2025-11-13 15:51:51 | INFO     |   errors: [0 items]
2025-11-13 15:51:51 | INFO     |   warnings: [224 items]
2025-11-13 15:51:51 | INFO     |   inferences: 0
2025-11-13 15:51:51 | INFO     | ----------------------------------------
2025-11-13 15:51:51 | INFO     | 
2025-11-13 15:51:51 | INFO     | Phase completed: SUCCESS
2025-11-13 15:51:51 | INFO     | Duration: 70.10ms
2025-11-13 15:51:51 | INFO     | ================================================================================
2025-11-13 15:51:51 | INFO     | 
2025-11-13 15:51:51 | INFO     | ================================================================================
2025-11-13 15:51:51 | INFO     | PHASE 5: Physics Validation
2025-11-13 15:51:51 | INFO     | Description: Validate physics constraints and relationships
2025-11-13 15:51:51 | INFO     | ================================================================================
2025-11-13 15:51:51 | INFO     | 
2025-11-13 15:51:51 | INFO     | Phase Input:
2025-11-13 15:51:51 | INFO     | ----------------------------------------
2025-11-13 15:51:51 | INFO     | Summary: Scene with 12 objects
2025-11-13 15:51:51 | INFO     |   Type: Scene
2025-11-13 15:51:51 | INFO     | ----------------------------------------
2025-11-13 15:51:51 | INFO     | 
2025-11-13 15:51:51 | INFO     | Phase Output:
2025-11-13 15:51:51 | INFO     | ----------------------------------------
2025-11-13 15:51:51 | INFO     | Summary: Errors: 1, Warnings: 2
2025-11-13 15:51:51 | INFO     |   errors: 1
2025-11-13 15:51:51 | INFO     |   warnings: 2
2025-11-13 15:51:51 | INFO     | ----------------------------------------
2025-11-13 15:51:51 | INFO     | 
2025-11-13 15:51:51 | INFO     | Phase completed: SUCCESS
2025-11-13 15:51:51 | INFO     | Duration: 0.40ms
2025-11-13 15:51:51 | INFO     | ================================================================================
2025-11-13 15:51:51 | INFO     | 
2025-11-13 15:51:51 | INFO     | ================================================================================
2025-11-13 15:51:51 | INFO     | PHASE 5: Domain Rule Validation
2025-11-13 15:51:51 | INFO     | Description: Run Kirchhoff/Newton/Geometry checks
2025-11-13 15:51:51 | INFO     | ================================================================================
2025-11-13 15:51:51 | INFO     | 
2025-11-13 15:51:51 | INFO     | Phase Input:
2025-11-13 15:51:51 | INFO     | ----------------------------------------
2025-11-13 15:51:51 | INFO     | Summary: Domain context
2025-11-13 15:51:51 | INFO     |   domain: current_electricity
2025-11-13 15:51:51 | INFO     | ----------------------------------------
2025-11-13 15:51:51 | INFO     | 
2025-11-13 15:51:51 | INFO     | Phase Output:
2025-11-13 15:51:51 | INFO     | ----------------------------------------
2025-11-13 15:51:51 | INFO     | Summary: Domain rule evaluation
2025-11-13 15:51:51 | INFO     |   domain: current_electricity
2025-11-13 15:51:51 | INFO     |   checks: [2 items]
2025-11-13 15:51:51 | INFO     |   errors: 2
2025-11-13 15:51:51 | INFO     |   warnings: 0
2025-11-13 15:51:51 | INFO     | ----------------------------------------
2025-11-13 15:51:51 | INFO     | 
2025-11-13 15:51:51 | INFO     | Phase completed: SUCCESS
2025-11-13 15:51:51 | INFO     | Duration: 0.26ms
2025-11-13 15:51:51 | INFO     | ================================================================================
2025-11-13 15:51:51 | INFO     | 
2025-11-13 15:51:51 | INFO     | ================================================================================
2025-11-13 15:51:51 | INFO     | PHASE 6: Layout Optimization + Z3/SymPy
2025-11-13 15:51:51 | INFO     | Description: Compute optimal object positions
2025-11-13 15:51:51 | INFO     | ================================================================================
2025-11-13 15:51:51 | INFO     | 
2025-11-13 15:51:51 | INFO     | Phase Input:
2025-11-13 15:51:51 | INFO     | ----------------------------------------
2025-11-13 15:51:51 | INFO     | Summary: Scene with 12 unpositioned objects
2025-11-13 15:51:51 | INFO     |   Type: Scene
2025-11-13 15:51:51 | INFO     | ----------------------------------------
2025-11-13 15:51:51 | INFO     | 
2025-11-13 15:51:51 | INFO     | Phase Output:
2025-11-13 15:51:51 | INFO     | ----------------------------------------
2025-11-13 15:51:51 | INFO     | Summary: Positioned 12 objects
2025-11-13 15:51:51 | INFO     |   object_count: 12
2025-11-13 15:51:51 | INFO     |   z3_used: False
2025-11-13 15:51:51 | INFO     |   sympy_used: False
2025-11-13 15:51:51 | INFO     |   pre_solver_positions: 0
2025-11-13 15:51:51 | INFO     |   model_strategy: constraint_solver
2025-11-13 15:51:51 | INFO     |   model_orchestrator: dict
2025-11-13 15:51:51 | INFO     | ----------------------------------------
2025-11-13 15:51:51 | INFO     | 
2025-11-13 15:51:51 | INFO     | Phase completed: SUCCESS
2025-11-13 15:51:51 | INFO     | Duration: 94.04ms
2025-11-13 15:51:51 | INFO     | ================================================================================
2025-11-13 15:51:51 | INFO     | 
2025-11-13 15:51:51 | INFO     | ================================================================================
2025-11-13 15:51:51 | INFO     | PHASE 7: Intelligent Label Placement
2025-11-13 15:51:51 | INFO     | Description: Optimize label positions to avoid overlaps
2025-11-13 15:51:51 | INFO     | ================================================================================
2025-11-13 15:51:51 | INFO     | 
2025-11-13 15:51:51 | INFO     | Phase Input:
2025-11-13 15:51:51 | INFO     | ----------------------------------------
2025-11-13 15:51:51 | INFO     | Summary: Positioned scene
2025-11-13 15:51:51 | INFO     |   Type: Scene
2025-11-13 15:51:51 | INFO     | ----------------------------------------
2025-11-13 15:51:51 | INFO     | 
2025-11-13 15:51:51 | INFO     | Phase Output:
2025-11-13 15:51:51 | INFO     | ----------------------------------------
2025-11-13 15:51:51 | INFO     | Summary: Labels placed
2025-11-13 15:51:51 | INFO     | ----------------------------------------
2025-11-13 15:51:51 | INFO     | 
2025-11-13 15:51:51 | INFO     | Phase completed: SUCCESS
2025-11-13 15:51:51 | INFO     | Duration: 0.33ms
2025-11-13 15:51:51 | INFO     | ================================================================================
2025-11-13 15:51:51 | INFO     | 
2025-11-13 15:51:51 | INFO     | ================================================================================
2025-11-13 15:51:51 | INFO     | PHASE 8: Spatial Validation
2025-11-13 15:51:51 | INFO     | Description: Check for overlaps and positioning errors
2025-11-13 15:51:51 | INFO     | ================================================================================
2025-11-13 15:51:51 | INFO     | 
2025-11-13 15:51:51 | INFO     | Phase Input:
2025-11-13 15:51:51 | INFO     | ----------------------------------------
2025-11-13 15:51:51 | INFO     | Summary: Final positioned scene
2025-11-13 15:51:51 | INFO     |   Type: Scene
2025-11-13 15:51:51 | INFO     | ----------------------------------------
2025-11-13 15:51:51 | INFO     | 
2025-11-13 15:51:51 | INFO     | Phase Output:
2025-11-13 15:51:51 | INFO     | ----------------------------------------
2025-11-13 15:51:51 | INFO     | Summary: Errors: 4, Warnings: 3
2025-11-13 15:51:51 | INFO     |   errors: 4
2025-11-13 15:51:51 | INFO     |   warnings: 3
2025-11-13 15:51:51 | INFO     |   is_valid: False
2025-11-13 15:51:51 | INFO     | ----------------------------------------
2025-11-13 15:51:51 | INFO     | 
2025-11-13 15:51:51 | INFO     | Phase completed: SUCCESS
2025-11-13 15:51:51 | INFO     | Duration: 0.32ms
2025-11-13 15:51:51 | INFO     | ================================================================================
2025-11-13 15:51:51 | INFO     | 
2025-11-13 15:51:51 | INFO     | ================================================================================
2025-11-13 15:51:51 | INFO     | PHASE 9: Rendering
2025-11-13 15:51:51 | INFO     | Description: Generate SVG output
2025-11-13 15:51:51 | INFO     | ================================================================================
2025-11-13 15:51:51 | INFO     | 
2025-11-13 15:51:51 | INFO     | Phase Input:
2025-11-13 15:51:51 | INFO     | ----------------------------------------
2025-11-13 15:51:51 | INFO     | Summary: Positioned scene with 12 objects
2025-11-13 15:51:51 | INFO     |   Type: Scene
2025-11-13 15:51:51 | INFO     | ----------------------------------------
2025-11-13 15:51:51 | INFO     | 
2025-11-13 15:51:51 | INFO     | Phase Output:
2025-11-13 15:51:51 | INFO     | ----------------------------------------
2025-11-13 15:51:51 | INFO     | Summary: SVG generated (3,586 bytes)
2025-11-13 15:51:51 | INFO     |   svg_size: 3586
2025-11-13 15:51:51 | INFO     | ----------------------------------------
2025-11-13 15:51:51 | INFO     | 
2025-11-13 15:51:51 | INFO     | Phase completed: SUCCESS
2025-11-13 15:51:51 | INFO     | Duration: 0.53ms
2025-11-13 15:51:51 | INFO     | ================================================================================
2025-11-13 15:51:51 | INFO     | 
2025-11-13 15:51:51 | INFO     | ================================================================================
2025-11-13 15:51:51 | INFO     | PHASE 7: Validation Refinement
2025-11-13 15:51:51 | INFO     | Description: Iterative quality improvement
2025-11-13 15:51:51 | INFO     | ================================================================================
2025-11-13 15:51:51 | INFO     | 
2025-11-13 15:51:51 | INFO     | Phase Input:
2025-11-13 15:51:51 | INFO     | ----------------------------------------
2025-11-13 15:51:51 | INFO     | Summary: SVG and scene
2025-11-13 15:51:51 | INFO     |   svg_size: 3586
2025-11-13 15:51:51 | INFO     | ----------------------------------------
2025-11-13 15:51:51 | INFO     |   Validator error: 'Scene' object has no attribute 'relationships'
2025-11-13 15:51:51 | INFO     | 
2025-11-13 15:51:51 | INFO     | Phase Output:
2025-11-13 15:51:51 | INFO     | ----------------------------------------
2025-11-13 15:51:51 | INFO     | Summary: Refined 1 times
2025-11-13 15:51:51 | INFO     |   refinement_iterations: 1
2025-11-13 15:51:51 | INFO     |   overall_confidence: 0.0
2025-11-13 15:51:51 | INFO     |   issue_count: 0
2025-11-13 15:51:51 | INFO     |   suggestions: 0
2025-11-13 15:51:51 | INFO     | ----------------------------------------
2025-11-13 15:51:51 | INFO     | 
2025-11-13 15:51:51 | INFO     | Phase completed: SUCCESS
2025-11-13 15:51:51 | INFO     | Duration: 0.45ms
2025-11-13 15:51:51 | INFO     | ================================================================================
2025-11-13 15:51:51 | INFO     | 
2025-11-13 15:51:51 | INFO     | ================================================================================
2025-11-13 15:51:51 | INFO     | RESPONSE
2025-11-13 15:51:51 | INFO     | ================================================================================
2025-11-13 15:51:51 | INFO     | Status: SUCCESS
2025-11-13 15:51:51 | INFO     | Total Duration: 322252.08ms
2025-11-13 15:51:51 | INFO     | 
2025-11-13 15:51:51 | INFO     | Result Summary:
2025-11-13 15:51:51 | INFO     | 
2025-11-13 15:51:51 | INFO     | Full trace saved to: logs/req_20251113_154629.log
2025-11-13 15:51:51 | INFO     | ================================================================================
2025-11-13 15:51:51 | INFO     | Trace JSON saved to: logs/req_20251113_154629_trace.json
2025-11-13 15:52:29 | INFO     | ================================================================================
2025-11-13 15:52:29 | INFO     | NEW DIAGRAM GENERATION REQUEST
2025-11-13 15:52:29 | INFO     | ================================================================================
2025-11-13 15:52:29 | INFO     | Request ID: req_20251113_154629
2025-11-13 15:52:29 | INFO     | Problem Text Length: 366 characters
2025-11-13 15:52:29 | INFO     | 
2025-11-13 15:52:29 | INFO     | Problem Text:
2025-11-13 15:52:29 | INFO     | --------------------------------------------------------------------------------
2025-11-13 15:52:29 | INFO     |   A potential difference of 300 V is applied to a series connection of two capacitors
2025-11-13 15:52:29 | INFO     |   of capacitances C₁ = 2.00 μF and C₂ = 8.00 μF. The charged capacitors are then disconnected
2025-11-13 15:52:29 | INFO     |   from the battery and from each other. They are then reconnected with plates of the same signs
2025-11-13 15:52:29 | INFO     |   wired together (positive to positive, negative to negative). What is the charge on capacitor C₁?
2025-11-13 15:52:29 | INFO     | --------------------------------------------------------------------------------
2025-11-13 15:52:29 | INFO     | 
2025-11-13 15:52:29 | INFO     | Configuration:
2025-11-13 15:52:29 | INFO     |   canvas_width: 1200
2025-11-13 15:52:29 | INFO     |   canvas_height: 800
2025-11-13 15:52:29 | INFO     |   validation_mode: standard
2025-11-13 15:52:29 | INFO     |   active_features: ['Spatial Validation', 'Intelligent Label Placement', 'Property Graph', 'OpenIE', 'Stanza', 'SciBERT', 'ChemDataExtractor', 'MathBERT', 'AMR Parser', 'Diagram Planner', 'Model Orchestrator', 'Ontology Validation', 'Z3 Optimization', 'Structural Validator', 'Primitive Library (memory)', 'Request/Response Logging']
2025-11-13 15:52:29 | INFO     | 
2025-11-13 15:52:29 | INFO     | 
2025-11-13 15:52:29 | INFO     | ================================================================================
2025-11-13 15:52:29 | INFO     | PHASE 0: NLP Enrichment
2025-11-13 15:52:29 | INFO     | Description: Extract entities, relations, and scientific concepts
2025-11-13 15:52:29 | INFO     | ================================================================================
2025-11-13 15:52:29 | INFO     | 
2025-11-13 15:52:29 | INFO     | Phase Input:
2025-11-13 15:52:29 | INFO     | ----------------------------------------
2025-11-13 15:52:29 | INFO     | Summary: Problem text (366 chars)
2025-11-13 15:52:29 | INFO     |   Type: str
2025-11-13 15:52:29 | INFO     | ----------------------------------------
