2025-11-13 20:38:09 | INFO     | ================================================================================
2025-11-13 20:38:09 | INFO     | NEW DIAGRAM GENERATION REQUEST
2025-11-13 20:38:09 | INFO     | ================================================================================
2025-11-13 20:38:09 | INFO     | Request ID: req_20251113_203809
2025-11-13 20:38:09 | INFO     | Problem Text Length: 35 characters
2025-11-13 20:38:09 | INFO     | 
2025-11-13 20:38:09 | INFO     | Problem Text:
2025-11-13 20:38:09 | INFO     | --------------------------------------------------------------------------------
2025-11-13 20:38:09 | INFO     |   A circuit with battery and resistor
2025-11-13 20:38:09 | INFO     | --------------------------------------------------------------------------------
2025-11-13 20:38:09 | INFO     | 
2025-11-13 20:38:09 | INFO     | Configuration:
2025-11-13 20:38:09 | INFO     |   canvas_width: 1200
2025-11-13 20:38:09 | INFO     |   canvas_height: 800
2025-11-13 20:38:09 | INFO     |   validation_mode: standard
2025-11-13 20:38:09 | INFO     |   active_features: ['Spatial Validation', 'Intelligent Label Placement', 'Property Graph', 'OpenIE', 'Stanza', 'SciBERT', 'ChemDataExtractor', 'MathBERT', 'AMR Parser', 'Diagram Planner', 'Model Orchestrator', 'Primitive Library (memory)', 'Domain Modules (5)', 'Ontology Validation', 'Z3 Optimization', 'Structural Validator', 'Request/Response Logging']
2025-11-13 20:38:09 | INFO     | 
2025-11-13 20:38:09 | INFO     | 
2025-11-13 20:38:09 | INFO     | ================================================================================
2025-11-13 20:38:09 | INFO     | PHASE 0: NLP Enrichment
2025-11-13 20:38:09 | INFO     | Description: Extract entities, relations, and scientific concepts
2025-11-13 20:38:09 | INFO     | ================================================================================
2025-11-13 20:38:09 | INFO     | 
2025-11-13 20:38:09 | INFO     | Phase Input:
2025-11-13 20:38:09 | INFO     | ----------------------------------------
2025-11-13 20:38:09 | INFO     | Summary: Problem text (35 chars)
2025-11-13 20:38:09 | INFO     |   Type: str
2025-11-13 20:38:09 | INFO     | ----------------------------------------
2025-11-13 20:42:35 | INFO     | 
2025-11-13 20:42:35 | INFO     | Phase Output:
2025-11-13 20:42:35 | INFO     | ----------------------------------------
2025-11-13 20:42:35 | INFO     | Summary: Extracted data using 6 NLP tools
2025-11-13 20:42:35 | INFO     |   openie: dict
2025-11-13 20:42:35 | INFO     |   stanza: dict
2025-11-13 20:42:35 | INFO     |   scibert: dict
2025-11-13 20:42:35 | INFO     |   chemdataextractor: dict
2025-11-13 20:42:35 | INFO     |   mathbert: dict
2025-11-13 20:42:35 | INFO     |   amr: dict
2025-11-13 20:42:35 | INFO     | ----------------------------------------
2025-11-13 20:42:35 | INFO     | 
2025-11-13 20:42:35 | INFO     | Phase completed: SUCCESS
2025-11-13 20:42:35 | INFO     | Duration: 266148.97ms
2025-11-13 20:42:35 | INFO     | ================================================================================
2025-11-13 20:42:35 | INFO     | 
2025-11-13 20:42:35 | INFO     | ================================================================================
2025-11-13 20:42:35 | INFO     | PHASE 1: Property Graph Construction
2025-11-13 20:42:35 | INFO     | Description: Build knowledge graph from NLP results
2025-11-13 20:42:35 | INFO     | ================================================================================
2025-11-13 20:42:35 | INFO     | 
2025-11-13 20:42:35 | INFO     | Phase Input:
2025-11-13 20:42:35 | INFO     | ----------------------------------------
2025-11-13 20:42:35 | INFO     | Summary: NLP extraction results
2025-11-13 20:42:35 | INFO     |   openie: dict
2025-11-13 20:42:35 | INFO     |   stanza: dict
2025-11-13 20:42:35 | INFO     |   scibert: dict
2025-11-13 20:42:35 | INFO     |   chemdataextractor: dict
2025-11-13 20:42:35 | INFO     |   mathbert: dict
2025-11-13 20:42:35 | INFO     |   amr: dict
2025-11-13 20:42:35 | INFO     | ----------------------------------------
2025-11-13 20:42:35 | INFO     | 
2025-11-13 20:42:35 | INFO     | Phase Output:
2025-11-13 20:42:35 | INFO     | ----------------------------------------
2025-11-13 20:42:35 | INFO     | Summary: Built graph with 8 nodes from 5 sources
2025-11-13 20:42:35 | INFO     |   request_id: req_1763046489083_1
2025-11-13 20:42:35 | INFO     |   summary: dict
2025-11-13 20:42:35 | INFO     |   node_types: dict
2025-11-13 20:42:35 | INFO     |   edge_types: dict
2025-11-13 20:42:35 | INFO     |   nodes: [8 items]
2025-11-13 20:42:35 | INFO     |   edges: [8 items]
2025-11-13 20:42:35 | INFO     |   disk_persistence: dict
2025-11-13 20:42:35 | INFO     | ----------------------------------------
2025-11-13 20:42:35 | INFO     | 
2025-11-13 20:42:35 | INFO     | Phase completed: SUCCESS
2025-11-13 20:42:35 | INFO     | Duration: 3.36ms
2025-11-13 20:42:35 | INFO     | ================================================================================
2025-11-13 20:42:35 | INFO     | 
2025-11-13 20:42:35 | INFO     | ================================================================================
2025-11-13 20:42:35 | INFO     | PHASE 2: Diagram Planning (Property Graph-Driven)
2025-11-13 20:42:35 | INFO     | Description: Create diagram plan from property graph
2025-11-13 20:42:35 | INFO     | ================================================================================
2025-11-13 20:42:35 | INFO     | 
2025-11-13 20:42:35 | INFO     | Phase Input:
2025-11-13 20:42:35 | INFO     | ----------------------------------------
2025-11-13 20:42:35 | INFO     | Summary: Original request + Property graph
2025-11-13 20:42:35 | INFO     |   Type: str
2025-11-13 20:42:35 | INFO     | ----------------------------------------
2025-11-13 20:42:35 | INFO     | 
2025-11-13 20:42:35 | INFO     | Phase Output:
2025-11-13 20:42:35 | INFO     | ----------------------------------------
2025-11-13 20:42:35 | INFO     | Summary: Planning mode: property_graph_driven
2025-11-13 20:42:35 | INFO     |   planning_mode: property_graph_driven
2025-11-13 20:42:35 | INFO     |   domain: current_electricity
2025-11-13 20:42:35 | INFO     |   entity_count: 4
2025-11-13 20:42:35 | INFO     |   relation_count: 2
2025-11-13 20:42:35 | INFO     |   constraint_count: 10
2025-11-13 20:42:35 | INFO     |   complexity_score: 0.30000000000000004
2025-11-13 20:42:35 | INFO     |   z3_used: False
2025-11-13 20:42:35 | INFO     |   sympy_used: False
2025-11-13 20:42:35 | INFO     | ----------------------------------------
2025-11-13 20:42:35 | INFO     | 
2025-11-13 20:42:35 | INFO     | Phase completed: SUCCESS
2025-11-13 20:42:35 | INFO     | Duration: 322.41ms
2025-11-13 20:42:35 | INFO     | ================================================================================
2025-11-13 20:42:35 | INFO     | 
2025-11-13 20:42:35 | INFO     | ================================================================================
2025-11-13 20:42:35 | INFO     | PHASE 3: Scene Synthesis + Strategic Planning
2025-11-13 20:42:35 | INFO     | Description: Build scene graph and select strategy
2025-11-13 20:42:35 | INFO     | ================================================================================
2025-11-13 20:42:35 | INFO     | 
2025-11-13 20:42:35 | INFO     | Phase Input:
2025-11-13 20:42:35 | INFO     | ----------------------------------------
2025-11-13 20:42:35 | INFO     | Summary: Problem specs with 4 objects
2025-11-13 20:42:35 | INFO     |   Type: CanonicalProblemSpec
2025-11-13 20:42:35 | INFO     | ----------------------------------------
2025-11-13 20:42:35 | INFO     | 
2025-11-13 20:42:35 | INFO     | Phase Output:
2025-11-13 20:42:35 | INFO     | ----------------------------------------
2025-11-13 20:42:35 | INFO     | Summary: Scene with 7 objects
2025-11-13 20:42:35 | INFO     |   object_count: 7
2025-11-13 20:42:35 | INFO     |   selected_strategy: constraint_based
2025-11-13 20:42:35 | INFO     |   domain_modules: 1
2025-11-13 20:42:35 | INFO     |   diagram_plan: dict
2025-11-13 20:42:35 | INFO     | ----------------------------------------
2025-11-13 20:42:35 | INFO     | 
2025-11-13 20:42:35 | INFO     | Phase completed: SUCCESS
2025-11-13 20:42:35 | INFO     | Duration: 106.55ms
2025-11-13 20:42:35 | INFO     | ================================================================================
2025-11-13 20:42:35 | INFO     | 
2025-11-13 20:42:35 | INFO     | ================================================================================
2025-11-13 20:42:35 | INFO     | PHASE 3: Structural Consistency
2025-11-13 20:42:35 | INFO     | Description: Compare plan vs scene
2025-11-13 20:42:35 | INFO     | ================================================================================
2025-11-13 20:42:35 | INFO     | 
2025-11-13 20:42:35 | INFO     | Phase Input:
2025-11-13 20:42:35 | INFO     | ----------------------------------------
2025-11-13 20:42:35 | INFO     | Summary: Diagram Plan
2025-11-13 20:42:35 | INFO     |   entities: 4
2025-11-13 20:42:35 | INFO     | ----------------------------------------
2025-11-13 20:42:35 | INFO     | 
2025-11-13 20:42:35 | INFO     | Phase Output:
2025-11-13 20:42:35 | INFO     | ----------------------------------------
2025-11-13 20:42:35 | INFO     | Summary: Structural comparison report
2025-11-13 20:42:35 | INFO     |   missing_in_scene: [4 items]
2025-11-13 20:42:35 | INFO     |   extra_scene_objects: [7 items]
2025-11-13 20:42:35 | INFO     |   label_mismatches: [0 items]
2025-11-13 20:42:35 | INFO     |   relation_gaps: [2 items]
2025-11-13 20:42:35 | INFO     |   score: 0.0
2025-11-13 20:42:35 | INFO     | ----------------------------------------
2025-11-13 20:42:35 | INFO     | 
2025-11-13 20:42:35 | INFO     | Phase completed: SUCCESS
2025-11-13 20:42:35 | INFO     | Duration: 0.66ms
2025-11-13 20:42:35 | INFO     | ================================================================================
2025-11-13 20:42:35 | INFO     | 
2025-11-13 20:42:35 | INFO     | ================================================================================
2025-11-13 20:42:35 | INFO     | PHASE 4: Ontology Validation
2025-11-13 20:42:35 | INFO     | Description: Validate semantic consistency
2025-11-13 20:42:35 | INFO     | ================================================================================
2025-11-13 20:42:35 | INFO     | 
2025-11-13 20:42:35 | INFO     | Phase Input:
2025-11-13 20:42:35 | INFO     | ----------------------------------------
2025-11-13 20:42:35 | INFO     | Summary: Specs with 4 objects
2025-11-13 20:42:35 | INFO     |   Type: CanonicalProblemSpec
2025-11-13 20:42:35 | INFO     | ----------------------------------------
2025-11-13 20:42:35 | INFO     | 
2025-11-13 20:42:35 | INFO     | Phase Output:
2025-11-13 20:42:35 | INFO     | ----------------------------------------
2025-11-13 20:42:35 | INFO     | Summary: Consistent: True
2025-11-13 20:42:35 | INFO     |   source: property_graph
2025-11-13 20:42:35 | INFO     |   input_stats: dict
2025-11-13 20:42:35 | INFO     |   consistent: True
2025-11-13 20:42:35 | INFO     |   errors: [0 items]
2025-11-13 20:42:35 | INFO     |   warnings: [44 items]
2025-11-13 20:42:35 | INFO     |   inferences: 0
2025-11-13 20:42:35 | INFO     | ----------------------------------------
2025-11-13 20:42:35 | INFO     | 
2025-11-13 20:42:35 | INFO     | Phase completed: SUCCESS
2025-11-13 20:42:35 | INFO     | Duration: 44.76ms
2025-11-13 20:42:35 | INFO     | ================================================================================
2025-11-13 20:42:35 | INFO     | 
2025-11-13 20:42:35 | INFO     | ================================================================================
2025-11-13 20:42:35 | INFO     | PHASE 5: Physics Validation
2025-11-13 20:42:35 | INFO     | Description: Validate physics constraints and relationships
2025-11-13 20:42:35 | INFO     | ================================================================================
2025-11-13 20:42:35 | INFO     | 
2025-11-13 20:42:35 | INFO     | Phase Input:
2025-11-13 20:42:35 | INFO     | ----------------------------------------
2025-11-13 20:42:35 | INFO     | Summary: Scene with 7 objects
2025-11-13 20:42:35 | INFO     |   Type: Scene
2025-11-13 20:42:35 | INFO     | ----------------------------------------
2025-11-13 20:42:35 | INFO     | 
2025-11-13 20:42:35 | INFO     | Phase Output:
2025-11-13 20:42:35 | INFO     | ----------------------------------------
2025-11-13 20:42:35 | INFO     | Summary: Errors: 1, Warnings: 12
2025-11-13 20:42:35 | INFO     |   errors: 1
2025-11-13 20:42:35 | INFO     |   warnings: 12
2025-11-13 20:42:35 | INFO     | ----------------------------------------
2025-11-13 20:42:35 | INFO     | 
2025-11-13 20:42:35 | INFO     | Phase completed: SUCCESS
2025-11-13 20:42:35 | INFO     | Duration: 0.50ms
2025-11-13 20:42:35 | INFO     | ================================================================================
2025-11-13 20:42:35 | INFO     | 
2025-11-13 20:42:35 | INFO     | ================================================================================
2025-11-13 20:42:35 | INFO     | PHASE 5: Domain Rule Validation
2025-11-13 20:42:35 | INFO     | Description: Run Kirchhoff/Newton/Geometry checks
2025-11-13 20:42:35 | INFO     | ================================================================================
2025-11-13 20:42:35 | INFO     | 
2025-11-13 20:42:35 | INFO     | Phase Input:
2025-11-13 20:42:35 | INFO     | ----------------------------------------
2025-11-13 20:42:35 | INFO     | Summary: Domain context
2025-11-13 20:42:35 | INFO     |   domain: current_electricity
2025-11-13 20:42:35 | INFO     | ----------------------------------------
2025-11-13 20:42:35 | INFO     | 
2025-11-13 20:42:35 | INFO     | Phase Output:
2025-11-13 20:42:35 | INFO     | ----------------------------------------
2025-11-13 20:42:35 | INFO     | Summary: Domain rule evaluation
2025-11-13 20:42:35 | INFO     |   domain: current_electricity
2025-11-13 20:42:35 | INFO     |   checks: [2 items]
2025-11-13 20:42:35 | INFO     |   errors: 2
2025-11-13 20:42:35 | INFO     |   warnings: 0
2025-11-13 20:42:35 | INFO     | ----------------------------------------
2025-11-13 20:42:35 | INFO     | 
2025-11-13 20:42:35 | INFO     | Phase completed: SUCCESS
2025-11-13 20:42:35 | INFO     | Duration: 0.33ms
2025-11-13 20:42:35 | INFO     | ================================================================================
2025-11-13 20:42:35 | INFO     | 
2025-11-13 20:42:35 | INFO     | ================================================================================
2025-11-13 20:42:35 | INFO     | PHASE 6: Layout Optimization + Z3/SymPy
2025-11-13 20:42:35 | INFO     | Description: Compute optimal object positions
2025-11-13 20:42:35 | INFO     | ================================================================================
2025-11-13 20:42:35 | INFO     | 
2025-11-13 20:42:35 | INFO     | Phase Input:
2025-11-13 20:42:35 | INFO     | ----------------------------------------
2025-11-13 20:42:35 | INFO     | Summary: Scene with 7 unpositioned objects
2025-11-13 20:42:35 | INFO     |   Type: Scene
2025-11-13 20:42:35 | INFO     | ----------------------------------------
2025-11-13 20:42:35 | INFO     | 
2025-11-13 20:42:35 | INFO     | Phase Output:
2025-11-13 20:42:35 | INFO     | ----------------------------------------
2025-11-13 20:42:35 | INFO     | Summary: Positioned 7 objects
2025-11-13 20:42:35 | INFO     |   object_count: 7
2025-11-13 20:42:35 | INFO     |   z3_used: False
2025-11-13 20:42:35 | INFO     |   sympy_used: False
2025-11-13 20:42:35 | INFO     |   pre_solver_positions: 0
2025-11-13 20:42:35 | INFO     |   model_strategy: constraint_solver
2025-11-13 20:42:35 | INFO     |   model_orchestrator: dict
2025-11-13 20:42:35 | INFO     | ----------------------------------------
2025-11-13 20:42:35 | INFO     | 
2025-11-13 20:42:35 | INFO     | Phase completed: SUCCESS
2025-11-13 20:42:35 | INFO     | Duration: 41.25ms
2025-11-13 20:42:35 | INFO     | ================================================================================
2025-11-13 20:42:35 | INFO     | 
2025-11-13 20:42:35 | INFO     | ================================================================================
2025-11-13 20:42:35 | INFO     | PHASE 7: Intelligent Label Placement
2025-11-13 20:42:35 | INFO     | Description: Optimize label positions to avoid overlaps
2025-11-13 20:42:35 | INFO     | ================================================================================
2025-11-13 20:42:35 | INFO     | 
2025-11-13 20:42:35 | INFO     | Phase Input:
2025-11-13 20:42:35 | INFO     | ----------------------------------------
2025-11-13 20:42:35 | INFO     | Summary: Positioned scene
2025-11-13 20:42:35 | INFO     |   Type: Scene
2025-11-13 20:42:35 | INFO     | ----------------------------------------
2025-11-13 20:42:35 | INFO     | 
2025-11-13 20:42:35 | INFO     | Phase Output:
2025-11-13 20:42:35 | INFO     | ----------------------------------------
2025-11-13 20:42:35 | INFO     | Summary: Labels placed
2025-11-13 20:42:35 | INFO     | ----------------------------------------
2025-11-13 20:42:35 | INFO     | 
2025-11-13 20:42:35 | INFO     | Phase completed: SUCCESS
2025-11-13 20:42:35 | INFO     | Duration: 0.58ms
2025-11-13 20:42:35 | INFO     | ================================================================================
2025-11-13 20:42:35 | INFO     | 
2025-11-13 20:42:35 | INFO     | ================================================================================
2025-11-13 20:42:35 | INFO     | PHASE 8: Spatial Validation
2025-11-13 20:42:35 | INFO     | Description: Check for overlaps and positioning errors
2025-11-13 20:42:35 | INFO     | ================================================================================
2025-11-13 20:42:35 | INFO     | 
2025-11-13 20:42:35 | INFO     | Phase Input:
2025-11-13 20:42:35 | INFO     | ----------------------------------------
2025-11-13 20:42:35 | INFO     | Summary: Final positioned scene
2025-11-13 20:42:35 | INFO     |   Type: Scene
2025-11-13 20:42:35 | INFO     | ----------------------------------------
2025-11-13 20:42:35 | INFO     | 
2025-11-13 20:42:35 | INFO     | Phase Output:
2025-11-13 20:42:35 | INFO     | ----------------------------------------
2025-11-13 20:42:35 | INFO     | Summary: Errors: 0, Warnings: 5
2025-11-13 20:42:35 | INFO     |   errors: 0
2025-11-13 20:42:35 | INFO     |   warnings: 5
2025-11-13 20:42:35 | INFO     |   is_valid: True
2025-11-13 20:42:35 | INFO     | ----------------------------------------
2025-11-13 20:42:35 | INFO     | 
2025-11-13 20:42:35 | INFO     | Phase completed: SUCCESS
2025-11-13 20:42:35 | INFO     | Duration: 0.82ms
2025-11-13 20:42:35 | INFO     | ================================================================================
2025-11-13 20:42:35 | INFO     | 
2025-11-13 20:42:35 | INFO     | ================================================================================
2025-11-13 20:42:35 | INFO     | PHASE 9: Rendering
2025-11-13 20:42:35 | INFO     | Description: Generate SVG output
2025-11-13 20:42:35 | INFO     | ================================================================================
2025-11-13 20:42:35 | INFO     | 
2025-11-13 20:42:35 | INFO     | Phase Input:
2025-11-13 20:42:35 | INFO     | ----------------------------------------
2025-11-13 20:42:35 | INFO     | Summary: Positioned scene with 7 objects
2025-11-13 20:42:35 | INFO     |   Type: Scene
2025-11-13 20:42:35 | INFO     | ----------------------------------------
2025-11-13 20:42:35 | INFO     | 
2025-11-13 20:42:35 | INFO     | Phase Output:
2025-11-13 20:42:35 | INFO     | ----------------------------------------
2025-11-13 20:42:35 | INFO     | Summary: SVG generated (2,762 bytes)
2025-11-13 20:42:35 | INFO     |   svg_size: 2762
2025-11-13 20:42:35 | INFO     | ----------------------------------------
2025-11-13 20:42:35 | INFO     | 
2025-11-13 20:42:35 | INFO     | Phase completed: SUCCESS
2025-11-13 20:42:35 | INFO     | Duration: 1.01ms
2025-11-13 20:42:35 | INFO     | ================================================================================
2025-11-13 20:42:35 | INFO     | 
2025-11-13 20:42:35 | INFO     | ================================================================================
2025-11-13 20:42:35 | INFO     | PHASE 7: Validation Refinement
2025-11-13 20:42:35 | INFO     | Description: Iterative quality improvement
2025-11-13 20:42:35 | INFO     | ================================================================================
2025-11-13 20:42:35 | INFO     | 
2025-11-13 20:42:35 | INFO     | Phase Input:
2025-11-13 20:42:35 | INFO     | ----------------------------------------
2025-11-13 20:42:35 | INFO     | Summary: SVG and scene
2025-11-13 20:42:35 | INFO     |   svg_size: 2762
2025-11-13 20:42:35 | INFO     | ----------------------------------------
2025-11-13 20:42:35 | INFO     |   Refinement error: 'dict' object has no attribute 'x'
2025-11-13 20:42:35 | INFO     | 
2025-11-13 20:42:35 | INFO     | Phase completed: SKIPPED
2025-11-13 20:42:35 | INFO     | Duration: 0.50ms
2025-11-13 20:42:35 | INFO     | ================================================================================
2025-11-13 20:42:35 | INFO     | 
2025-11-13 20:42:35 | INFO     | ================================================================================
2025-11-13 20:42:35 | INFO     | RESPONSE
2025-11-13 20:42:35 | INFO     | ================================================================================
2025-11-13 20:42:35 | INFO     | Status: SUCCESS
2025-11-13 20:42:35 | INFO     | Total Duration: 266673.80ms
2025-11-13 20:42:35 | INFO     | 
2025-11-13 20:42:35 | INFO     | Result Summary:
2025-11-13 20:42:35 | INFO     | 
2025-11-13 20:42:35 | INFO     | Full trace saved to: logs/req_20251113_203809.log
2025-11-13 20:42:35 | INFO     | ================================================================================
2025-11-13 20:42:35 | INFO     | Trace JSON saved to: logs/req_20251113_203809_trace.json
