2025-11-12 07:33:34 | INFO     | ================================================================================
2025-11-12 07:33:34 | INFO     | NEW DIAGRAM GENERATION REQUEST
2025-11-12 07:33:34 | INFO     | ================================================================================
2025-11-12 07:33:34 | INFO     | Request ID: req_20251112_073334
2025-11-12 07:33:34 | INFO     | Problem Text Length: 99 characters
2025-11-12 07:33:34 | INFO     | 
2025-11-12 07:33:34 | INFO     | Problem Text:
2025-11-12 07:33:34 | INFO     | --------------------------------------------------------------------------------
2025-11-12 07:33:34 | INFO     |   
2025-11-12 07:33:34 | INFO     |   A parallel-plate capacitor has charge q and plate area A.
2025-11-12 07:33:34 | INFO     |   The plates are separated by distance x.
2025-11-12 07:33:34 | INFO     |   
2025-11-12 07:33:34 | INFO     | --------------------------------------------------------------------------------
2025-11-12 07:33:34 | INFO     | 
2025-11-12 07:33:34 | INFO     | Configuration:
2025-11-12 07:33:34 | INFO     |   canvas_width: 1200
2025-11-12 07:33:34 | INFO     |   canvas_height: 800
2025-11-12 07:33:34 | INFO     |   validation_mode: warn
2025-11-12 07:33:34 | INFO     |   active_features: ['Spatial Validation', 'Intelligent Label Placement', 'Property Graph', 'OpenIE', 'ChemDataExtractor', 'MathBERT', 'AMR Parser', 'Diagram Planner', 'Model Orchestrator', 'Z3 Optimization', 'Structural Validator', 'VLM Validator', 'Request/Response Logging']
2025-11-12 07:33:34 | INFO     | 
2025-11-12 07:33:34 | INFO     | 
2025-11-12 07:33:34 | INFO     | ================================================================================
2025-11-12 07:33:34 | INFO     | PHASE 0: NLP Enrichment
2025-11-12 07:33:34 | INFO     | Description: Extract entities, relations, and scientific concepts
2025-11-12 07:33:34 | INFO     | ================================================================================
2025-11-12 07:33:34 | INFO     | 
2025-11-12 07:33:34 | INFO     | Phase Input:
2025-11-12 07:33:34 | INFO     | ----------------------------------------
2025-11-12 07:33:34 | INFO     | Summary: Problem text (99 chars)
2025-11-12 07:33:34 | INFO     |   Type: str
2025-11-12 07:33:34 | INFO     | ----------------------------------------
