2025-11-13 20:30:53 | INFO     | ================================================================================
2025-11-13 20:30:53 | INFO     | NEW DIAGRAM GENERATION REQUEST
2025-11-13 20:30:53 | INFO     | ================================================================================
2025-11-13 20:30:53 | INFO     | Request ID: req_20251113_203053
2025-11-13 20:30:53 | INFO     | Problem Text Length: 35 characters
2025-11-13 20:30:53 | INFO     | 
2025-11-13 20:30:53 | INFO     | Problem Text:
2025-11-13 20:30:53 | INFO     | --------------------------------------------------------------------------------
2025-11-13 20:30:53 | INFO     |   A circuit with battery and resistor
2025-11-13 20:30:53 | INFO     | --------------------------------------------------------------------------------
2025-11-13 20:30:53 | INFO     | 
2025-11-13 20:30:53 | INFO     | Configuration:
2025-11-13 20:30:53 | INFO     |   canvas_width: 1200
2025-11-13 20:30:53 | INFO     |   canvas_height: 800
2025-11-13 20:30:53 | INFO     |   validation_mode: standard
2025-11-13 20:30:53 | INFO     |   active_features: ['Spatial Validation', 'Intelligent Label Placement', 'Property Graph', 'OpenIE', 'Stanza', 'SciBERT', 'ChemDataExtractor', 'MathBERT', 'AMR Parser', 'Diagram Planner', 'Model Orchestrator', 'Primitive Library (memory)', 'Domain Modules (5)', 'Ontology Validation', 'Z3 Optimization', 'Structural Validator', 'Request/Response Logging']
2025-11-13 20:30:53 | INFO     | 
2025-11-13 20:30:53 | INFO     | 
2025-11-13 20:30:53 | INFO     | ================================================================================
2025-11-13 20:30:53 | INFO     | PHASE 0: NLP Enrichment
2025-11-13 20:30:53 | INFO     | Description: Extract entities, relations, and scientific concepts
2025-11-13 20:30:53 | INFO     | ================================================================================
2025-11-13 20:30:53 | INFO     | 
2025-11-13 20:30:53 | INFO     | Phase Input:
2025-11-13 20:30:53 | INFO     | ----------------------------------------
2025-11-13 20:30:53 | INFO     | Summary: Problem text (35 chars)
2025-11-13 20:30:53 | INFO     |   Type: str
2025-11-13 20:30:53 | INFO     | ----------------------------------------
2025-11-13 20:33:31 | INFO     | 
2025-11-13 20:33:31 | INFO     | Phase Output:
2025-11-13 20:33:31 | INFO     | ----------------------------------------
2025-11-13 20:33:31 | INFO     | Summary: Extracted data using 6 NLP tools
2025-11-13 20:33:31 | INFO     |   openie: dict
2025-11-13 20:33:31 | INFO     |   stanza: dict
2025-11-13 20:33:31 | INFO     |   scibert: dict
2025-11-13 20:33:31 | INFO     |   chemdataextractor: dict
2025-11-13 20:33:31 | INFO     |   mathbert: dict
2025-11-13 20:33:31 | INFO     |   amr: dict
2025-11-13 20:33:31 | INFO     | ----------------------------------------
2025-11-13 20:33:31 | INFO     | 
2025-11-13 20:33:31 | INFO     | Phase completed: SUCCESS
2025-11-13 20:33:31 | INFO     | Duration: 157570.20ms
2025-11-13 20:33:31 | INFO     | ================================================================================
2025-11-13 20:33:31 | INFO     | 
2025-11-13 20:33:31 | INFO     | ================================================================================
2025-11-13 20:33:31 | INFO     | PHASE 1: Property Graph Construction
2025-11-13 20:33:31 | INFO     | Description: Build knowledge graph from NLP results
2025-11-13 20:33:31 | INFO     | ================================================================================
2025-11-13 20:33:31 | INFO     | 
2025-11-13 20:33:31 | INFO     | Phase Input:
2025-11-13 20:33:31 | INFO     | ----------------------------------------
2025-11-13 20:33:31 | INFO     | Summary: NLP extraction results
2025-11-13 20:33:31 | INFO     |   openie: dict
2025-11-13 20:33:31 | INFO     |   stanza: dict
2025-11-13 20:33:31 | INFO     |   scibert: dict
2025-11-13 20:33:31 | INFO     |   chemdataextractor: dict
2025-11-13 20:33:31 | INFO     |   mathbert: dict
2025-11-13 20:33:31 | INFO     |   amr: dict
2025-11-13 20:33:31 | INFO     | ----------------------------------------
2025-11-13 20:33:31 | INFO     | 
2025-11-13 20:33:31 | INFO     | Phase Output:
2025-11-13 20:33:31 | INFO     | ----------------------------------------
2025-11-13 20:33:31 | INFO     | Summary: Built graph with 8 nodes from 5 sources
2025-11-13 20:33:31 | INFO     |   request_id: req_1763046053857_1
2025-11-13 20:33:31 | INFO     |   summary: dict
2025-11-13 20:33:31 | INFO     |   node_types: dict
2025-11-13 20:33:31 | INFO     |   edge_types: dict
2025-11-13 20:33:31 | INFO     |   nodes: [8 items]
2025-11-13 20:33:31 | INFO     |   edges: [8 items]
2025-11-13 20:33:31 | INFO     |   disk_persistence: dict
2025-11-13 20:33:31 | INFO     | ----------------------------------------
2025-11-13 20:33:31 | INFO     | 
2025-11-13 20:33:31 | INFO     | Phase completed: SUCCESS
2025-11-13 20:33:31 | INFO     | Duration: 3.50ms
2025-11-13 20:33:31 | INFO     | ================================================================================
2025-11-13 20:33:31 | INFO     | 
2025-11-13 20:33:31 | INFO     | ================================================================================
2025-11-13 20:33:31 | INFO     | PHASE 2: Diagram Planning (Property Graph-Driven)
2025-11-13 20:33:31 | INFO     | Description: Create diagram plan from property graph
2025-11-13 20:33:31 | INFO     | ================================================================================
2025-11-13 20:33:31 | INFO     | 
2025-11-13 20:33:31 | INFO     | Phase Input:
2025-11-13 20:33:31 | INFO     | ----------------------------------------
2025-11-13 20:33:31 | INFO     | Summary: Original request + Property graph
2025-11-13 20:33:31 | INFO     |   Type: str
2025-11-13 20:33:31 | INFO     | ----------------------------------------
2025-11-13 20:33:31 | INFO     | 
2025-11-13 20:33:31 | INFO     | Phase Output:
2025-11-13 20:33:31 | INFO     | ----------------------------------------
2025-11-13 20:33:31 | INFO     | Summary: Planning mode: property_graph_driven
2025-11-13 20:33:31 | INFO     |   planning_mode: property_graph_driven
2025-11-13 20:33:31 | INFO     |   domain: current_electricity
2025-11-13 20:33:31 | INFO     |   entity_count: 4
2025-11-13 20:33:31 | INFO     |   relation_count: 2
2025-11-13 20:33:31 | INFO     |   constraint_count: 10
2025-11-13 20:33:31 | INFO     |   complexity_score: 0.30000000000000004
2025-11-13 20:33:31 | INFO     |   z3_used: False
2025-11-13 20:33:31 | INFO     |   sympy_used: False
2025-11-13 20:33:31 | INFO     | ----------------------------------------
2025-11-13 20:33:31 | INFO     | 
2025-11-13 20:33:31 | INFO     | Phase completed: SUCCESS
2025-11-13 20:33:31 | INFO     | Duration: 287.07ms
2025-11-13 20:33:31 | INFO     | ================================================================================
2025-11-13 20:33:31 | INFO     | 
2025-11-13 20:33:31 | INFO     | ================================================================================
2025-11-13 20:33:31 | INFO     | PHASE 3: Scene Synthesis + Strategic Planning
2025-11-13 20:33:31 | INFO     | Description: Build scene graph and select strategy
2025-11-13 20:33:31 | INFO     | ================================================================================
2025-11-13 20:33:31 | INFO     | 
2025-11-13 20:33:31 | INFO     | Phase Input:
2025-11-13 20:33:31 | INFO     | ----------------------------------------
2025-11-13 20:33:31 | INFO     | Summary: Problem specs with 4 objects
2025-11-13 20:33:31 | INFO     |   Type: CanonicalProblemSpec
2025-11-13 20:33:31 | INFO     | ----------------------------------------
2025-11-13 20:33:31 | INFO     | 
2025-11-13 20:33:31 | INFO     | Phase Output:
2025-11-13 20:33:31 | INFO     | ----------------------------------------
2025-11-13 20:33:31 | INFO     | Summary: Scene with 7 objects
2025-11-13 20:33:31 | INFO     |   object_count: 7
2025-11-13 20:33:31 | INFO     |   selected_strategy: constraint_based
2025-11-13 20:33:31 | INFO     |   domain_modules: 1
2025-11-13 20:33:31 | INFO     |   diagram_plan: dict
2025-11-13 20:33:31 | INFO     | ----------------------------------------
2025-11-13 20:33:31 | INFO     | 
2025-11-13 20:33:31 | INFO     | Phase completed: SUCCESS
2025-11-13 20:33:31 | INFO     | Duration: 89.29ms
2025-11-13 20:33:31 | INFO     | ================================================================================
2025-11-13 20:33:31 | INFO     | 
2025-11-13 20:33:31 | INFO     | ================================================================================
2025-11-13 20:33:31 | INFO     | PHASE 3: Structural Consistency
2025-11-13 20:33:31 | INFO     | Description: Compare plan vs scene
2025-11-13 20:33:31 | INFO     | ================================================================================
2025-11-13 20:33:31 | INFO     | 
2025-11-13 20:33:31 | INFO     | Phase Input:
2025-11-13 20:33:31 | INFO     | ----------------------------------------
2025-11-13 20:33:31 | INFO     | Summary: Diagram Plan
2025-11-13 20:33:31 | INFO     |   entities: 4
2025-11-13 20:33:31 | INFO     | ----------------------------------------
2025-11-13 20:33:31 | INFO     | 
2025-11-13 20:33:31 | INFO     | Phase Output:
2025-11-13 20:33:31 | INFO     | ----------------------------------------
2025-11-13 20:33:31 | INFO     | Summary: Structural comparison report
2025-11-13 20:33:31 | INFO     |   missing_in_scene: [4 items]
2025-11-13 20:33:31 | INFO     |   extra_scene_objects: [7 items]
2025-11-13 20:33:31 | INFO     |   label_mismatches: [0 items]
2025-11-13 20:33:31 | INFO     |   relation_gaps: [2 items]
2025-11-13 20:33:31 | INFO     |   score: 0.0
2025-11-13 20:33:31 | INFO     | ----------------------------------------
2025-11-13 20:33:31 | INFO     | 
2025-11-13 20:33:31 | INFO     | Phase completed: SUCCESS
2025-11-13 20:33:31 | INFO     | Duration: 0.28ms
2025-11-13 20:33:31 | INFO     | ================================================================================
2025-11-13 20:33:31 | INFO     | 
2025-11-13 20:33:31 | INFO     | ================================================================================
2025-11-13 20:33:31 | INFO     | PHASE 4: Ontology Validation
2025-11-13 20:33:31 | INFO     | Description: Validate semantic consistency
2025-11-13 20:33:31 | INFO     | ================================================================================
2025-11-13 20:33:31 | INFO     | 
2025-11-13 20:33:31 | INFO     | Phase Input:
2025-11-13 20:33:31 | INFO     | ----------------------------------------
2025-11-13 20:33:31 | INFO     | Summary: Specs with 4 objects
2025-11-13 20:33:31 | INFO     |   Type: CanonicalProblemSpec
2025-11-13 20:33:31 | INFO     | ----------------------------------------
2025-11-13 20:33:31 | INFO     | 
2025-11-13 20:33:31 | INFO     | Phase Output:
2025-11-13 20:33:31 | INFO     | ----------------------------------------
2025-11-13 20:33:31 | INFO     | Summary: Consistent: True
2025-11-13 20:33:31 | INFO     |   source: property_graph
2025-11-13 20:33:31 | INFO     |   input_stats: dict
2025-11-13 20:33:31 | INFO     |   consistent: True
2025-11-13 20:33:31 | INFO     |   errors: [0 items]
2025-11-13 20:33:31 | INFO     |   warnings: [44 items]
2025-11-13 20:33:31 | INFO     |   inferences: 0
2025-11-13 20:33:31 | INFO     | ----------------------------------------
2025-11-13 20:33:31 | INFO     | 
2025-11-13 20:33:31 | INFO     | Phase completed: SUCCESS
2025-11-13 20:33:31 | INFO     | Duration: 39.37ms
2025-11-13 20:33:31 | INFO     | ================================================================================
2025-11-13 20:33:31 | INFO     | 
2025-11-13 20:33:31 | INFO     | ================================================================================
2025-11-13 20:33:31 | INFO     | PHASE 5: Physics Validation
2025-11-13 20:33:31 | INFO     | Description: Validate physics constraints and relationships
2025-11-13 20:33:31 | INFO     | ================================================================================
2025-11-13 20:33:31 | INFO     | 
2025-11-13 20:33:31 | INFO     | Phase Input:
2025-11-13 20:33:31 | INFO     | ----------------------------------------
2025-11-13 20:33:31 | INFO     | Summary: Scene with 7 objects
2025-11-13 20:33:31 | INFO     |   Type: Scene
2025-11-13 20:33:31 | INFO     | ----------------------------------------
2025-11-13 20:33:31 | INFO     | 
2025-11-13 20:33:31 | INFO     | Phase Output:
2025-11-13 20:33:31 | INFO     | ----------------------------------------
2025-11-13 20:33:31 | INFO     | Summary: Errors: 1, Warnings: 12
2025-11-13 20:33:31 | INFO     |   errors: 1
2025-11-13 20:33:31 | INFO     |   warnings: 12
2025-11-13 20:33:31 | INFO     | ----------------------------------------
2025-11-13 20:33:31 | INFO     | 
2025-11-13 20:33:31 | INFO     | Phase completed: SUCCESS
2025-11-13 20:33:31 | INFO     | Duration: 0.51ms
2025-11-13 20:33:31 | INFO     | ================================================================================
2025-11-13 20:33:31 | INFO     | 
2025-11-13 20:33:31 | INFO     | ================================================================================
2025-11-13 20:33:31 | INFO     | PHASE 5: Domain Rule Validation
2025-11-13 20:33:31 | INFO     | Description: Run Kirchhoff/Newton/Geometry checks
2025-11-13 20:33:31 | INFO     | ================================================================================
2025-11-13 20:33:31 | INFO     | 
2025-11-13 20:33:31 | INFO     | Phase Input:
2025-11-13 20:33:31 | INFO     | ----------------------------------------
2025-11-13 20:33:31 | INFO     | Summary: Domain context
2025-11-13 20:33:31 | INFO     |   domain: current_electricity
2025-11-13 20:33:31 | INFO     | ----------------------------------------
2025-11-13 20:33:31 | INFO     | 
2025-11-13 20:33:31 | INFO     | Phase Output:
2025-11-13 20:33:31 | INFO     | ----------------------------------------
2025-11-13 20:33:31 | INFO     | Summary: Domain rule evaluation
2025-11-13 20:33:31 | INFO     |   domain: current_electricity
2025-11-13 20:33:31 | INFO     |   checks: [2 items]
2025-11-13 20:33:31 | INFO     |   errors: 2
2025-11-13 20:33:31 | INFO     |   warnings: 0
2025-11-13 20:33:31 | INFO     | ----------------------------------------
2025-11-13 20:33:31 | INFO     | 
2025-11-13 20:33:31 | INFO     | Phase completed: SUCCESS
2025-11-13 20:33:31 | INFO     | Duration: 0.35ms
2025-11-13 20:33:31 | INFO     | ================================================================================
2025-11-13 20:33:31 | INFO     | 
2025-11-13 20:33:31 | INFO     | ================================================================================
2025-11-13 20:33:31 | INFO     | PHASE 6: Layout Optimization + Z3/SymPy
2025-11-13 20:33:31 | INFO     | Description: Compute optimal object positions
2025-11-13 20:33:31 | INFO     | ================================================================================
2025-11-13 20:33:31 | INFO     | 
2025-11-13 20:33:31 | INFO     | Phase Input:
2025-11-13 20:33:31 | INFO     | ----------------------------------------
2025-11-13 20:33:31 | INFO     | Summary: Scene with 7 unpositioned objects
2025-11-13 20:33:31 | INFO     |   Type: Scene
2025-11-13 20:33:31 | INFO     | ----------------------------------------
2025-11-13 20:33:31 | INFO     | 
2025-11-13 20:33:31 | INFO     | Phase Output:
2025-11-13 20:33:31 | INFO     | ----------------------------------------
2025-11-13 20:33:31 | INFO     | Summary: Positioned 7 objects
2025-11-13 20:33:31 | INFO     |   object_count: 7
2025-11-13 20:33:31 | INFO     |   z3_used: False
2025-11-13 20:33:31 | INFO     |   sympy_used: False
2025-11-13 20:33:31 | INFO     |   pre_solver_positions: 0
2025-11-13 20:33:31 | INFO     |   model_strategy: constraint_solver
2025-11-13 20:33:31 | INFO     |   model_orchestrator: dict
2025-11-13 20:33:31 | INFO     | ----------------------------------------
2025-11-13 20:33:31 | INFO     | 
2025-11-13 20:33:31 | INFO     | Phase completed: SUCCESS
2025-11-13 20:33:31 | INFO     | Duration: 39.22ms
2025-11-13 20:33:31 | INFO     | ================================================================================
2025-11-13 20:33:31 | INFO     | 
2025-11-13 20:33:31 | INFO     | ================================================================================
2025-11-13 20:33:31 | INFO     | PHASE 7: Intelligent Label Placement
2025-11-13 20:33:31 | INFO     | Description: Optimize label positions to avoid overlaps
2025-11-13 20:33:31 | INFO     | ================================================================================
2025-11-13 20:33:31 | INFO     | 
2025-11-13 20:33:31 | INFO     | Phase Input:
2025-11-13 20:33:31 | INFO     | ----------------------------------------
2025-11-13 20:33:31 | INFO     | Summary: Positioned scene
2025-11-13 20:33:31 | INFO     |   Type: Scene
2025-11-13 20:33:31 | INFO     | ----------------------------------------
2025-11-13 20:33:31 | INFO     | 
2025-11-13 20:33:31 | INFO     | Phase Output:
2025-11-13 20:33:31 | INFO     | ----------------------------------------
2025-11-13 20:33:31 | INFO     | Summary: Labels placed
2025-11-13 20:33:31 | INFO     | ----------------------------------------
2025-11-13 20:33:31 | INFO     | 
2025-11-13 20:33:31 | INFO     | Phase completed: SUCCESS
2025-11-13 20:33:31 | INFO     | Duration: 0.28ms
2025-11-13 20:33:31 | INFO     | ================================================================================
2025-11-13 20:33:31 | INFO     | 
2025-11-13 20:33:31 | INFO     | ================================================================================
2025-11-13 20:33:31 | INFO     | PHASE 8: Spatial Validation
2025-11-13 20:33:31 | INFO     | Description: Check for overlaps and positioning errors
2025-11-13 20:33:31 | INFO     | ================================================================================
2025-11-13 20:33:31 | INFO     | 
2025-11-13 20:33:31 | INFO     | Phase Input:
2025-11-13 20:33:31 | INFO     | ----------------------------------------
2025-11-13 20:33:31 | INFO     | Summary: Final positioned scene
2025-11-13 20:33:31 | INFO     |   Type: Scene
2025-11-13 20:33:31 | INFO     | ----------------------------------------
2025-11-13 20:33:31 | INFO     | 
2025-11-13 20:33:31 | INFO     | Phase Output:
2025-11-13 20:33:31 | INFO     | ----------------------------------------
2025-11-13 20:33:31 | INFO     | Summary: Errors: 0, Warnings: 5
2025-11-13 20:33:31 | INFO     |   errors: 0
2025-11-13 20:33:31 | INFO     |   warnings: 5
2025-11-13 20:33:31 | INFO     |   is_valid: True
2025-11-13 20:33:31 | INFO     | ----------------------------------------
2025-11-13 20:33:31 | INFO     | 
2025-11-13 20:33:31 | INFO     | Phase completed: SUCCESS
2025-11-13 20:33:31 | INFO     | Duration: 0.32ms
2025-11-13 20:33:31 | INFO     | ================================================================================
2025-11-13 20:33:31 | INFO     | 
2025-11-13 20:33:31 | INFO     | ================================================================================
2025-11-13 20:33:31 | INFO     | PHASE 9: Rendering
2025-11-13 20:33:31 | INFO     | Description: Generate SVG output
2025-11-13 20:33:31 | INFO     | ================================================================================
2025-11-13 20:33:31 | INFO     | 
2025-11-13 20:33:31 | INFO     | Phase Input:
2025-11-13 20:33:31 | INFO     | ----------------------------------------
2025-11-13 20:33:31 | INFO     | Summary: Positioned scene with 7 objects
2025-11-13 20:33:31 | INFO     |   Type: Scene
2025-11-13 20:33:31 | INFO     | ----------------------------------------
2025-11-13 20:33:31 | INFO     | 
2025-11-13 20:33:31 | INFO     | Phase Output:
2025-11-13 20:33:31 | INFO     | ----------------------------------------
2025-11-13 20:33:31 | INFO     | Summary: SVG generated (2,762 bytes)
2025-11-13 20:33:31 | INFO     |   svg_size: 2762
2025-11-13 20:33:31 | INFO     | ----------------------------------------
2025-11-13 20:33:31 | INFO     | 
2025-11-13 20:33:31 | INFO     | Phase completed: SUCCESS
2025-11-13 20:33:31 | INFO     | Duration: 0.57ms
2025-11-13 20:33:31 | INFO     | ================================================================================
2025-11-13 20:33:31 | INFO     | 
2025-11-13 20:33:31 | INFO     | ================================================================================
2025-11-13 20:33:31 | INFO     | PHASE 7: Validation Refinement
2025-11-13 20:33:31 | INFO     | Description: Iterative quality improvement
2025-11-13 20:33:31 | INFO     | ================================================================================
2025-11-13 20:33:31 | INFO     | 
2025-11-13 20:33:31 | INFO     | Phase Input:
2025-11-13 20:33:31 | INFO     | ----------------------------------------
2025-11-13 20:33:31 | INFO     | Summary: SVG and scene
2025-11-13 20:33:31 | INFO     |   svg_size: 2762
2025-11-13 20:33:31 | INFO     | ----------------------------------------
2025-11-13 20:33:31 | INFO     |   Refinement error: 'dict' object has no attribute 'x'
2025-11-13 20:33:31 | INFO     | 
2025-11-13 20:33:31 | INFO     | Phase completed: SKIPPED
2025-11-13 20:33:31 | INFO     | Duration: 0.44ms
2025-11-13 20:33:31 | INFO     | ================================================================================
2025-11-13 20:33:31 | INFO     | 
2025-11-13 20:33:31 | INFO     | ================================================================================
2025-11-13 20:33:31 | INFO     | RESPONSE
2025-11-13 20:33:31 | INFO     | ================================================================================
2025-11-13 20:33:31 | INFO     | Status: SUCCESS
2025-11-13 20:33:31 | INFO     | Total Duration: 158032.73ms
2025-11-13 20:33:31 | INFO     | 
2025-11-13 20:33:31 | INFO     | Result Summary:
2025-11-13 20:33:31 | INFO     | 
2025-11-13 20:33:31 | INFO     | Full trace saved to: logs/req_20251113_203053.log
2025-11-13 20:33:31 | INFO     | ================================================================================
2025-11-13 20:33:31 | INFO     | Trace JSON saved to: logs/req_20251113_203053_trace.json
2025-11-13 20:33:31 | INFO     | ================================================================================
2025-11-13 20:33:31 | INFO     | NEW DIAGRAM GENERATION REQUEST
2025-11-13 20:33:31 | INFO     | ================================================================================
2025-11-13 20:33:31 | INFO     | Request ID: req_20251113_203053
2025-11-13 20:33:31 | INFO     | Problem Text Length: 366 characters
2025-11-13 20:33:31 | INFO     | 
2025-11-13 20:33:31 | INFO     | Problem Text:
2025-11-13 20:33:31 | INFO     | --------------------------------------------------------------------------------
2025-11-13 20:33:31 | INFO     |   A potential difference of 300 V is applied to a series connection of two capacitors
2025-11-13 20:33:31 | INFO     |   of capacitances C₁ = 2.00 μF and C₂ = 8.00 μF. The charged capacitors are then disconnected
2025-11-13 20:33:31 | INFO     |   from the battery and from each other. They are then reconnected with plates of the same signs
2025-11-13 20:33:31 | INFO     |   wired together (positive to positive, negative to negative). What is the charge on capacitor C₁?
2025-11-13 20:33:31 | INFO     | --------------------------------------------------------------------------------
2025-11-13 20:33:31 | INFO     | 
2025-11-13 20:33:31 | INFO     | Configuration:
2025-11-13 20:33:31 | INFO     |   canvas_width: 1200
2025-11-13 20:33:31 | INFO     |   canvas_height: 800
2025-11-13 20:33:31 | INFO     |   validation_mode: standard
2025-11-13 20:33:31 | INFO     |   active_features: ['Spatial Validation', 'Intelligent Label Placement', 'Property Graph', 'OpenIE', 'Stanza', 'SciBERT', 'ChemDataExtractor', 'MathBERT', 'AMR Parser', 'Diagram Planner', 'Model Orchestrator', 'Primitive Library (memory)', 'Domain Modules (5)', 'Ontology Validation', 'Z3 Optimization', 'Structural Validator', 'Request/Response Logging']
2025-11-13 20:33:31 | INFO     | 
2025-11-13 20:33:31 | INFO     | 
2025-11-13 20:33:31 | INFO     | ================================================================================
2025-11-13 20:33:31 | INFO     | PHASE 0: NLP Enrichment
2025-11-13 20:33:31 | INFO     | Description: Extract entities, relations, and scientific concepts
2025-11-13 20:33:31 | INFO     | ================================================================================
2025-11-13 20:33:31 | INFO     | 
2025-11-13 20:33:31 | INFO     | Phase Input:
2025-11-13 20:33:31 | INFO     | ----------------------------------------
2025-11-13 20:33:31 | INFO     | Summary: Problem text (366 chars)
2025-11-13 20:33:31 | INFO     |   Type: str
2025-11-13 20:33:31 | INFO     | ----------------------------------------
