2025-11-13 15:31:59 | INFO     | ================================================================================
2025-11-13 15:31:59 | INFO     | NEW DIAGRAM GENERATION REQUEST
2025-11-13 15:31:59 | INFO     | ================================================================================
2025-11-13 15:31:59 | INFO     | Request ID: req_20251113_153159
2025-11-13 15:31:59 | INFO     | Problem Text Length: 35 characters
2025-11-13 15:31:59 | INFO     | 
2025-11-13 15:31:59 | INFO     | Problem Text:
2025-11-13 15:31:59 | INFO     | --------------------------------------------------------------------------------
2025-11-13 15:31:59 | INFO     |   A circuit with battery and resistor
2025-11-13 15:31:59 | INFO     | --------------------------------------------------------------------------------
2025-11-13 15:31:59 | INFO     | 
2025-11-13 15:31:59 | INFO     | Configuration:
2025-11-13 15:31:59 | INFO     |   canvas_width: 1200
2025-11-13 15:31:59 | INFO     |   canvas_height: 800
2025-11-13 15:31:59 | INFO     |   validation_mode: standard
2025-11-13 15:31:59 | INFO     |   active_features: ['Spatial Validation', 'Intelligent Label Placement', 'Property Graph', 'OpenIE', 'Stanza', 'SciBERT', 'ChemDataExtractor', 'MathBERT', 'AMR Parser', 'Diagram Planner', 'Model Orchestrator', 'Ontology Validation', 'Z3 Optimization', 'Structural Validator', 'Primitive Library (memory)', 'Request/Response Logging']
2025-11-13 15:31:59 | INFO     | 
2025-11-13 15:31:59 | INFO     | 
2025-11-13 15:31:59 | INFO     | ================================================================================
2025-11-13 15:31:59 | INFO     | PHASE 0: NLP Enrichment
2025-11-13 15:31:59 | INFO     | Description: Extract entities, relations, and scientific concepts
2025-11-13 15:31:59 | INFO     | ================================================================================
2025-11-13 15:31:59 | INFO     | 
2025-11-13 15:31:59 | INFO     | Phase Input:
2025-11-13 15:31:59 | INFO     | ----------------------------------------
2025-11-13 15:31:59 | INFO     | Summary: Problem text (35 chars)
2025-11-13 15:31:59 | INFO     |   Type: str
2025-11-13 15:31:59 | INFO     | ----------------------------------------
2025-11-13 15:34:34 | INFO     | 
2025-11-13 15:34:34 | INFO     | Phase Output:
2025-11-13 15:34:34 | INFO     | ----------------------------------------
2025-11-13 15:34:34 | INFO     | Summary: Extracted data using 6 NLP tools
2025-11-13 15:34:34 | INFO     |   openie: dict
2025-11-13 15:34:34 | INFO     |   stanza: dict
2025-11-13 15:34:34 | INFO     |   scibert: dict
2025-11-13 15:34:34 | INFO     |   chemdataextractor: dict
2025-11-13 15:34:34 | INFO     |   mathbert: dict
2025-11-13 15:34:34 | INFO     |   amr: dict
2025-11-13 15:34:34 | INFO     | ----------------------------------------
2025-11-13 15:34:34 | INFO     | 
2025-11-13 15:34:34 | INFO     | Phase completed: SUCCESS
2025-11-13 15:34:34 | INFO     | Duration: 154595.25ms
2025-11-13 15:34:34 | INFO     | ================================================================================
2025-11-13 15:34:34 | INFO     | 
2025-11-13 15:34:34 | INFO     | ================================================================================
2025-11-13 15:34:34 | INFO     | PHASE 1: Property Graph Construction
2025-11-13 15:34:34 | INFO     | Description: Build knowledge graph from NLP results
2025-11-13 15:34:34 | INFO     | ================================================================================
2025-11-13 15:34:34 | INFO     | 
2025-11-13 15:34:34 | INFO     | Phase Input:
2025-11-13 15:34:34 | INFO     | ----------------------------------------
2025-11-13 15:34:34 | INFO     | Summary: NLP extraction results
2025-11-13 15:34:34 | INFO     |   openie: dict
2025-11-13 15:34:34 | INFO     |   stanza: dict
2025-11-13 15:34:34 | INFO     |   scibert: dict
2025-11-13 15:34:34 | INFO     |   chemdataextractor: dict
2025-11-13 15:34:34 | INFO     |   mathbert: dict
2025-11-13 15:34:34 | INFO     |   amr: dict
2025-11-13 15:34:34 | INFO     | ----------------------------------------
2025-11-13 15:34:34 | INFO     | 
2025-11-13 15:34:34 | INFO     | Phase Output:
2025-11-13 15:34:34 | INFO     | ----------------------------------------
2025-11-13 15:34:34 | INFO     | Summary: Built graph with 8 nodes from 5 sources
2025-11-13 15:34:34 | INFO     |   request_id: req_1763028119565_1
2025-11-13 15:34:34 | INFO     |   summary: dict
2025-11-13 15:34:34 | INFO     |   node_types: dict
2025-11-13 15:34:34 | INFO     |   edge_types: dict
2025-11-13 15:34:34 | INFO     |   nodes: [8 items]
2025-11-13 15:34:34 | INFO     |   edges: [8 items]
2025-11-13 15:34:34 | INFO     |   disk_persistence: dict
2025-11-13 15:34:34 | INFO     | ----------------------------------------
2025-11-13 15:34:34 | INFO     | 
2025-11-13 15:34:34 | INFO     | Phase completed: SUCCESS
2025-11-13 15:34:34 | INFO     | Duration: 3.20ms
2025-11-13 15:34:34 | INFO     | ================================================================================
2025-11-13 15:34:34 | INFO     | 
2025-11-13 15:34:34 | INFO     | ================================================================================
2025-11-13 15:34:34 | INFO     | PHASE 2: Diagram Planning (Property Graph-Driven)
2025-11-13 15:34:34 | INFO     | Description: Create diagram plan from property graph
2025-11-13 15:34:34 | INFO     | ================================================================================
2025-11-13 15:34:34 | INFO     | 
2025-11-13 15:34:34 | INFO     | Phase Input:
2025-11-13 15:34:34 | INFO     | ----------------------------------------
2025-11-13 15:34:34 | INFO     | Summary: Original request + Property graph
2025-11-13 15:34:34 | INFO     |   Type: str
2025-11-13 15:34:34 | INFO     | ----------------------------------------
2025-11-13 15:34:34 | INFO     | 
2025-11-13 15:34:34 | INFO     | Phase Output:
2025-11-13 15:34:34 | INFO     | ----------------------------------------
2025-11-13 15:34:34 | INFO     | Summary: Planning mode: property_graph_driven
2025-11-13 15:34:34 | INFO     |   planning_mode: property_graph_driven
2025-11-13 15:34:34 | INFO     |   domain: current_electricity
2025-11-13 15:34:34 | INFO     |   entity_count: 4
2025-11-13 15:34:34 | INFO     |   relation_count: 2
2025-11-13 15:34:34 | INFO     |   constraint_count: 10
2025-11-13 15:34:34 | INFO     |   complexity_score: 0.30000000000000004
2025-11-13 15:34:34 | INFO     |   z3_used: False
2025-11-13 15:34:34 | INFO     |   sympy_used: False
2025-11-13 15:34:34 | INFO     | ----------------------------------------
2025-11-13 15:34:34 | INFO     | 
2025-11-13 15:34:34 | INFO     | Phase completed: SUCCESS
2025-11-13 15:34:34 | INFO     | Duration: 1.18ms
2025-11-13 15:34:34 | INFO     | ================================================================================
2025-11-13 15:34:34 | INFO     | 
2025-11-13 15:34:34 | INFO     | ================================================================================
2025-11-13 15:34:34 | INFO     | PHASE 3: Scene Synthesis + Strategic Planning
2025-11-13 15:34:34 | INFO     | Description: Build scene graph and select strategy
2025-11-13 15:34:34 | INFO     | ================================================================================
2025-11-13 15:34:34 | INFO     | 
2025-11-13 15:34:34 | INFO     | Phase Input:
2025-11-13 15:34:34 | INFO     | ----------------------------------------
2025-11-13 15:34:34 | INFO     | Summary: Problem specs with 4 objects
2025-11-13 15:34:34 | INFO     |   Type: CanonicalProblemSpec
2025-11-13 15:34:34 | INFO     | ----------------------------------------
2025-11-13 15:34:34 | INFO     | 
2025-11-13 15:34:34 | INFO     | Phase Output:
2025-11-13 15:34:34 | INFO     | ----------------------------------------
2025-11-13 15:34:34 | INFO     | Summary: Scene with 7 objects
2025-11-13 15:34:34 | INFO     |   object_count: 7
2025-11-13 15:34:34 | INFO     |   selected_strategy: constraint_based
2025-11-13 15:34:34 | INFO     |   domain_modules: 0
2025-11-13 15:34:34 | INFO     |   diagram_plan: dict
2025-11-13 15:34:34 | INFO     | ----------------------------------------
2025-11-13 15:34:34 | INFO     | 
2025-11-13 15:34:34 | INFO     | Phase completed: SUCCESS
2025-11-13 15:34:34 | INFO     | Duration: 312.07ms
2025-11-13 15:34:34 | INFO     | ================================================================================
2025-11-13 15:34:34 | INFO     | 
2025-11-13 15:34:34 | INFO     | ================================================================================
2025-11-13 15:34:34 | INFO     | PHASE 3: Structural Consistency
2025-11-13 15:34:34 | INFO     | Description: Compare plan vs scene
2025-11-13 15:34:34 | INFO     | ================================================================================
2025-11-13 15:34:34 | INFO     | 
2025-11-13 15:34:34 | INFO     | Phase Input:
2025-11-13 15:34:34 | INFO     | ----------------------------------------
2025-11-13 15:34:34 | INFO     | Summary: Diagram Plan
2025-11-13 15:34:34 | INFO     |   entities: 4
2025-11-13 15:34:34 | INFO     | ----------------------------------------
2025-11-13 15:34:34 | INFO     | 
2025-11-13 15:34:34 | INFO     | Phase Output:
2025-11-13 15:34:34 | INFO     | ----------------------------------------
2025-11-13 15:34:34 | INFO     | Summary: Structural comparison report
2025-11-13 15:34:34 | INFO     |   missing_in_scene: [4 items]
2025-11-13 15:34:34 | INFO     |   extra_scene_objects: [7 items]
2025-11-13 15:34:34 | INFO     |   label_mismatches: [0 items]
2025-11-13 15:34:34 | INFO     |   relation_gaps: [2 items]
2025-11-13 15:34:34 | INFO     |   score: 0.0
2025-11-13 15:34:34 | INFO     | ----------------------------------------
2025-11-13 15:34:34 | INFO     | 
2025-11-13 15:34:34 | INFO     | Phase completed: SUCCESS
2025-11-13 15:34:34 | INFO     | Duration: 0.23ms
2025-11-13 15:34:34 | INFO     | ================================================================================
2025-11-13 15:34:34 | INFO     | 
2025-11-13 15:34:34 | INFO     | ================================================================================
2025-11-13 15:34:34 | INFO     | PHASE 4: Ontology Validation
2025-11-13 15:34:34 | INFO     | Description: Validate semantic consistency
2025-11-13 15:34:34 | INFO     | ================================================================================
2025-11-13 15:34:34 | INFO     | 
2025-11-13 15:34:34 | INFO     | Phase Input:
2025-11-13 15:34:34 | INFO     | ----------------------------------------
2025-11-13 15:34:34 | INFO     | Summary: Specs with 4 objects
2025-11-13 15:34:34 | INFO     |   Type: CanonicalProblemSpec
2025-11-13 15:34:34 | INFO     | ----------------------------------------
2025-11-13 15:34:34 | INFO     | 
2025-11-13 15:34:34 | INFO     | Phase Output:
2025-11-13 15:34:34 | INFO     | ----------------------------------------
2025-11-13 15:34:34 | INFO     | Summary: Consistent: True
2025-11-13 15:34:34 | INFO     |   source: property_graph
2025-11-13 15:34:34 | INFO     |   input_stats: dict
2025-11-13 15:34:34 | INFO     |   consistent: True
2025-11-13 15:34:34 | INFO     |   errors: [0 items]
2025-11-13 15:34:34 | INFO     |   warnings: [44 items]
2025-11-13 15:34:34 | INFO     |   inferences: 0
2025-11-13 15:34:34 | INFO     | ----------------------------------------
2025-11-13 15:34:34 | INFO     | 
2025-11-13 15:34:34 | INFO     | Phase completed: SUCCESS
2025-11-13 15:34:34 | INFO     | Duration: 31.32ms
2025-11-13 15:34:34 | INFO     | ================================================================================
2025-11-13 15:34:34 | INFO     | 
2025-11-13 15:34:34 | INFO     | ================================================================================
2025-11-13 15:34:34 | INFO     | PHASE 5: Physics Validation
2025-11-13 15:34:34 | INFO     | Description: Validate physics constraints and relationships
2025-11-13 15:34:34 | INFO     | ================================================================================
2025-11-13 15:34:34 | INFO     | 
2025-11-13 15:34:34 | INFO     | Phase Input:
2025-11-13 15:34:34 | INFO     | ----------------------------------------
2025-11-13 15:34:34 | INFO     | Summary: Scene with 7 objects
2025-11-13 15:34:34 | INFO     |   Type: Scene
2025-11-13 15:34:34 | INFO     | ----------------------------------------
2025-11-13 15:34:34 | INFO     | 
2025-11-13 15:34:34 | INFO     | Phase Output:
2025-11-13 15:34:34 | INFO     | ----------------------------------------
2025-11-13 15:34:34 | INFO     | Summary: Errors: 1, Warnings: 12
2025-11-13 15:34:34 | INFO     |   errors: 1
2025-11-13 15:34:34 | INFO     |   warnings: 12
2025-11-13 15:34:34 | INFO     | ----------------------------------------
2025-11-13 15:34:34 | INFO     | 
2025-11-13 15:34:34 | INFO     | Phase completed: SUCCESS
2025-11-13 15:34:34 | INFO     | Duration: 0.67ms
2025-11-13 15:34:34 | INFO     | ================================================================================
2025-11-13 15:34:34 | INFO     | 
2025-11-13 15:34:34 | INFO     | ================================================================================
2025-11-13 15:34:34 | INFO     | PHASE 5: Domain Rule Validation
2025-11-13 15:34:34 | INFO     | Description: Run Kirchhoff/Newton/Geometry checks
2025-11-13 15:34:34 | INFO     | ================================================================================
2025-11-13 15:34:34 | INFO     | 
2025-11-13 15:34:34 | INFO     | Phase Input:
2025-11-13 15:34:34 | INFO     | ----------------------------------------
2025-11-13 15:34:34 | INFO     | Summary: Domain context
2025-11-13 15:34:34 | INFO     |   domain: current_electricity
2025-11-13 15:34:34 | INFO     | ----------------------------------------
2025-11-13 15:34:34 | INFO     | 
2025-11-13 15:34:34 | INFO     | Phase Output:
2025-11-13 15:34:34 | INFO     | ----------------------------------------
2025-11-13 15:34:34 | INFO     | Summary: Domain rule evaluation
2025-11-13 15:34:34 | INFO     |   domain: current_electricity
2025-11-13 15:34:34 | INFO     |   checks: [2 items]
2025-11-13 15:34:34 | INFO     |   errors: 2
2025-11-13 15:34:34 | INFO     |   warnings: 0
2025-11-13 15:34:34 | INFO     | ----------------------------------------
2025-11-13 15:34:34 | INFO     | 
2025-11-13 15:34:34 | INFO     | Phase completed: SUCCESS
2025-11-13 15:34:34 | INFO     | Duration: 0.36ms
2025-11-13 15:34:34 | INFO     | ================================================================================
2025-11-13 15:34:34 | INFO     | 
2025-11-13 15:34:34 | INFO     | ================================================================================
2025-11-13 15:34:34 | INFO     | PHASE 6: Layout Optimization + Z3/SymPy
2025-11-13 15:34:34 | INFO     | Description: Compute optimal object positions
2025-11-13 15:34:34 | INFO     | ================================================================================
2025-11-13 15:34:34 | INFO     | 
2025-11-13 15:34:34 | INFO     | Phase Input:
2025-11-13 15:34:34 | INFO     | ----------------------------------------
2025-11-13 15:34:34 | INFO     | Summary: Scene with 7 unpositioned objects
2025-11-13 15:34:34 | INFO     |   Type: Scene
2025-11-13 15:34:34 | INFO     | ----------------------------------------
2025-11-13 15:34:34 | INFO     | 
2025-11-13 15:34:34 | INFO     | Phase Output:
2025-11-13 15:34:34 | INFO     | ----------------------------------------
2025-11-13 15:34:34 | INFO     | Summary: Positioned 7 objects
2025-11-13 15:34:34 | INFO     |   object_count: 7
2025-11-13 15:34:34 | INFO     |   z3_used: False
2025-11-13 15:34:34 | INFO     |   sympy_used: False
2025-11-13 15:34:34 | INFO     |   pre_solver_positions: 0
2025-11-13 15:34:34 | INFO     |   model_strategy: constraint_solver
2025-11-13 15:34:34 | INFO     |   model_orchestrator: dict
2025-11-13 15:34:34 | INFO     | ----------------------------------------
2025-11-13 15:34:34 | INFO     | 
2025-11-13 15:34:34 | INFO     | Phase completed: SUCCESS
2025-11-13 15:34:34 | INFO     | Duration: 45.96ms
2025-11-13 15:34:34 | INFO     | ================================================================================
2025-11-13 15:34:34 | INFO     | 
2025-11-13 15:34:34 | INFO     | ================================================================================
2025-11-13 15:34:34 | INFO     | PHASE 7: Intelligent Label Placement
2025-11-13 15:34:34 | INFO     | Description: Optimize label positions to avoid overlaps
2025-11-13 15:34:34 | INFO     | ================================================================================
2025-11-13 15:34:34 | INFO     | 
2025-11-13 15:34:34 | INFO     | Phase Input:
2025-11-13 15:34:34 | INFO     | ----------------------------------------
2025-11-13 15:34:34 | INFO     | Summary: Positioned scene
2025-11-13 15:34:34 | INFO     |   Type: Scene
2025-11-13 15:34:34 | INFO     | ----------------------------------------
2025-11-13 15:34:34 | INFO     | 
2025-11-13 15:34:34 | INFO     | Phase Output:
2025-11-13 15:34:34 | INFO     | ----------------------------------------
2025-11-13 15:34:34 | INFO     | Summary: Labels placed
2025-11-13 15:34:34 | INFO     | ----------------------------------------
2025-11-13 15:34:34 | INFO     | 
2025-11-13 15:34:34 | INFO     | Phase completed: SUCCESS
2025-11-13 15:34:34 | INFO     | Duration: 0.21ms
2025-11-13 15:34:34 | INFO     | ================================================================================
2025-11-13 15:34:34 | INFO     | 
2025-11-13 15:34:34 | INFO     | ================================================================================
2025-11-13 15:34:34 | INFO     | PHASE 8: Spatial Validation
2025-11-13 15:34:34 | INFO     | Description: Check for overlaps and positioning errors
2025-11-13 15:34:34 | INFO     | ================================================================================
2025-11-13 15:34:34 | INFO     | 
2025-11-13 15:34:34 | INFO     | Phase Input:
2025-11-13 15:34:34 | INFO     | ----------------------------------------
2025-11-13 15:34:34 | INFO     | Summary: Final positioned scene
2025-11-13 15:34:34 | INFO     |   Type: Scene
2025-11-13 15:34:34 | INFO     | ----------------------------------------
2025-11-13 15:34:34 | INFO     | 
2025-11-13 15:34:34 | INFO     | Phase Output:
2025-11-13 15:34:34 | INFO     | ----------------------------------------
2025-11-13 15:34:34 | INFO     | Summary: Errors: 0, Warnings: 5
2025-11-13 15:34:34 | INFO     |   errors: 0
2025-11-13 15:34:34 | INFO     |   warnings: 5
2025-11-13 15:34:34 | INFO     |   is_valid: True
2025-11-13 15:34:34 | INFO     | ----------------------------------------
2025-11-13 15:34:34 | INFO     | 
2025-11-13 15:34:34 | INFO     | Phase completed: SUCCESS
2025-11-13 15:34:34 | INFO     | Duration: 0.28ms
2025-11-13 15:34:34 | INFO     | ================================================================================
2025-11-13 15:34:34 | INFO     | 
2025-11-13 15:34:34 | INFO     | ================================================================================
2025-11-13 15:34:34 | INFO     | PHASE 9: Rendering
2025-11-13 15:34:34 | INFO     | Description: Generate SVG output
2025-11-13 15:34:34 | INFO     | ================================================================================
2025-11-13 15:34:34 | INFO     | 
2025-11-13 15:34:34 | INFO     | Phase Input:
2025-11-13 15:34:34 | INFO     | ----------------------------------------
2025-11-13 15:34:34 | INFO     | Summary: Positioned scene with 7 objects
2025-11-13 15:34:34 | INFO     |   Type: Scene
2025-11-13 15:34:34 | INFO     | ----------------------------------------
2025-11-13 15:34:34 | INFO     | 
2025-11-13 15:34:34 | INFO     | Phase Output:
2025-11-13 15:34:34 | INFO     | ----------------------------------------
2025-11-13 15:34:34 | INFO     | Summary: SVG generated (2,762 bytes)
2025-11-13 15:34:34 | INFO     |   svg_size: 2762
2025-11-13 15:34:34 | INFO     | ----------------------------------------
2025-11-13 15:34:34 | INFO     | 
2025-11-13 15:34:34 | INFO     | Phase completed: SUCCESS
2025-11-13 15:34:34 | INFO     | Duration: 0.49ms
2025-11-13 15:34:34 | INFO     | ================================================================================
2025-11-13 15:34:34 | INFO     | 
2025-11-13 15:34:34 | INFO     | ================================================================================
2025-11-13 15:34:34 | INFO     | PHASE 7: Validation Refinement
2025-11-13 15:34:34 | INFO     | Description: Iterative quality improvement
2025-11-13 15:34:34 | INFO     | ================================================================================
2025-11-13 15:34:34 | INFO     | 
2025-11-13 15:34:34 | INFO     | Phase Input:
2025-11-13 15:34:34 | INFO     | ----------------------------------------
2025-11-13 15:34:34 | INFO     | Summary: SVG and scene
2025-11-13 15:34:34 | INFO     |   svg_size: 2762
2025-11-13 15:34:34 | INFO     | ----------------------------------------
2025-11-13 15:34:34 | INFO     |   Validator error: 'Scene' object has no attribute 'canvas_width'
2025-11-13 15:34:34 | INFO     | 
2025-11-13 15:34:34 | INFO     | Phase Output:
2025-11-13 15:34:34 | INFO     | ----------------------------------------
2025-11-13 15:34:34 | INFO     | Summary: Refined 1 times
2025-11-13 15:34:34 | INFO     |   refinement_iterations: 1
2025-11-13 15:34:34 | INFO     |   overall_confidence: 0.0
2025-11-13 15:34:34 | INFO     |   issue_count: 0
2025-11-13 15:34:34 | INFO     |   suggestions: 0
2025-11-13 15:34:34 | INFO     | ----------------------------------------
2025-11-13 15:34:34 | INFO     | 
2025-11-13 15:34:34 | INFO     | Phase completed: SUCCESS
2025-11-13 15:34:34 | INFO     | Duration: 0.42ms
2025-11-13 15:34:34 | INFO     | ================================================================================
2025-11-13 15:34:34 | INFO     | 
2025-11-13 15:34:34 | INFO     | ================================================================================
2025-11-13 15:34:34 | INFO     | RESPONSE
2025-11-13 15:34:34 | INFO     | ================================================================================
2025-11-13 15:34:34 | INFO     | Status: SUCCESS
2025-11-13 15:34:34 | INFO     | Total Duration: 154993.03ms
2025-11-13 15:34:34 | INFO     | 
2025-11-13 15:34:34 | INFO     | Result Summary:
2025-11-13 15:34:34 | INFO     | 
2025-11-13 15:34:34 | INFO     | Full trace saved to: logs/req_20251113_153159.log
2025-11-13 15:34:34 | INFO     | ================================================================================
2025-11-13 15:34:34 | INFO     | Trace JSON saved to: logs/req_20251113_153159_trace.json
2025-11-13 15:42:01 | INFO     | ================================================================================
2025-11-13 15:42:01 | INFO     | NEW DIAGRAM GENERATION REQUEST
2025-11-13 15:42:01 | INFO     | ================================================================================
2025-11-13 15:42:01 | INFO     | Request ID: req_20251113_153159
2025-11-13 15:42:01 | INFO     | Problem Text Length: 369 characters
2025-11-13 15:42:01 | INFO     | 
2025-11-13 15:42:01 | INFO     | Problem Text:
2025-11-13 15:42:01 | INFO     | --------------------------------------------------------------------------------
2025-11-13 15:42:01 | INFO     |   Question 4:A parallel-plate capacitor of plate area A = 10.5 cm² and plate separation 2d = 7.12 mm is configured as follows: The left half is filled with dielectric κ₁ = 21.0. The right half is divided into two regions - top with κ₂ = 42.0 and bottom with κ₃ = 58.0. Calculate the total capacitance.[Left half: uniform κ₁; Right half: top quarter κ₂, bottom quarter κ₃]
2025-11-13 15:42:01 | INFO     | --------------------------------------------------------------------------------
2025-11-13 15:42:01 | INFO     | 
2025-11-13 15:42:01 | INFO     | Configuration:
2025-11-13 15:42:01 | INFO     |   canvas_width: 1200
2025-11-13 15:42:01 | INFO     |   canvas_height: 800
2025-11-13 15:42:01 | INFO     |   validation_mode: standard
2025-11-13 15:42:01 | INFO     |   active_features: ['Spatial Validation', 'Intelligent Label Placement', 'Property Graph', 'OpenIE', 'Stanza', 'SciBERT', 'ChemDataExtractor', 'MathBERT', 'AMR Parser', 'Diagram Planner', 'Model Orchestrator', 'Ontology Validation', 'Z3 Optimization', 'Structural Validator', 'Primitive Library (memory)', 'Request/Response Logging']
2025-11-13 15:42:01 | INFO     | 
2025-11-13 15:42:01 | INFO     | 
2025-11-13 15:42:01 | INFO     | ================================================================================
2025-11-13 15:42:01 | INFO     | PHASE 0: NLP Enrichment
2025-11-13 15:42:01 | INFO     | Description: Extract entities, relations, and scientific concepts
2025-11-13 15:42:01 | INFO     | ================================================================================
2025-11-13 15:42:01 | INFO     | 
2025-11-13 15:42:01 | INFO     | Phase Input:
2025-11-13 15:42:01 | INFO     | ----------------------------------------
2025-11-13 15:42:01 | INFO     | Summary: Problem text (369 chars)
2025-11-13 15:42:01 | INFO     |   Type: str
2025-11-13 15:42:01 | INFO     | ----------------------------------------
2025-11-13 15:42:42 | INFO     | 
2025-11-13 15:42:42 | INFO     | Phase Output:
2025-11-13 15:42:42 | INFO     | ----------------------------------------
2025-11-13 15:42:42 | INFO     | Summary: Extracted data using 6 NLP tools
2025-11-13 15:42:42 | INFO     |   openie: dict
2025-11-13 15:42:42 | INFO     |   stanza: dict
2025-11-13 15:42:42 | INFO     |   scibert: dict
2025-11-13 15:42:42 | INFO     |   chemdataextractor: dict
2025-11-13 15:42:42 | INFO     |   mathbert: dict
2025-11-13 15:42:42 | INFO     |   amr: dict
2025-11-13 15:42:42 | INFO     | ----------------------------------------
2025-11-13 15:42:42 | INFO     | 
2025-11-13 15:42:42 | INFO     | Phase completed: SUCCESS
2025-11-13 15:42:42 | INFO     | Duration: 40908.49ms
2025-11-13 15:42:42 | INFO     | ================================================================================
2025-11-13 15:42:42 | INFO     | 
2025-11-13 15:42:42 | INFO     | ================================================================================
2025-11-13 15:42:42 | INFO     | PHASE 1: Property Graph Construction
2025-11-13 15:42:42 | INFO     | Description: Build knowledge graph from NLP results
2025-11-13 15:42:42 | INFO     | ================================================================================
2025-11-13 15:42:42 | INFO     | 
2025-11-13 15:42:42 | INFO     | Phase Input:
2025-11-13 15:42:42 | INFO     | ----------------------------------------
2025-11-13 15:42:42 | INFO     | Summary: NLP extraction results
2025-11-13 15:42:42 | INFO     |   openie: dict
2025-11-13 15:42:42 | INFO     |   stanza: dict
2025-11-13 15:42:42 | INFO     |   scibert: dict
2025-11-13 15:42:42 | INFO     |   chemdataextractor: dict
2025-11-13 15:42:42 | INFO     |   mathbert: dict
2025-11-13 15:42:42 | INFO     |   amr: dict
2025-11-13 15:42:42 | INFO     | ----------------------------------------
2025-11-13 15:42:42 | INFO     | 
2025-11-13 15:42:42 | INFO     | Phase Output:
2025-11-13 15:42:42 | INFO     | ----------------------------------------
2025-11-13 15:42:42 | INFO     | Summary: Built graph with 68 nodes from 5 sources
2025-11-13 15:42:42 | INFO     |   request_id: req_1763028721844_2
2025-11-13 15:42:42 | INFO     |   summary: dict
2025-11-13 15:42:42 | INFO     |   node_types: dict
2025-11-13 15:42:42 | INFO     |   edge_types: dict
2025-11-13 15:42:42 | INFO     |   nodes: [10 items]
2025-11-13 15:42:42 | INFO     |   edges: [10 items]
2025-11-13 15:42:42 | INFO     |   ontology_tags: dict
2025-11-13 15:42:42 | INFO     |   gap_analysis: dict
2025-11-13 15:42:42 | INFO     |   disk_persistence: dict
2025-11-13 15:42:42 | INFO     | ----------------------------------------
2025-11-13 15:42:42 | INFO     | 
2025-11-13 15:42:42 | INFO     | Phase completed: SUCCESS
2025-11-13 15:42:42 | INFO     | Duration: 4.17ms
2025-11-13 15:42:42 | INFO     | ================================================================================
2025-11-13 15:42:42 | INFO     | 
2025-11-13 15:42:42 | INFO     | ================================================================================
2025-11-13 15:42:42 | INFO     | PHASE 2: Diagram Planning (Property Graph-Driven)
2025-11-13 15:42:42 | INFO     | Description: Create diagram plan from property graph
2025-11-13 15:42:42 | INFO     | ================================================================================
2025-11-13 15:42:42 | INFO     | 
2025-11-13 15:42:42 | INFO     | Phase Input:
2025-11-13 15:42:42 | INFO     | ----------------------------------------
2025-11-13 15:42:42 | INFO     | Summary: Original request + Property graph
2025-11-13 15:42:42 | INFO     |   Type: str
2025-11-13 15:42:42 | INFO     | ----------------------------------------
2025-11-13 15:42:42 | INFO     | 
2025-11-13 15:42:42 | INFO     | Phase Output:
2025-11-13 15:42:42 | INFO     | ----------------------------------------
2025-11-13 15:42:42 | INFO     | Summary: Planning mode: property_graph_driven
2025-11-13 15:42:42 | INFO     |   planning_mode: property_graph_driven
2025-11-13 15:42:42 | INFO     |   domain: current_electricity
2025-11-13 15:42:42 | INFO     |   entity_count: 8
2025-11-13 15:42:42 | INFO     |   relation_count: 2
2025-11-13 15:42:42 | INFO     |   constraint_count: 36
2025-11-13 15:42:42 | INFO     |   complexity_score: 0.36
2025-11-13 15:42:42 | INFO     |   z3_used: False
2025-11-13 15:42:42 | INFO     |   sympy_used: False
2025-11-13 15:42:42 | INFO     | ----------------------------------------
2025-11-13 15:42:42 | INFO     | 
2025-11-13 15:42:42 | INFO     | Phase completed: SUCCESS
2025-11-13 15:42:42 | INFO     | Duration: 1.05ms
2025-11-13 15:42:42 | INFO     | ================================================================================
2025-11-13 15:42:42 | INFO     | 
2025-11-13 15:42:42 | INFO     | ================================================================================
2025-11-13 15:42:42 | INFO     | PHASE 3: Scene Synthesis + Strategic Planning
2025-11-13 15:42:42 | INFO     | Description: Build scene graph and select strategy
2025-11-13 15:42:42 | INFO     | ================================================================================
2025-11-13 15:42:42 | INFO     | 
2025-11-13 15:42:42 | INFO     | Phase Input:
2025-11-13 15:42:42 | INFO     | ----------------------------------------
2025-11-13 15:42:42 | INFO     | Summary: Problem specs with 8 objects
2025-11-13 15:42:42 | INFO     |   Type: CanonicalProblemSpec
2025-11-13 15:42:42 | INFO     | ----------------------------------------
2025-11-13 15:42:43 | INFO     | 
2025-11-13 15:42:43 | INFO     | Phase Output:
2025-11-13 15:42:43 | INFO     | ----------------------------------------
2025-11-13 15:42:43 | INFO     | Summary: Scene with 12 objects
2025-11-13 15:42:43 | INFO     |   object_count: 12
2025-11-13 15:42:43 | INFO     |   selected_strategy: constraint_based
2025-11-13 15:42:43 | INFO     |   domain_modules: 0
2025-11-13 15:42:43 | INFO     |   diagram_plan: dict
2025-11-13 15:42:43 | INFO     | ----------------------------------------
2025-11-13 15:42:43 | INFO     | 
2025-11-13 15:42:43 | INFO     | Phase completed: SUCCESS
2025-11-13 15:42:43 | INFO     | Duration: 372.60ms
2025-11-13 15:42:43 | INFO     | ================================================================================
2025-11-13 15:42:43 | INFO     | 
2025-11-13 15:42:43 | INFO     | ================================================================================
2025-11-13 15:42:43 | INFO     | PHASE 3: Structural Consistency
2025-11-13 15:42:43 | INFO     | Description: Compare plan vs scene
2025-11-13 15:42:43 | INFO     | ================================================================================
2025-11-13 15:42:43 | INFO     | 
2025-11-13 15:42:43 | INFO     | Phase Input:
2025-11-13 15:42:43 | INFO     | ----------------------------------------
2025-11-13 15:42:43 | INFO     | Summary: Diagram Plan
2025-11-13 15:42:43 | INFO     |   entities: 8
2025-11-13 15:42:43 | INFO     | ----------------------------------------
2025-11-13 15:42:43 | INFO     | 
2025-11-13 15:42:43 | INFO     | Phase Output:
2025-11-13 15:42:43 | INFO     | ----------------------------------------
2025-11-13 15:42:43 | INFO     | Summary: Structural comparison report
2025-11-13 15:42:43 | INFO     |   missing_in_scene: [8 items]
2025-11-13 15:42:43 | INFO     |   extra_scene_objects: [12 items]
2025-11-13 15:42:43 | INFO     |   label_mismatches: [0 items]
2025-11-13 15:42:43 | INFO     |   relation_gaps: [2 items]
2025-11-13 15:42:43 | INFO     |   score: 0.0
2025-11-13 15:42:43 | INFO     | ----------------------------------------
2025-11-13 15:42:43 | INFO     | 
2025-11-13 15:42:43 | INFO     | Phase completed: SUCCESS
2025-11-13 15:42:43 | INFO     | Duration: 0.22ms
2025-11-13 15:42:43 | INFO     | ================================================================================
2025-11-13 15:42:43 | INFO     | 
2025-11-13 15:42:43 | INFO     | ================================================================================
2025-11-13 15:42:43 | INFO     | PHASE 4: Ontology Validation
2025-11-13 15:42:43 | INFO     | Description: Validate semantic consistency
2025-11-13 15:42:43 | INFO     | ================================================================================
2025-11-13 15:42:43 | INFO     | 
2025-11-13 15:42:43 | INFO     | Phase Input:
2025-11-13 15:42:43 | INFO     | ----------------------------------------
2025-11-13 15:42:43 | INFO     | Summary: Specs with 8 objects
2025-11-13 15:42:43 | INFO     |   Type: CanonicalProblemSpec
2025-11-13 15:42:43 | INFO     | ----------------------------------------
2025-11-13 15:42:43 | INFO     | 
2025-11-13 15:42:43 | INFO     | Phase Output:
2025-11-13 15:42:43 | INFO     | ----------------------------------------
2025-11-13 15:42:43 | INFO     | Summary: Consistent: True
2025-11-13 15:42:43 | INFO     |   source: property_graph
2025-11-13 15:42:43 | INFO     |   input_stats: dict
2025-11-13 15:42:43 | INFO     |   consistent: True
2025-11-13 15:42:43 | INFO     |   errors: [0 items]
2025-11-13 15:42:43 | INFO     |   warnings: [224 items]
2025-11-13 15:42:43 | INFO     |   inferences: 0
2025-11-13 15:42:43 | INFO     | ----------------------------------------
2025-11-13 15:42:43 | INFO     | 
2025-11-13 15:42:43 | INFO     | Phase completed: SUCCESS
2025-11-13 15:42:43 | INFO     | Duration: 71.18ms
2025-11-13 15:42:43 | INFO     | ================================================================================
2025-11-13 15:42:43 | INFO     | 
2025-11-13 15:42:43 | INFO     | ================================================================================
2025-11-13 15:42:43 | INFO     | PHASE 5: Physics Validation
2025-11-13 15:42:43 | INFO     | Description: Validate physics constraints and relationships
2025-11-13 15:42:43 | INFO     | ================================================================================
2025-11-13 15:42:43 | INFO     | 
2025-11-13 15:42:43 | INFO     | Phase Input:
2025-11-13 15:42:43 | INFO     | ----------------------------------------
2025-11-13 15:42:43 | INFO     | Summary: Scene with 12 objects
2025-11-13 15:42:43 | INFO     |   Type: Scene
2025-11-13 15:42:43 | INFO     | ----------------------------------------
2025-11-13 15:42:43 | INFO     | 
2025-11-13 15:42:43 | INFO     | Phase Output:
2025-11-13 15:42:43 | INFO     | ----------------------------------------
2025-11-13 15:42:43 | INFO     | Summary: Errors: 1, Warnings: 2
2025-11-13 15:42:43 | INFO     |   errors: 1
2025-11-13 15:42:43 | INFO     |   warnings: 2
2025-11-13 15:42:43 | INFO     | ----------------------------------------
2025-11-13 15:42:43 | INFO     | 
2025-11-13 15:42:43 | INFO     | Phase completed: SUCCESS
2025-11-13 15:42:43 | INFO     | Duration: 0.45ms
2025-11-13 15:42:43 | INFO     | ================================================================================
2025-11-13 15:42:43 | INFO     | 
2025-11-13 15:42:43 | INFO     | ================================================================================
2025-11-13 15:42:43 | INFO     | PHASE 5: Domain Rule Validation
2025-11-13 15:42:43 | INFO     | Description: Run Kirchhoff/Newton/Geometry checks
2025-11-13 15:42:43 | INFO     | ================================================================================
2025-11-13 15:42:43 | INFO     | 
2025-11-13 15:42:43 | INFO     | Phase Input:
2025-11-13 15:42:43 | INFO     | ----------------------------------------
2025-11-13 15:42:43 | INFO     | Summary: Domain context
2025-11-13 15:42:43 | INFO     |   domain: current_electricity
2025-11-13 15:42:43 | INFO     | ----------------------------------------
2025-11-13 15:42:43 | INFO     | 
2025-11-13 15:42:43 | INFO     | Phase Output:
2025-11-13 15:42:43 | INFO     | ----------------------------------------
2025-11-13 15:42:43 | INFO     | Summary: Domain rule evaluation
2025-11-13 15:42:43 | INFO     |   domain: current_electricity
2025-11-13 15:42:43 | INFO     |   checks: [2 items]
2025-11-13 15:42:43 | INFO     |   errors: 2
2025-11-13 15:42:43 | INFO     |   warnings: 0
2025-11-13 15:42:43 | INFO     | ----------------------------------------
2025-11-13 15:42:43 | INFO     | 
2025-11-13 15:42:43 | INFO     | Phase completed: SUCCESS
2025-11-13 15:42:43 | INFO     | Duration: 0.32ms
2025-11-13 15:42:43 | INFO     | ================================================================================
2025-11-13 15:42:43 | INFO     | 
2025-11-13 15:42:43 | INFO     | ================================================================================
2025-11-13 15:42:43 | INFO     | PHASE 6: Layout Optimization + Z3/SymPy
2025-11-13 15:42:43 | INFO     | Description: Compute optimal object positions
2025-11-13 15:42:43 | INFO     | ================================================================================
2025-11-13 15:42:43 | INFO     | 
2025-11-13 15:42:43 | INFO     | Phase Input:
2025-11-13 15:42:43 | INFO     | ----------------------------------------
2025-11-13 15:42:43 | INFO     | Summary: Scene with 12 unpositioned objects
2025-11-13 15:42:43 | INFO     |   Type: Scene
2025-11-13 15:42:43 | INFO     | ----------------------------------------
2025-11-13 15:42:43 | INFO     | 
2025-11-13 15:42:43 | INFO     | Phase Output:
2025-11-13 15:42:43 | INFO     | ----------------------------------------
2025-11-13 15:42:43 | INFO     | Summary: Positioned 12 objects
2025-11-13 15:42:43 | INFO     |   object_count: 12
2025-11-13 15:42:43 | INFO     |   z3_used: False
2025-11-13 15:42:43 | INFO     |   sympy_used: False
2025-11-13 15:42:43 | INFO     |   pre_solver_positions: 0
2025-11-13 15:42:43 | INFO     |   model_strategy: constraint_solver
2025-11-13 15:42:43 | INFO     |   model_orchestrator: dict
2025-11-13 15:42:43 | INFO     | ----------------------------------------
2025-11-13 15:42:43 | INFO     | 
2025-11-13 15:42:43 | INFO     | Phase completed: SUCCESS
2025-11-13 15:42:43 | INFO     | Duration: 103.89ms
2025-11-13 15:42:43 | INFO     | ================================================================================
2025-11-13 15:42:43 | INFO     | 
2025-11-13 15:42:43 | INFO     | ================================================================================
2025-11-13 15:42:43 | INFO     | PHASE 7: Intelligent Label Placement
2025-11-13 15:42:43 | INFO     | Description: Optimize label positions to avoid overlaps
2025-11-13 15:42:43 | INFO     | ================================================================================
2025-11-13 15:42:43 | INFO     | 
2025-11-13 15:42:43 | INFO     | Phase Input:
2025-11-13 15:42:43 | INFO     | ----------------------------------------
2025-11-13 15:42:43 | INFO     | Summary: Positioned scene
2025-11-13 15:42:43 | INFO     |   Type: Scene
2025-11-13 15:42:43 | INFO     | ----------------------------------------
2025-11-13 15:42:43 | INFO     | 
2025-11-13 15:42:43 | INFO     | Phase Output:
2025-11-13 15:42:43 | INFO     | ----------------------------------------
2025-11-13 15:42:43 | INFO     | Summary: Labels placed
2025-11-13 15:42:43 | INFO     | ----------------------------------------
2025-11-13 15:42:43 | INFO     | 
2025-11-13 15:42:43 | INFO     | Phase completed: SUCCESS
2025-11-13 15:42:43 | INFO     | Duration: 0.31ms
2025-11-13 15:42:43 | INFO     | ================================================================================
2025-11-13 15:42:43 | INFO     | 
2025-11-13 15:42:43 | INFO     | ================================================================================
2025-11-13 15:42:43 | INFO     | PHASE 8: Spatial Validation
2025-11-13 15:42:43 | INFO     | Description: Check for overlaps and positioning errors
2025-11-13 15:42:43 | INFO     | ================================================================================
2025-11-13 15:42:43 | INFO     | 
2025-11-13 15:42:43 | INFO     | Phase Input:
2025-11-13 15:42:43 | INFO     | ----------------------------------------
2025-11-13 15:42:43 | INFO     | Summary: Final positioned scene
2025-11-13 15:42:43 | INFO     |   Type: Scene
2025-11-13 15:42:43 | INFO     | ----------------------------------------
2025-11-13 15:42:43 | INFO     | 
2025-11-13 15:42:43 | INFO     | Phase Output:
2025-11-13 15:42:43 | INFO     | ----------------------------------------
2025-11-13 15:42:43 | INFO     | Summary: Errors: 4, Warnings: 3
2025-11-13 15:42:43 | INFO     |   errors: 4
2025-11-13 15:42:43 | INFO     |   warnings: 3
2025-11-13 15:42:43 | INFO     |   is_valid: False
2025-11-13 15:42:43 | INFO     | ----------------------------------------
2025-11-13 15:42:43 | INFO     | 
2025-11-13 15:42:43 | INFO     | Phase completed: SUCCESS
2025-11-13 15:42:43 | INFO     | Duration: 0.34ms
2025-11-13 15:42:43 | INFO     | ================================================================================
2025-11-13 15:42:43 | INFO     | 
2025-11-13 15:42:43 | INFO     | ================================================================================
2025-11-13 15:42:43 | INFO     | PHASE 9: Rendering
2025-11-13 15:42:43 | INFO     | Description: Generate SVG output
2025-11-13 15:42:43 | INFO     | ================================================================================
2025-11-13 15:42:43 | INFO     | 
2025-11-13 15:42:43 | INFO     | Phase Input:
2025-11-13 15:42:43 | INFO     | ----------------------------------------
2025-11-13 15:42:43 | INFO     | Summary: Positioned scene with 12 objects
2025-11-13 15:42:43 | INFO     |   Type: Scene
2025-11-13 15:42:43 | INFO     | ----------------------------------------
2025-11-13 15:42:43 | INFO     | 
2025-11-13 15:42:43 | INFO     | Phase Output:
2025-11-13 15:42:43 | INFO     | ----------------------------------------
2025-11-13 15:42:43 | INFO     | Summary: SVG generated (3,586 bytes)
2025-11-13 15:42:43 | INFO     |   svg_size: 3586
2025-11-13 15:42:43 | INFO     | ----------------------------------------
2025-11-13 15:42:43 | INFO     | 
2025-11-13 15:42:43 | INFO     | Phase completed: SUCCESS
2025-11-13 15:42:43 | INFO     | Duration: 2.18ms
2025-11-13 15:42:43 | INFO     | ================================================================================
2025-11-13 15:42:43 | INFO     | 
2025-11-13 15:42:43 | INFO     | ================================================================================
2025-11-13 15:42:43 | INFO     | PHASE 7: Validation Refinement
2025-11-13 15:42:43 | INFO     | Description: Iterative quality improvement
2025-11-13 15:42:43 | INFO     | ================================================================================
2025-11-13 15:42:43 | INFO     | 
2025-11-13 15:42:43 | INFO     | Phase Input:
2025-11-13 15:42:43 | INFO     | ----------------------------------------
2025-11-13 15:42:43 | INFO     | Summary: SVG and scene
2025-11-13 15:42:43 | INFO     |   svg_size: 3586
2025-11-13 15:42:43 | INFO     | ----------------------------------------
2025-11-13 15:42:43 | INFO     |   Validator error: 'Scene' object has no attribute 'canvas_width'
2025-11-13 15:42:43 | INFO     | 
2025-11-13 15:42:43 | INFO     | Phase Output:
2025-11-13 15:42:43 | INFO     | ----------------------------------------
2025-11-13 15:42:43 | INFO     | Summary: Refined 1 times
2025-11-13 15:42:43 | INFO     |   refinement_iterations: 1
2025-11-13 15:42:43 | INFO     |   overall_confidence: 0.0
2025-11-13 15:42:43 | INFO     |   issue_count: 0
2025-11-13 15:42:43 | INFO     |   suggestions: 0
2025-11-13 15:42:43 | INFO     | ----------------------------------------
2025-11-13 15:42:43 | INFO     | 
2025-11-13 15:42:43 | INFO     | Phase completed: SUCCESS
2025-11-13 15:42:43 | INFO     | Duration: 0.48ms
2025-11-13 15:42:43 | INFO     | ================================================================================
2025-11-13 15:42:43 | INFO     | 
2025-11-13 15:42:43 | INFO     | ================================================================================
2025-11-13 15:42:43 | INFO     | RESPONSE
2025-11-13 15:42:43 | INFO     | ================================================================================
2025-11-13 15:42:43 | INFO     | Status: SUCCESS
2025-11-13 15:42:43 | INFO     | Total Duration: 643746.20ms
2025-11-13 15:42:43 | INFO     | 
2025-11-13 15:42:43 | INFO     | Result Summary:
2025-11-13 15:42:43 | INFO     | 
2025-11-13 15:42:43 | INFO     | Full trace saved to: logs/req_20251113_153159.log
2025-11-13 15:42:43 | INFO     | ================================================================================
2025-11-13 15:42:43 | INFO     | Trace JSON saved to: logs/req_20251113_153159_trace.json
