2025-11-11 23:56:53 | INFO     | ================================================================================
2025-11-11 23:56:53 | INFO     | NEW DIAGRAM GENERATION REQUEST
2025-11-11 23:56:53 | INFO     | ================================================================================
2025-11-11 23:56:53 | INFO     | Request ID: req_20251111_235653
2025-11-11 23:56:53 | INFO     | Problem Text Length: 99 characters
2025-11-11 23:56:53 | INFO     | 
2025-11-11 23:56:53 | INFO     | Problem Text:
2025-11-11 23:56:53 | INFO     | --------------------------------------------------------------------------------
2025-11-11 23:56:53 | INFO     |   
2025-11-11 23:56:53 | INFO     |   A parallel-plate capacitor has charge q and plate area A.
2025-11-11 23:56:53 | INFO     |   The plates are separated by distance x.
2025-11-11 23:56:53 | INFO     |   
2025-11-11 23:56:53 | INFO     | --------------------------------------------------------------------------------
2025-11-11 23:56:53 | INFO     | 
2025-11-11 23:56:53 | INFO     | Configuration:
2025-11-11 23:56:53 | INFO     |   canvas_width: 1200
2025-11-11 23:56:53 | INFO     |   canvas_height: 800
2025-11-11 23:56:53 | INFO     |   validation_mode: warn
2025-11-11 23:56:53 | INFO     |   active_features: ['Spatial Validation', 'Intelligent Label Placement', 'Property Graph', 'Diagram Planner', 'Model Orchestrator', 'Z3 Optimization', 'Structural Validator', 'VLM Validator', 'Request/Response Logging']
2025-11-11 23:56:53 | INFO     | 
2025-11-11 23:56:53 | INFO     | 
2025-11-11 23:56:53 | INFO     | ================================================================================
2025-11-11 23:56:53 | INFO     | PHASE 1: Property Graph Construction
2025-11-11 23:56:53 | INFO     | Description: Build knowledge graph from NLP results
2025-11-11 23:56:53 | INFO     | ================================================================================
2025-11-11 23:56:53 | INFO     | 
2025-11-11 23:56:53 | INFO     | Phase Input:
2025-11-11 23:56:53 | INFO     | ----------------------------------------
2025-11-11 23:56:53 | INFO     | Summary: NLP extraction results
2025-11-11 23:56:53 | INFO     | ----------------------------------------
2025-11-11 23:56:53 | INFO     | 
2025-11-11 23:56:53 | INFO     | Phase Output:
2025-11-11 23:56:53 | INFO     | ----------------------------------------
2025-11-11 23:56:53 | INFO     | Summary: Built graph with 0 nodes
2025-11-11 23:56:53 | INFO     |   nodes: 0
2025-11-11 23:56:53 | INFO     |   edges: 0
2025-11-11 23:56:53 | INFO     | ----------------------------------------
2025-11-11 23:56:53 | INFO     | 
2025-11-11 23:56:53 | INFO     | Phase completed: SUCCESS
2025-11-11 23:56:53 | INFO     | Duration: 0.17ms
2025-11-11 23:56:53 | INFO     | ================================================================================
2025-11-11 23:56:53 | INFO     | 
2025-11-11 23:56:53 | INFO     | ================================================================================
2025-11-11 23:56:53 | INFO     | PHASE 2: Problem Understanding + Complexity
2025-11-11 23:56:53 | INFO     | Description: Analyze problem and assess complexity
2025-11-11 23:56:53 | INFO     | ================================================================================
2025-11-11 23:56:53 | INFO     | 
2025-11-11 23:56:53 | INFO     | Phase Input:
2025-11-11 23:56:53 | INFO     | ----------------------------------------
2025-11-11 23:56:53 | INFO     | Summary: Problem text
2025-11-11 23:56:53 | INFO     |   Type: str
2025-11-11 23:56:53 | INFO     | ----------------------------------------
2025-11-11 23:56:53 | INFO     | 
2025-11-11 23:56:53 | INFO     | Phase Output:
2025-11-11 23:56:53 | INFO     | ----------------------------------------
2025-11-11 23:56:53 | INFO     | Summary: Domain: electrostatics, Objects: 5
2025-11-11 23:56:53 | INFO     |   domain: electrostatics
2025-11-11 23:56:53 | INFO     |   object_count: 5
2025-11-11 23:56:53 | INFO     |   constraint_count: 0
2025-11-11 23:56:53 | INFO     |   complexity_score: 0.245
2025-11-11 23:56:53 | INFO     | ----------------------------------------
2025-11-11 23:56:53 | INFO     | 
2025-11-11 23:56:53 | INFO     | Phase completed: SUCCESS
2025-11-11 23:56:53 | INFO     | Duration: 5.98ms
2025-11-11 23:56:53 | INFO     | ================================================================================
2025-11-11 23:56:53 | INFO     | 
2025-11-11 23:56:53 | INFO     | ================================================================================
2025-11-11 23:56:53 | INFO     | PHASE 3: Scene Synthesis + Strategic Planning
2025-11-11 23:56:53 | INFO     | Description: Build scene graph and select strategy
2025-11-11 23:56:53 | INFO     | ================================================================================
2025-11-11 23:56:53 | INFO     | 
2025-11-11 23:56:53 | INFO     | Phase Input:
2025-11-11 23:56:53 | INFO     | ----------------------------------------
2025-11-11 23:56:53 | INFO     | Summary: Problem specs with 5 objects
2025-11-11 23:56:53 | INFO     |   Type: CanonicalProblemSpec
2025-11-11 23:56:53 | INFO     | ----------------------------------------
2025-11-11 23:56:53 | INFO     | 
2025-11-11 23:56:53 | INFO     | Phase Output:
2025-11-11 23:56:53 | INFO     | ----------------------------------------
2025-11-11 23:56:53 | INFO     | Summary: Scene with 7 objects
2025-11-11 23:56:53 | INFO     |   object_count: 7
2025-11-11 23:56:53 | INFO     |   selected_strategy: heuristic
2025-11-11 23:56:53 | INFO     | ----------------------------------------
2025-11-11 23:56:53 | INFO     | 
2025-11-11 23:56:53 | INFO     | Phase completed: SUCCESS
2025-11-11 23:56:53 | INFO     | Duration: 0.33ms
2025-11-11 23:56:53 | INFO     | ================================================================================
2025-11-11 23:56:53 | INFO     | 
2025-11-11 23:56:53 | INFO     | ================================================================================
2025-11-11 23:56:53 | INFO     | PHASE 5: Physics Validation
2025-11-11 23:56:53 | INFO     | Description: Validate physics constraints and relationships
2025-11-11 23:56:53 | INFO     | ================================================================================
2025-11-11 23:56:53 | INFO     | 
2025-11-11 23:56:53 | INFO     | Phase Input:
2025-11-11 23:56:53 | INFO     | ----------------------------------------
2025-11-11 23:56:53 | INFO     | Summary: Scene with 7 objects
2025-11-11 23:56:53 | INFO     |   Type: Scene
2025-11-11 23:56:53 | INFO     | ----------------------------------------
2025-11-11 23:56:53 | INFO     | 
2025-11-11 23:56:53 | INFO     | Phase Output:
2025-11-11 23:56:53 | INFO     | ----------------------------------------
2025-11-11 23:56:53 | INFO     | Summary: Errors: 0, Warnings: 12
2025-11-11 23:56:53 | INFO     |   errors: 0
2025-11-11 23:56:53 | INFO     |   warnings: 12
2025-11-11 23:56:53 | INFO     | ----------------------------------------
2025-11-11 23:56:53 | INFO     | 
2025-11-11 23:56:53 | INFO     | Phase completed: SUCCESS
2025-11-11 23:56:53 | INFO     | Duration: 0.25ms
2025-11-11 23:56:53 | INFO     | ================================================================================
2025-11-11 23:56:53 | INFO     | 
2025-11-11 23:56:53 | INFO     | ================================================================================
2025-11-11 23:56:53 | INFO     | PHASE 6: Layout Optimization + Z3
2025-11-11 23:56:53 | INFO     | Description: Compute optimal object positions
2025-11-11 23:56:53 | INFO     | ================================================================================
2025-11-11 23:56:53 | INFO     | 
2025-11-11 23:56:53 | INFO     | Phase Input:
2025-11-11 23:56:53 | INFO     | ----------------------------------------
2025-11-11 23:56:53 | INFO     | Summary: Scene with 7 unpositioned objects
2025-11-11 23:56:53 | INFO     |   Type: Scene
2025-11-11 23:56:53 | INFO     | ----------------------------------------
2025-11-11 23:56:53 | INFO     |   Attempting Z3 layout optimization
2025-11-11 23:56:53 | INFO     |   Z3 failed: 'DiagramPlan' object has no attribute 'constraints'
2025-11-11 23:56:53 | INFO     | 
2025-11-11 23:56:53 | INFO     | Phase Output:
2025-11-11 23:56:53 | INFO     | ----------------------------------------
2025-11-11 23:56:53 | INFO     | Summary: Positioned 7 objects
2025-11-11 23:56:53 | INFO     |   object_count: 7
2025-11-11 23:56:53 | INFO     |   z3_used: False
2025-11-11 23:56:53 | INFO     | ----------------------------------------
2025-11-11 23:56:53 | INFO     | 
2025-11-11 23:56:53 | INFO     | Phase completed: SUCCESS
2025-11-11 23:56:53 | INFO     | Duration: 0.41ms
2025-11-11 23:56:53 | INFO     | ================================================================================
2025-11-11 23:56:53 | INFO     | 
2025-11-11 23:56:53 | INFO     | ================================================================================
2025-11-11 23:56:53 | INFO     | PHASE 7: Intelligent Label Placement
2025-11-11 23:56:53 | INFO     | Description: Optimize label positions to avoid overlaps
2025-11-11 23:56:53 | INFO     | ================================================================================
2025-11-11 23:56:53 | INFO     | 
2025-11-11 23:56:53 | INFO     | Phase Input:
2025-11-11 23:56:53 | INFO     | ----------------------------------------
2025-11-11 23:56:53 | INFO     | Summary: Positioned scene
2025-11-11 23:56:53 | INFO     |   Type: Scene
2025-11-11 23:56:53 | INFO     | ----------------------------------------
2025-11-11 23:56:53 | INFO     | 
2025-11-11 23:56:53 | INFO     | Phase Output:
2025-11-11 23:56:53 | INFO     | ----------------------------------------
2025-11-11 23:56:53 | INFO     | Summary: Labels placed
2025-11-11 23:56:53 | INFO     | ----------------------------------------
2025-11-11 23:56:53 | INFO     | 
2025-11-11 23:56:53 | INFO     | Phase completed: SUCCESS
2025-11-11 23:56:53 | INFO     | Duration: 0.19ms
2025-11-11 23:56:53 | INFO     | ================================================================================
2025-11-11 23:56:53 | INFO     | 
2025-11-11 23:56:53 | INFO     | ================================================================================
2025-11-11 23:56:53 | INFO     | PHASE 8: Spatial Validation
2025-11-11 23:56:53 | INFO     | Description: Check for overlaps and positioning errors
2025-11-11 23:56:53 | INFO     | ================================================================================
2025-11-11 23:56:53 | INFO     | 
2025-11-11 23:56:53 | INFO     | Phase Input:
2025-11-11 23:56:53 | INFO     | ----------------------------------------
2025-11-11 23:56:53 | INFO     | Summary: Final positioned scene
2025-11-11 23:56:53 | INFO     |   Type: Scene
2025-11-11 23:56:53 | INFO     | ----------------------------------------
2025-11-11 23:56:53 | INFO     | 
2025-11-11 23:56:53 | INFO     | Phase Output:
2025-11-11 23:56:53 | INFO     | ----------------------------------------
2025-11-11 23:56:53 | INFO     | Summary: Errors: 0, Warnings: 5
2025-11-11 23:56:53 | INFO     |   errors: 0
2025-11-11 23:56:53 | INFO     |   warnings: 5
2025-11-11 23:56:53 | INFO     |   is_valid: True
2025-11-11 23:56:53 | INFO     | ----------------------------------------
2025-11-11 23:56:53 | INFO     | 
2025-11-11 23:56:53 | INFO     | Phase completed: SUCCESS
2025-11-11 23:56:53 | INFO     | Duration: 0.24ms
2025-11-11 23:56:53 | INFO     | ================================================================================
2025-11-11 23:56:53 | INFO     | 
2025-11-11 23:56:53 | INFO     | ================================================================================
2025-11-11 23:56:53 | INFO     | PHASE 9: Rendering
2025-11-11 23:56:53 | INFO     | Description: Generate SVG output
2025-11-11 23:56:53 | INFO     | ================================================================================
2025-11-11 23:56:53 | INFO     | 
2025-11-11 23:56:53 | INFO     | Phase Input:
2025-11-11 23:56:53 | INFO     | ----------------------------------------
2025-11-11 23:56:53 | INFO     | Summary: Positioned scene with 7 objects
2025-11-11 23:56:53 | INFO     |   Type: Scene
2025-11-11 23:56:53 | INFO     | ----------------------------------------
2025-11-11 23:56:53 | INFO     | 
2025-11-11 23:56:53 | INFO     | Phase Output:
2025-11-11 23:56:53 | INFO     | ----------------------------------------
2025-11-11 23:56:53 | INFO     | Summary: SVG generated (2,777 bytes)
2025-11-11 23:56:53 | INFO     |   svg_size: 2777
2025-11-11 23:56:53 | INFO     | ----------------------------------------
2025-11-11 23:56:53 | INFO     | 
2025-11-11 23:56:53 | INFO     | Phase completed: SUCCESS
2025-11-11 23:56:53 | INFO     | Duration: 0.23ms
2025-11-11 23:56:53 | INFO     | ================================================================================
2025-11-11 23:56:53 | INFO     | 
2025-11-11 23:56:53 | INFO     | ================================================================================
2025-11-11 23:56:53 | INFO     | PHASE 7: Validation Refinement
2025-11-11 23:56:53 | INFO     | Description: Iterative quality improvement
2025-11-11 23:56:53 | INFO     | ================================================================================
2025-11-11 23:56:53 | INFO     | 
2025-11-11 23:56:53 | INFO     | Phase Input:
2025-11-11 23:56:53 | INFO     | ----------------------------------------
2025-11-11 23:56:53 | INFO     | Summary: SVG and scene
2025-11-11 23:56:53 | INFO     |   svg_size: 2777
2025-11-11 23:56:53 | INFO     | ----------------------------------------
2025-11-11 23:56:53 | INFO     |   Validation iteration 1/3
2025-11-11 23:56:53 | INFO     |   Validation error: 'dict' object has no attribute 'x'
2025-11-11 23:56:53 | INFO     | 
2025-11-11 23:56:53 | INFO     | Phase Output:
2025-11-11 23:56:53 | INFO     | ----------------------------------------
2025-11-11 23:56:53 | INFO     | Summary: Refined 0 times
2025-11-11 23:56:53 | INFO     |   refinement_iterations: 0
2025-11-11 23:56:53 | INFO     |   overall_confidence: 0.0
2025-11-11 23:56:53 | INFO     |   issue_count: 0
2025-11-11 23:56:53 | INFO     |   suggestions: 0
2025-11-11 23:56:53 | INFO     | ----------------------------------------
2025-11-11 23:56:53 | INFO     | 
2025-11-11 23:56:53 | INFO     | Phase completed: SUCCESS
2025-11-11 23:56:53 | INFO     | Duration: 0.21ms
2025-11-11 23:56:53 | INFO     | ================================================================================
2025-11-11 23:56:53 | INFO     | 
2025-11-11 23:56:53 | INFO     | ================================================================================
2025-11-11 23:56:53 | INFO     | RESPONSE
2025-11-11 23:56:53 | INFO     | ================================================================================
2025-11-11 23:56:53 | INFO     | Status: SUCCESS
2025-11-11 23:56:53 | INFO     | Total Duration: 8.75ms
2025-11-11 23:56:53 | INFO     | 
2025-11-11 23:56:53 | INFO     | Result Summary:
2025-11-11 23:56:53 | INFO     | 
2025-11-11 23:56:53 | INFO     | Full trace saved to: logs/req_20251111_235653.log
2025-11-11 23:56:53 | INFO     | ================================================================================
2025-11-11 23:56:53 | INFO     | Trace JSON saved to: logs/req_20251111_235653_trace.json
