2025-11-12 18:48:01 | INFO     | ================================================================================
2025-11-12 18:48:01 | INFO     | NEW DIAGRAM GENERATION REQUEST
2025-11-12 18:48:01 | INFO     | ================================================================================
2025-11-12 18:48:01 | INFO     | Request ID: req_20251112_184329
2025-11-12 18:48:01 | INFO     | Problem Text Length: 369 characters
2025-11-12 18:48:01 | INFO     | 
2025-11-12 18:48:01 | INFO     | Problem Text:
2025-11-12 18:48:01 | INFO     | --------------------------------------------------------------------------------
2025-11-12 18:48:01 | INFO     |   Question 4:A parallel-plate capacitor of plate area A = 10.5 cm² and plate separation 2d = 7.12 mm is configured as follows: The left half is filled with dielectric κ₁ = 21.0. The right half is divided into two regions - top with κ₂ = 42.0 and bottom with κ₃ = 58.0. Calculate the total capacitance.[Left half: uniform κ₁; Right half: top quarter κ₂, bottom quarter κ₃]
2025-11-12 18:48:01 | INFO     | --------------------------------------------------------------------------------
2025-11-12 18:48:01 | INFO     | 
2025-11-12 18:48:01 | INFO     | Configuration:
2025-11-12 18:48:01 | INFO     |   canvas_width: 1200
2025-11-12 18:48:01 | INFO     |   canvas_height: 800
2025-11-12 18:48:01 | INFO     |   validation_mode: standard
2025-11-12 18:48:01 | INFO     |   active_features: ['Spatial Validation', 'Intelligent Label Placement', 'Property Graph', 'OpenIE', 'Diagram Planner', 'Model Orchestrator', 'Ontology Validation', 'Structural Validator', 'Request/Response Logging']
2025-11-12 18:48:01 | INFO     | 
2025-11-12 18:48:01 | INFO     | 
2025-11-12 18:48:01 | INFO     | ================================================================================
2025-11-12 18:48:01 | INFO     | PHASE 0: NLP Enrichment
2025-11-12 18:48:01 | INFO     | Description: Extract entities, relations, and scientific concepts
2025-11-12 18:48:01 | INFO     | ================================================================================
2025-11-12 18:48:01 | INFO     | 
2025-11-12 18:48:01 | INFO     | Phase Input:
2025-11-12 18:48:01 | INFO     | ----------------------------------------
2025-11-12 18:48:01 | INFO     | Summary: Problem text (369 chars)
2025-11-12 18:48:01 | INFO     |   Type: str
2025-11-12 18:48:01 | INFO     | ----------------------------------------
2025-11-12 18:48:01 | INFO     | 
2025-11-12 18:48:01 | INFO     | Phase Output:
2025-11-12 18:48:01 | INFO     | ----------------------------------------
2025-11-12 18:48:01 | INFO     | Summary: Extracted data using 1 NLP tools
2025-11-12 18:48:01 | INFO     |   openie: dict
2025-11-12 18:48:01 | INFO     | ----------------------------------------
2025-11-12 18:48:01 | INFO     | 
2025-11-12 18:48:01 | INFO     | Phase completed: SUCCESS
2025-11-12 18:48:01 | INFO     | Duration: 1.76ms
2025-11-12 18:48:01 | INFO     | ================================================================================
2025-11-12 18:48:01 | INFO     | 
2025-11-12 18:48:01 | INFO     | ================================================================================
2025-11-12 18:48:01 | INFO     | PHASE 1: Property Graph Construction
2025-11-12 18:48:01 | INFO     | Description: Build knowledge graph from NLP results
2025-11-12 18:48:01 | INFO     | ================================================================================
2025-11-12 18:48:01 | INFO     | 
2025-11-12 18:48:01 | INFO     | Phase Input:
2025-11-12 18:48:01 | INFO     | ----------------------------------------
2025-11-12 18:48:01 | INFO     | Summary: NLP extraction results
2025-11-12 18:48:01 | INFO     |   openie: dict
2025-11-12 18:48:01 | INFO     | ----------------------------------------
2025-11-12 18:48:01 | INFO     | 
2025-11-12 18:48:01 | INFO     | Phase Output:
2025-11-12 18:48:01 | INFO     | ----------------------------------------
2025-11-12 18:48:01 | INFO     | Summary: Built graph with 9 nodes from 1 sources
2025-11-12 18:48:01 | INFO     |   summary: dict
2025-11-12 18:48:01 | INFO     |   node_types: dict
2025-11-12 18:48:01 | INFO     |   edge_types: dict
2025-11-12 18:48:01 | INFO     |   nodes: [9 items]
2025-11-12 18:48:01 | INFO     |   edges: [5 items]
2025-11-12 18:48:01 | INFO     |   saved_to: output/property_graph.json
2025-11-12 18:48:01 | INFO     | ----------------------------------------
2025-11-12 18:48:01 | INFO     | 
2025-11-12 18:48:01 | INFO     | Phase completed: SUCCESS
2025-11-12 18:48:01 | INFO     | Duration: 1.91ms
2025-11-12 18:48:01 | INFO     | ================================================================================
2025-11-12 18:48:01 | INFO     | 
2025-11-12 18:48:01 | INFO     | ================================================================================
2025-11-12 18:48:01 | INFO     | PHASE 2: Diagram Planning (Property Graph-Driven)
2025-11-12 18:48:01 | INFO     | Description: Create diagram plan from property graph
2025-11-12 18:48:01 | INFO     | ================================================================================
2025-11-12 18:48:01 | INFO     | 
2025-11-12 18:48:01 | INFO     | Phase Input:
2025-11-12 18:48:01 | INFO     | ----------------------------------------
2025-11-12 18:48:01 | INFO     | Summary: Original request + Property graph
2025-11-12 18:48:01 | INFO     |   Type: str
2025-11-12 18:48:01 | INFO     | ----------------------------------------
2025-11-12 18:48:01 | ERROR    | 
2025-11-12 18:48:01 | ERROR    | ================================================================================
2025-11-12 18:48:01 | ERROR    | ERROR OCCURRED
2025-11-12 18:48:01 | ERROR    | ================================================================================
2025-11-12 18:48:01 | ERROR    | Context: {'domain': 'unknown', 'phase': 'generation'}
2025-11-12 18:48:01 | ERROR    | Error: AttributeError: type object 'PhysicsDomain' has no attribute 'ELECTROMAGNETISM'
2025-11-12 18:48:01 | ERROR    | 
2025-11-12 18:48:01 | ERROR    | Traceback:
2025-11-12 18:48:01 | ERROR    |   Traceback (most recent call last):
2025-11-12 18:48:01 | ERROR    |     File "/Users/Pramod/projects/STEM-AI/pipeline_universal_STEM/unified_diagram_pipeline.py", line 1054, in generate
2025-11-12 18:48:01 | ERROR    |       diagram_plan = None
2025-11-12 18:48:01 | ERROR    |                   ^^^^^^^
2025-11-12 18:48:01 | ERROR    |     File "/Users/Pramod/projects/STEM-AI/pipeline_universal_STEM/unified_diagram_pipeline.py", line 1783, in _diagram_plan_to_canonical_spec
2025-11-12 18:48:01 | ERROR    |       'biology': biology_score,
2025-11-12 18:48:01 | ERROR    |                          ^^^^^^
2025-11-12 18:48:01 | ERROR    |   AttributeError: type object 'PhysicsDomain' has no attribute 'ELECTROMAGNETISM'
2025-11-12 18:48:01 | ERROR    |   
2025-11-12 18:48:01 | ERROR    | ================================================================================
2025-11-12 18:48:01 | INFO     | 
2025-11-12 18:48:01 | INFO     | ================================================================================
2025-11-12 18:48:01 | INFO     | RESPONSE
2025-11-12 18:48:01 | INFO     | ================================================================================
2025-11-12 18:48:01 | INFO     | Status: FAILED
2025-11-12 18:48:01 | INFO     | Total Duration: 272103.24ms
2025-11-12 18:48:01 | ERROR    | Error: type object 'PhysicsDomain' has no attribute 'ELECTROMAGNETISM'
2025-11-12 18:48:01 | INFO     | 
2025-11-12 18:48:01 | INFO     | Full trace saved to: logs/req_20251112_184329.log
2025-11-12 18:48:01 | INFO     | ================================================================================
2025-11-12 18:48:01 | INFO     | Trace JSON saved to: logs/req_20251112_184329_trace.json
