2025-11-11 23:10:48 | INFO     | ================================================================================
2025-11-11 23:10:48 | INFO     | NEW DIAGRAM GENERATION REQUEST
2025-11-11 23:10:48 | INFO     | ================================================================================
2025-11-11 23:10:48 | INFO     | Request ID: req_20251111_231048
2025-11-11 23:10:48 | INFO     | Problem Text Length: 99 characters
2025-11-11 23:10:48 | INFO     | 
2025-11-11 23:10:48 | INFO     | Problem Text:
2025-11-11 23:10:48 | INFO     | --------------------------------------------------------------------------------
2025-11-11 23:10:48 | INFO     |   
2025-11-11 23:10:48 | INFO     |   A parallel-plate capacitor has charge q and plate area A.
2025-11-11 23:10:48 | INFO     |   The plates are separated by distance x.
2025-11-11 23:10:48 | INFO     |   
2025-11-11 23:10:48 | INFO     | --------------------------------------------------------------------------------
2025-11-11 23:10:48 | INFO     | 
2025-11-11 23:10:48 | INFO     | Configuration:
2025-11-11 23:10:48 | INFO     |   canvas_width: 1200
2025-11-11 23:10:48 | INFO     |   canvas_height: 800
2025-11-11 23:10:48 | INFO     |   validation_mode: warn
2025-11-11 23:10:48 | INFO     |   active_features: ['Spatial Validation', 'Intelligent Label Placement', 'Model Orchestrator', 'Structural Validator', 'VLM Validator', 'Request/Response Logging']
2025-11-11 23:10:48 | INFO     | 
2025-11-11 23:10:48 | INFO     | 
2025-11-11 23:10:48 | INFO     | ================================================================================
2025-11-11 23:10:48 | INFO     | PHASE 2: Problem Understanding + Complexity
2025-11-11 23:10:48 | INFO     | Description: Analyze problem and assess complexity
2025-11-11 23:10:48 | INFO     | ================================================================================
2025-11-11 23:10:48 | INFO     | 
2025-11-11 23:10:48 | INFO     | Phase Input:
2025-11-11 23:10:48 | INFO     | ----------------------------------------
2025-11-11 23:10:48 | INFO     | Summary: Problem text
2025-11-11 23:10:48 | INFO     |   Type: str
2025-11-11 23:10:48 | INFO     | ----------------------------------------
2025-11-11 23:10:48 | INFO     | 
2025-11-11 23:10:48 | INFO     | Phase Output:
2025-11-11 23:10:48 | INFO     | ----------------------------------------
2025-11-11 23:10:48 | INFO     | Summary: Domain: electrostatics, Objects: 5
2025-11-11 23:10:48 | INFO     |   domain: electrostatics
2025-11-11 23:10:48 | INFO     |   object_count: 5
2025-11-11 23:10:48 | INFO     |   constraint_count: 0
2025-11-11 23:10:48 | INFO     |   complexity_score: NoneType
2025-11-11 23:10:48 | INFO     | ----------------------------------------
2025-11-11 23:10:48 | INFO     | 
2025-11-11 23:10:48 | INFO     | Phase completed: SUCCESS
2025-11-11 23:10:48 | INFO     | Duration: 5.46ms
2025-11-11 23:10:48 | INFO     | ================================================================================
2025-11-11 23:10:48 | INFO     | 
2025-11-11 23:10:48 | INFO     | ================================================================================
2025-11-11 23:10:48 | INFO     | PHASE 3: Scene Synthesis + Strategic Planning
2025-11-11 23:10:48 | INFO     | Description: Build scene graph and select strategy
2025-11-11 23:10:48 | INFO     | ================================================================================
2025-11-11 23:10:48 | INFO     | 
2025-11-11 23:10:48 | INFO     | Phase Input:
2025-11-11 23:10:48 | INFO     | ----------------------------------------
2025-11-11 23:10:48 | INFO     | Summary: Problem specs with 5 objects
2025-11-11 23:10:48 | INFO     |   Type: CanonicalProblemSpec
2025-11-11 23:10:48 | INFO     | ----------------------------------------
2025-11-11 23:10:48 | INFO     | 
2025-11-11 23:10:48 | INFO     | Phase Output:
2025-11-11 23:10:48 | INFO     | ----------------------------------------
2025-11-11 23:10:48 | INFO     | Summary: Scene with 7 objects
2025-11-11 23:10:48 | INFO     |   object_count: 7
2025-11-11 23:10:48 | INFO     |   selected_strategy: NoneType
2025-11-11 23:10:48 | INFO     | ----------------------------------------
2025-11-11 23:10:48 | INFO     | 
2025-11-11 23:10:48 | INFO     | Phase completed: SUCCESS
2025-11-11 23:10:48 | INFO     | Duration: 0.68ms
2025-11-11 23:10:48 | INFO     | ================================================================================
2025-11-11 23:10:48 | INFO     | 
2025-11-11 23:10:48 | INFO     | ================================================================================
2025-11-11 23:10:48 | INFO     | PHASE 5: Physics Validation
2025-11-11 23:10:48 | INFO     | Description: Validate physics constraints and relationships
2025-11-11 23:10:48 | INFO     | ================================================================================
2025-11-11 23:10:48 | INFO     | 
2025-11-11 23:10:48 | INFO     | Phase Input:
2025-11-11 23:10:48 | INFO     | ----------------------------------------
2025-11-11 23:10:48 | INFO     | Summary: Scene with 7 objects
2025-11-11 23:10:48 | INFO     |   Type: Scene
2025-11-11 23:10:48 | INFO     | ----------------------------------------
2025-11-11 23:10:48 | INFO     | 
2025-11-11 23:10:48 | INFO     | Phase Output:
2025-11-11 23:10:48 | INFO     | ----------------------------------------
2025-11-11 23:10:48 | INFO     | Summary: Errors: 0, Warnings: 12
2025-11-11 23:10:48 | INFO     |   errors: 0
2025-11-11 23:10:48 | INFO     |   warnings: 12
2025-11-11 23:10:48 | INFO     | ----------------------------------------
2025-11-11 23:10:48 | INFO     | 
2025-11-11 23:10:48 | INFO     | Phase completed: SUCCESS
2025-11-11 23:10:48 | INFO     | Duration: 0.28ms
2025-11-11 23:10:48 | INFO     | ================================================================================
2025-11-11 23:10:48 | INFO     | 
2025-11-11 23:10:48 | INFO     | ================================================================================
2025-11-11 23:10:48 | INFO     | PHASE 6: Layout Optimization + Z3
2025-11-11 23:10:48 | INFO     | Description: Compute optimal object positions
2025-11-11 23:10:48 | INFO     | ================================================================================
2025-11-11 23:10:48 | INFO     | 
2025-11-11 23:10:48 | INFO     | Phase Input:
2025-11-11 23:10:48 | INFO     | ----------------------------------------
2025-11-11 23:10:48 | INFO     | Summary: Scene with 7 unpositioned objects
2025-11-11 23:10:48 | INFO     |   Type: Scene
2025-11-11 23:10:48 | INFO     | ----------------------------------------
2025-11-11 23:10:48 | INFO     | 
2025-11-11 23:10:48 | INFO     | Phase Output:
2025-11-11 23:10:48 | INFO     | ----------------------------------------
2025-11-11 23:10:48 | INFO     | Summary: Positioned 7 objects
2025-11-11 23:10:48 | INFO     |   object_count: 7
2025-11-11 23:10:48 | INFO     |   z3_used: False
2025-11-11 23:10:48 | INFO     | ----------------------------------------
2025-11-11 23:10:48 | INFO     | 
2025-11-11 23:10:48 | INFO     | Phase completed: SUCCESS
2025-11-11 23:10:48 | INFO     | Duration: 0.34ms
2025-11-11 23:10:48 | INFO     | ================================================================================
2025-11-11 23:10:48 | INFO     | 
2025-11-11 23:10:48 | INFO     | ================================================================================
2025-11-11 23:10:48 | INFO     | PHASE 7: Intelligent Label Placement
2025-11-11 23:10:48 | INFO     | Description: Optimize label positions to avoid overlaps
2025-11-11 23:10:48 | INFO     | ================================================================================
2025-11-11 23:10:48 | INFO     | 
2025-11-11 23:10:48 | INFO     | Phase Input:
2025-11-11 23:10:48 | INFO     | ----------------------------------------
2025-11-11 23:10:48 | INFO     | Summary: Positioned scene
2025-11-11 23:10:48 | INFO     |   Type: Scene
2025-11-11 23:10:48 | INFO     | ----------------------------------------
2025-11-11 23:10:48 | INFO     | 
2025-11-11 23:10:48 | INFO     | Phase Output:
2025-11-11 23:10:48 | INFO     | ----------------------------------------
2025-11-11 23:10:48 | INFO     | Summary: Labels placed
2025-11-11 23:10:48 | INFO     | ----------------------------------------
2025-11-11 23:10:48 | INFO     | 
2025-11-11 23:10:48 | INFO     | Phase completed: SUCCESS
2025-11-11 23:10:48 | INFO     | Duration: 0.18ms
2025-11-11 23:10:48 | INFO     | ================================================================================
2025-11-11 23:10:48 | INFO     | 
2025-11-11 23:10:48 | INFO     | ================================================================================
2025-11-11 23:10:48 | INFO     | PHASE 8: Spatial Validation
2025-11-11 23:10:48 | INFO     | Description: Check for overlaps and positioning errors
2025-11-11 23:10:48 | INFO     | ================================================================================
2025-11-11 23:10:48 | INFO     | 
2025-11-11 23:10:48 | INFO     | Phase Input:
2025-11-11 23:10:48 | INFO     | ----------------------------------------
2025-11-11 23:10:48 | INFO     | Summary: Final positioned scene
2025-11-11 23:10:48 | INFO     |   Type: Scene
2025-11-11 23:10:48 | INFO     | ----------------------------------------
2025-11-11 23:10:48 | INFO     | 
2025-11-11 23:10:48 | INFO     | Phase Output:
2025-11-11 23:10:48 | INFO     | ----------------------------------------
2025-11-11 23:10:48 | INFO     | Summary: Errors: 0, Warnings: 5
2025-11-11 23:10:48 | INFO     |   errors: 0
2025-11-11 23:10:48 | INFO     |   warnings: 5
2025-11-11 23:10:48 | INFO     |   is_valid: True
2025-11-11 23:10:48 | INFO     | ----------------------------------------
2025-11-11 23:10:48 | INFO     | 
2025-11-11 23:10:48 | INFO     | Phase completed: SUCCESS
2025-11-11 23:10:48 | INFO     | Duration: 0.24ms
2025-11-11 23:10:48 | INFO     | ================================================================================
2025-11-11 23:10:48 | INFO     | 
2025-11-11 23:10:48 | INFO     | ================================================================================
2025-11-11 23:10:48 | INFO     | PHASE 9: Rendering
2025-11-11 23:10:48 | INFO     | Description: Generate SVG output
2025-11-11 23:10:48 | INFO     | ================================================================================
2025-11-11 23:10:48 | INFO     | 
2025-11-11 23:10:48 | INFO     | Phase Input:
2025-11-11 23:10:48 | INFO     | ----------------------------------------
2025-11-11 23:10:48 | INFO     | Summary: Positioned scene with 7 objects
2025-11-11 23:10:48 | INFO     |   Type: Scene
2025-11-11 23:10:48 | INFO     | ----------------------------------------
2025-11-11 23:10:48 | INFO     | 
2025-11-11 23:10:48 | INFO     | Phase Output:
2025-11-11 23:10:48 | INFO     | ----------------------------------------
2025-11-11 23:10:48 | INFO     | Summary: SVG generated (2,777 bytes)
2025-11-11 23:10:48 | INFO     |   svg_size: 2777
2025-11-11 23:10:48 | INFO     | ----------------------------------------
2025-11-11 23:10:48 | INFO     | 
2025-11-11 23:10:48 | INFO     | Phase completed: SUCCESS
2025-11-11 23:10:48 | INFO     | Duration: 0.24ms
2025-11-11 23:10:48 | INFO     | ================================================================================
2025-11-11 23:10:48 | INFO     | 
2025-11-11 23:10:48 | INFO     | ================================================================================
2025-11-11 23:10:48 | INFO     | RESPONSE
2025-11-11 23:10:48 | INFO     | ================================================================================
2025-11-11 23:10:48 | INFO     | Status: SUCCESS
2025-11-11 23:10:48 | INFO     | Total Duration: 8.00ms
2025-11-11 23:10:48 | INFO     | 
2025-11-11 23:10:48 | INFO     | Result Summary:
2025-11-11 23:10:48 | INFO     | 
2025-11-11 23:10:48 | INFO     | Full trace saved to: logs/req_20251111_231048.log
2025-11-11 23:10:48 | INFO     | ================================================================================
2025-11-11 23:10:48 | INFO     | Trace JSON saved to: logs/req_20251111_231048_trace.json
