2025-11-11 21:23:04 | INFO     | ================================================================================
2025-11-11 21:23:04 | INFO     | NEW DIAGRAM GENERATION REQUEST
2025-11-11 21:23:04 | INFO     | ================================================================================
2025-11-11 21:23:04 | INFO     | Request ID: req_20251111_212251
2025-11-11 21:23:04 | INFO     | Problem Text Length: 369 characters
2025-11-11 21:23:04 | INFO     | 
2025-11-11 21:23:04 | INFO     | Problem Text:
2025-11-11 21:23:04 | INFO     | --------------------------------------------------------------------------------
2025-11-11 21:23:04 | INFO     |   Question 4:A parallel-plate capacitor of plate area A = 10.5 cm² and plate separation 2d = 7.12 mm is configured as follows: The left half is filled with dielectric κ₁ = 21.0. The right half is divided into two regions - top with κ₂ = 42.0 and bottom with κ₃ = 58.0. Calculate the total capacitance.[Left half: uniform κ₁; Right half: top quarter κ₂, bottom quarter κ₃]
2025-11-11 21:23:04 | INFO     | --------------------------------------------------------------------------------
2025-11-11 21:23:04 | INFO     | 
2025-11-11 21:23:04 | INFO     | Configuration:
2025-11-11 21:23:04 | INFO     |   canvas_width: 1200
2025-11-11 21:23:04 | INFO     |   canvas_height: 800
2025-11-11 21:23:04 | INFO     |   validation_mode: standard
2025-11-11 21:23:04 | INFO     |   active_features: ['Spatial Validation', 'Intelligent Label Placement', 'Property Graph', 'OpenIE', 'Diagram Planner', 'Model Orchestrator', 'Ontology Validation', 'Structural Validator', 'Request/Response Logging']
2025-11-11 21:23:04 | INFO     | 
2025-11-11 21:23:04 | INFO     | 
2025-11-11 21:23:04 | INFO     | ================================================================================
2025-11-11 21:23:04 | INFO     | PHASE 0: NLP Enrichment
2025-11-11 21:23:04 | INFO     | Description: Extract entities, relations, and scientific concepts
2025-11-11 21:23:04 | INFO     | ================================================================================
2025-11-11 21:23:04 | INFO     | 
2025-11-11 21:23:04 | INFO     | Phase Input:
2025-11-11 21:23:04 | INFO     | ----------------------------------------
2025-11-11 21:23:04 | INFO     | Summary: Problem text (369 chars)
2025-11-11 21:23:04 | INFO     |   Type: str
2025-11-11 21:23:04 | INFO     | ----------------------------------------
2025-11-11 21:23:04 | INFO     | 
2025-11-11 21:23:04 | INFO     | Phase Output:
2025-11-11 21:23:04 | INFO     | ----------------------------------------
2025-11-11 21:23:04 | INFO     | Summary: Extracted data using 1 NLP tools
2025-11-11 21:23:04 | INFO     |   openie: dict
2025-11-11 21:23:04 | INFO     | ----------------------------------------
2025-11-11 21:23:04 | INFO     | 
2025-11-11 21:23:04 | INFO     | Phase completed: SUCCESS
2025-11-11 21:23:04 | INFO     | Duration: 0.94ms
2025-11-11 21:23:04 | INFO     | ================================================================================
2025-11-11 21:23:04 | INFO     | 
2025-11-11 21:23:04 | INFO     | ================================================================================
2025-11-11 21:23:04 | INFO     | PHASE 1: Property Graph Construction
2025-11-11 21:23:04 | INFO     | Description: Build knowledge graph from NLP results
2025-11-11 21:23:04 | INFO     | ================================================================================
2025-11-11 21:23:04 | INFO     | 
2025-11-11 21:23:04 | INFO     | Phase Input:
2025-11-11 21:23:04 | INFO     | ----------------------------------------
2025-11-11 21:23:04 | INFO     | Summary: NLP extraction results
2025-11-11 21:23:04 | INFO     |   openie: dict
2025-11-11 21:23:04 | INFO     | ----------------------------------------
2025-11-11 21:23:04 | INFO     | 
2025-11-11 21:23:04 | INFO     | Phase Output:
2025-11-11 21:23:04 | INFO     | ----------------------------------------
2025-11-11 21:23:04 | INFO     | Summary: Built graph with 9 nodes
2025-11-11 21:23:04 | INFO     |   nodes: 9
2025-11-11 21:23:04 | INFO     |   edges: 5
2025-11-11 21:23:04 | INFO     | ----------------------------------------
2025-11-11 21:23:04 | INFO     | 
2025-11-11 21:23:04 | INFO     | Phase completed: SUCCESS
2025-11-11 21:23:04 | INFO     | Duration: 0.50ms
2025-11-11 21:23:04 | INFO     | ================================================================================
2025-11-11 21:23:04 | INFO     | 
2025-11-11 21:23:04 | INFO     | ================================================================================
2025-11-11 21:23:04 | INFO     | PHASE 2: Problem Understanding + Complexity
2025-11-11 21:23:04 | INFO     | Description: Analyze problem and assess complexity
2025-11-11 21:23:04 | INFO     | ================================================================================
2025-11-11 21:23:04 | INFO     | 
2025-11-11 21:23:04 | INFO     | Phase Input:
2025-11-11 21:23:04 | INFO     | ----------------------------------------
2025-11-11 21:23:04 | INFO     | Summary: Problem text
2025-11-11 21:23:04 | INFO     |   Type: str
2025-11-11 21:23:04 | INFO     | ----------------------------------------
2025-11-11 21:23:04 | INFO     | 
2025-11-11 21:23:04 | INFO     | Phase Output:
2025-11-11 21:23:04 | INFO     | ----------------------------------------
2025-11-11 21:23:04 | INFO     | Summary: Domain: electrostatics, Objects: 5
2025-11-11 21:23:04 | INFO     |   domain: electrostatics
2025-11-11 21:23:04 | INFO     |   object_count: 5
2025-11-11 21:23:04 | INFO     |   constraint_count: 5
2025-11-11 21:23:04 | INFO     |   complexity_score: 0.345
2025-11-11 21:23:04 | INFO     | ----------------------------------------
2025-11-11 21:23:04 | INFO     | 
2025-11-11 21:23:04 | INFO     | Phase completed: SUCCESS
2025-11-11 21:23:04 | INFO     | Duration: 19.86ms
2025-11-11 21:23:04 | INFO     | ================================================================================
2025-11-11 21:23:04 | INFO     | 
2025-11-11 21:23:04 | INFO     | ================================================================================
2025-11-11 21:23:04 | INFO     | PHASE 3: Scene Synthesis + Strategic Planning
2025-11-11 21:23:04 | INFO     | Description: Build scene graph and select strategy
2025-11-11 21:23:04 | INFO     | ================================================================================
2025-11-11 21:23:04 | INFO     | 
2025-11-11 21:23:04 | INFO     | Phase Input:
2025-11-11 21:23:04 | INFO     | ----------------------------------------
2025-11-11 21:23:04 | INFO     | Summary: Problem specs with 5 objects
2025-11-11 21:23:04 | INFO     |   Type: CanonicalProblemSpec
2025-11-11 21:23:04 | INFO     | ----------------------------------------
2025-11-11 21:23:04 | INFO     | 
2025-11-11 21:23:04 | INFO     | Phase Output:
2025-11-11 21:23:04 | INFO     | ----------------------------------------
2025-11-11 21:23:04 | INFO     | Summary: Scene with 12 objects
2025-11-11 21:23:04 | INFO     |   object_count: 12
2025-11-11 21:23:04 | INFO     |   selected_strategy: symbolic_physics
2025-11-11 21:23:04 | INFO     | ----------------------------------------
2025-11-11 21:23:04 | INFO     | 
2025-11-11 21:23:04 | INFO     | Phase completed: SUCCESS
2025-11-11 21:23:04 | INFO     | Duration: 0.95ms
2025-11-11 21:23:04 | INFO     | ================================================================================
2025-11-11 21:23:04 | INFO     | 
2025-11-11 21:23:04 | INFO     | ================================================================================
2025-11-11 21:23:04 | INFO     | PHASE 4: Ontology Validation
2025-11-11 21:23:04 | INFO     | Description: Validate semantic consistency
2025-11-11 21:23:04 | INFO     | ================================================================================
2025-11-11 21:23:04 | INFO     | 
2025-11-11 21:23:04 | INFO     | Phase Input:
2025-11-11 21:23:04 | INFO     | ----------------------------------------
2025-11-11 21:23:04 | INFO     | Summary: Specs with 5 objects
2025-11-11 21:23:04 | INFO     |   Type: CanonicalProblemSpec
2025-11-11 21:23:04 | INFO     | ----------------------------------------
2025-11-11 21:23:04 | INFO     | 
2025-11-11 21:23:04 | INFO     | Phase Output:
2025-11-11 21:23:04 | INFO     | ----------------------------------------
2025-11-11 21:23:04 | INFO     | Summary: Consistent: None
2025-11-11 21:23:04 | INFO     |   consistent: NoneType
2025-11-11 21:23:04 | INFO     |   errors: [1 items]
2025-11-11 21:23:04 | INFO     |   warnings: [1 items]
2025-11-11 21:23:04 | INFO     | ----------------------------------------
2025-11-11 21:23:04 | INFO     | 
2025-11-11 21:23:04 | INFO     | Phase completed: SUCCESS
2025-11-11 21:23:04 | INFO     | Duration: 0.28ms
2025-11-11 21:23:04 | INFO     | ================================================================================
2025-11-11 21:23:04 | INFO     | 
2025-11-11 21:23:04 | INFO     | ================================================================================
2025-11-11 21:23:04 | INFO     | PHASE 5: Physics Validation
2025-11-11 21:23:04 | INFO     | Description: Validate physics constraints and relationships
2025-11-11 21:23:04 | INFO     | ================================================================================
2025-11-11 21:23:04 | INFO     | 
2025-11-11 21:23:04 | INFO     | Phase Input:
2025-11-11 21:23:04 | INFO     | ----------------------------------------
2025-11-11 21:23:04 | INFO     | Summary: Scene with 12 objects
2025-11-11 21:23:04 | INFO     |   Type: Scene
2025-11-11 21:23:04 | INFO     | ----------------------------------------
2025-11-11 21:23:04 | INFO     | 
2025-11-11 21:23:04 | INFO     | Phase Output:
2025-11-11 21:23:04 | INFO     | ----------------------------------------
2025-11-11 21:23:04 | INFO     | Summary: Errors: 0, Warnings: 1
2025-11-11 21:23:04 | INFO     |   errors: 0
2025-11-11 21:23:04 | INFO     |   warnings: 1
2025-11-11 21:23:04 | INFO     | ----------------------------------------
2025-11-11 21:23:04 | INFO     | 
2025-11-11 21:23:04 | INFO     | Phase completed: SUCCESS
2025-11-11 21:23:04 | INFO     | Duration: 0.39ms
2025-11-11 21:23:04 | INFO     | ================================================================================
2025-11-11 21:23:04 | INFO     | 
2025-11-11 21:23:04 | INFO     | ================================================================================
2025-11-11 21:23:04 | INFO     | PHASE 6: Layout Optimization + Z3
2025-11-11 21:23:04 | INFO     | Description: Compute optimal object positions
2025-11-11 21:23:04 | INFO     | ================================================================================
2025-11-11 21:23:04 | INFO     | 
2025-11-11 21:23:04 | INFO     | Phase Input:
2025-11-11 21:23:04 | INFO     | ----------------------------------------
2025-11-11 21:23:04 | INFO     | Summary: Scene with 12 unpositioned objects
2025-11-11 21:23:04 | INFO     |   Type: Scene
2025-11-11 21:23:04 | INFO     | ----------------------------------------
2025-11-11 21:23:04 | INFO     | 
2025-11-11 21:23:04 | INFO     | Phase Output:
2025-11-11 21:23:04 | INFO     | ----------------------------------------
2025-11-11 21:23:04 | INFO     | Summary: Positioned 12 objects
2025-11-11 21:23:04 | INFO     |   object_count: 12
2025-11-11 21:23:04 | INFO     |   z3_used: False
2025-11-11 21:23:04 | INFO     | ----------------------------------------
2025-11-11 21:23:04 | INFO     | 
2025-11-11 21:23:04 | INFO     | Phase completed: SUCCESS
2025-11-11 21:23:04 | INFO     | Duration: 4.44ms
2025-11-11 21:23:04 | INFO     | ================================================================================
2025-11-11 21:23:04 | INFO     | 
2025-11-11 21:23:04 | INFO     | ================================================================================
2025-11-11 21:23:04 | INFO     | PHASE 7: Intelligent Label Placement
2025-11-11 21:23:04 | INFO     | Description: Optimize label positions to avoid overlaps
2025-11-11 21:23:04 | INFO     | ================================================================================
2025-11-11 21:23:04 | INFO     | 
2025-11-11 21:23:04 | INFO     | Phase Input:
2025-11-11 21:23:04 | INFO     | ----------------------------------------
2025-11-11 21:23:04 | INFO     | Summary: Positioned scene
2025-11-11 21:23:04 | INFO     |   Type: Scene
2025-11-11 21:23:04 | INFO     | ----------------------------------------
2025-11-11 21:23:04 | INFO     | 
2025-11-11 21:23:04 | INFO     | Phase Output:
2025-11-11 21:23:04 | INFO     | ----------------------------------------
2025-11-11 21:23:04 | INFO     | Summary: Labels placed
2025-11-11 21:23:04 | INFO     | ----------------------------------------
2025-11-11 21:23:04 | INFO     | 
2025-11-11 21:23:04 | INFO     | Phase completed: SUCCESS
2025-11-11 21:23:04 | INFO     | Duration: 0.48ms
2025-11-11 21:23:04 | INFO     | ================================================================================
2025-11-11 21:23:04 | INFO     | 
2025-11-11 21:23:04 | INFO     | ================================================================================
2025-11-11 21:23:04 | INFO     | PHASE 8: Spatial Validation
2025-11-11 21:23:04 | INFO     | Description: Check for overlaps and positioning errors
2025-11-11 21:23:04 | INFO     | ================================================================================
2025-11-11 21:23:04 | INFO     | 
2025-11-11 21:23:04 | INFO     | Phase Input:
2025-11-11 21:23:04 | INFO     | ----------------------------------------
2025-11-11 21:23:04 | INFO     | Summary: Final positioned scene
2025-11-11 21:23:04 | INFO     |   Type: Scene
2025-11-11 21:23:04 | INFO     | ----------------------------------------
2025-11-11 21:23:04 | INFO     | 
2025-11-11 21:23:04 | INFO     | Phase Output:
2025-11-11 21:23:04 | INFO     | ----------------------------------------
2025-11-11 21:23:04 | INFO     | Summary: Errors: 0, Warnings: 6
2025-11-11 21:23:04 | INFO     |   errors: 0
2025-11-11 21:23:04 | INFO     |   warnings: 6
2025-11-11 21:23:04 | INFO     |   is_valid: True
2025-11-11 21:23:04 | INFO     | ----------------------------------------
2025-11-11 21:23:04 | INFO     | 
2025-11-11 21:23:04 | INFO     | Phase completed: SUCCESS
2025-11-11 21:23:04 | INFO     | Duration: 0.46ms
2025-11-11 21:23:04 | INFO     | ================================================================================
2025-11-11 21:23:04 | INFO     | 
2025-11-11 21:23:04 | INFO     | ================================================================================
2025-11-11 21:23:04 | INFO     | PHASE 9: Rendering
2025-11-11 21:23:04 | INFO     | Description: Generate SVG output
2025-11-11 21:23:04 | INFO     | ================================================================================
2025-11-11 21:23:04 | INFO     | 
2025-11-11 21:23:04 | INFO     | Phase Input:
2025-11-11 21:23:04 | INFO     | ----------------------------------------
2025-11-11 21:23:04 | INFO     | Summary: Positioned scene with 12 objects
2025-11-11 21:23:04 | INFO     |   Type: Scene
2025-11-11 21:23:04 | INFO     | ----------------------------------------
2025-11-11 21:23:04 | INFO     | 
2025-11-11 21:23:04 | INFO     | Phase Output:
2025-11-11 21:23:04 | INFO     | ----------------------------------------
2025-11-11 21:23:04 | INFO     | Summary: SVG generated (4,066 bytes)
2025-11-11 21:23:04 | INFO     |   svg_size: 4066
2025-11-11 21:23:04 | INFO     | ----------------------------------------
2025-11-11 21:23:04 | INFO     | 
2025-11-11 21:23:04 | INFO     | Phase completed: SUCCESS
2025-11-11 21:23:04 | INFO     | Duration: 0.36ms
2025-11-11 21:23:04 | INFO     | ================================================================================
2025-11-11 21:23:04 | INFO     | 
2025-11-11 21:23:04 | INFO     | ================================================================================
2025-11-11 21:23:04 | INFO     | RESPONSE
2025-11-11 21:23:04 | INFO     | ================================================================================
2025-11-11 21:23:04 | INFO     | Status: SUCCESS
2025-11-11 21:23:04 | INFO     | Total Duration: 13015.28ms
2025-11-11 21:23:04 | INFO     | 
2025-11-11 21:23:04 | INFO     | Result Summary:
2025-11-11 21:23:04 | INFO     | 
2025-11-11 21:23:04 | INFO     | Full trace saved to: logs/req_20251111_212251.log
2025-11-11 21:23:04 | INFO     | ================================================================================
2025-11-11 21:23:04 | INFO     | Trace JSON saved to: logs/req_20251111_212251_trace.json
