2025-11-12 11:33:00 | INFO     | ================================================================================
2025-11-12 11:33:00 | INFO     | NEW DIAGRAM GENERATION REQUEST
2025-11-12 11:33:00 | INFO     | ================================================================================
2025-11-12 11:33:00 | INFO     | Request ID: req_20251112_113242
2025-11-12 11:33:00 | INFO     | Problem Text Length: 369 characters
2025-11-12 11:33:00 | INFO     | 
2025-11-12 11:33:00 | INFO     | Problem Text:
2025-11-12 11:33:00 | INFO     | --------------------------------------------------------------------------------
2025-11-12 11:33:00 | INFO     |   Question 4:A parallel-plate capacitor of plate area A = 10.5 cm² and plate separation 2d = 7.12 mm is configured as follows: The left half is filled with dielectric κ₁ = 21.0. The right half is divided into two regions - top with κ₂ = 42.0 and bottom with κ₃ = 58.0. Calculate the total capacitance.[Left half: uniform κ₁; Right half: top quarter κ₂, bottom quarter κ₃]
2025-11-12 11:33:00 | INFO     | --------------------------------------------------------------------------------
2025-11-12 11:33:00 | INFO     | 
2025-11-12 11:33:00 | INFO     | Configuration:
2025-11-12 11:33:00 | INFO     |   canvas_width: 1200
2025-11-12 11:33:00 | INFO     |   canvas_height: 800
2025-11-12 11:33:00 | INFO     |   validation_mode: standard
2025-11-12 11:33:00 | INFO     |   active_features: ['Spatial Validation', 'Intelligent Label Placement', 'Property Graph', 'OpenIE', 'Diagram Planner', 'Model Orchestrator', 'Ontology Validation', 'Structural Validator', 'Request/Response Logging']
2025-11-12 11:33:00 | INFO     | 
2025-11-12 11:33:00 | INFO     | 
2025-11-12 11:33:00 | INFO     | ================================================================================
2025-11-12 11:33:00 | INFO     | PHASE 0: NLP Enrichment
2025-11-12 11:33:00 | INFO     | Description: Extract entities, relations, and scientific concepts
2025-11-12 11:33:00 | INFO     | ================================================================================
2025-11-12 11:33:00 | INFO     | 
2025-11-12 11:33:00 | INFO     | Phase Input:
2025-11-12 11:33:00 | INFO     | ----------------------------------------
2025-11-12 11:33:00 | INFO     | Summary: Problem text (369 chars)
2025-11-12 11:33:00 | INFO     |   Type: str
2025-11-12 11:33:00 | INFO     | ----------------------------------------
2025-11-12 11:33:00 | INFO     | 
2025-11-12 11:33:00 | INFO     | Phase Output:
2025-11-12 11:33:00 | INFO     | ----------------------------------------
2025-11-12 11:33:00 | INFO     | Summary: Extracted data using 1 NLP tools
2025-11-12 11:33:00 | INFO     |   openie: dict
2025-11-12 11:33:00 | INFO     | ----------------------------------------
2025-11-12 11:33:00 | INFO     | 
2025-11-12 11:33:00 | INFO     | Phase completed: SUCCESS
2025-11-12 11:33:00 | INFO     | Duration: 1.96ms
2025-11-12 11:33:00 | INFO     | ================================================================================
2025-11-12 11:33:00 | INFO     | 
2025-11-12 11:33:00 | INFO     | ================================================================================
2025-11-12 11:33:00 | INFO     | PHASE 1: Property Graph Construction
2025-11-12 11:33:00 | INFO     | Description: Build knowledge graph from NLP results
2025-11-12 11:33:00 | INFO     | ================================================================================
2025-11-12 11:33:00 | INFO     | 
2025-11-12 11:33:00 | INFO     | Phase Input:
2025-11-12 11:33:00 | INFO     | ----------------------------------------
2025-11-12 11:33:00 | INFO     | Summary: NLP extraction results
2025-11-12 11:33:00 | INFO     |   openie: dict
2025-11-12 11:33:00 | INFO     | ----------------------------------------
2025-11-12 11:33:00 | INFO     | 
2025-11-12 11:33:00 | INFO     | Phase Output:
2025-11-12 11:33:00 | INFO     | ----------------------------------------
2025-11-12 11:33:00 | INFO     | Summary: Built graph with 9 nodes from 1 sources
2025-11-12 11:33:00 | INFO     |   summary: dict
2025-11-12 11:33:00 | INFO     |   node_types: dict
2025-11-12 11:33:00 | INFO     |   edge_types: dict
2025-11-12 11:33:00 | INFO     |   nodes: [9 items]
2025-11-12 11:33:00 | INFO     |   edges: [5 items]
2025-11-12 11:33:00 | INFO     | ----------------------------------------
2025-11-12 11:33:00 | INFO     | 
2025-11-12 11:33:00 | INFO     | Phase completed: SUCCESS
2025-11-12 11:33:00 | INFO     | Duration: 1.47ms
2025-11-12 11:33:00 | INFO     | ================================================================================
2025-11-12 11:33:00 | INFO     | 
2025-11-12 11:33:00 | INFO     | ================================================================================
2025-11-12 11:33:00 | INFO     | PHASE 2: Problem Understanding + Complexity
2025-11-12 11:33:00 | INFO     | Description: Analyze problem and assess complexity
2025-11-12 11:33:00 | INFO     | ================================================================================
2025-11-12 11:33:00 | INFO     | 
2025-11-12 11:33:00 | INFO     | Phase Input:
2025-11-12 11:33:00 | INFO     | ----------------------------------------
2025-11-12 11:33:00 | INFO     | Summary: Problem text
2025-11-12 11:33:00 | INFO     |   Type: str
2025-11-12 11:33:00 | INFO     | ----------------------------------------
2025-11-12 11:33:00 | INFO     | 
2025-11-12 11:33:00 | INFO     | Phase Output:
2025-11-12 11:33:00 | INFO     | ----------------------------------------
2025-11-12 11:33:00 | INFO     | Summary: Domain: electrostatics, Objects: 5
2025-11-12 11:33:00 | INFO     |   domain: electrostatics
2025-11-12 11:33:00 | INFO     |   object_count: 5
2025-11-12 11:33:00 | INFO     |   constraint_count: 5
2025-11-12 11:33:00 | INFO     |   complexity_score: 0.345
2025-11-12 11:33:00 | INFO     | ----------------------------------------
2025-11-12 11:33:00 | INFO     | 
2025-11-12 11:33:00 | INFO     | Phase completed: SUCCESS
2025-11-12 11:33:00 | INFO     | Duration: 19.34ms
2025-11-12 11:33:00 | INFO     | ================================================================================
2025-11-12 11:33:00 | INFO     | 
2025-11-12 11:33:00 | INFO     | ================================================================================
2025-11-12 11:33:00 | INFO     | PHASE 3: Scene Synthesis + Strategic Planning
2025-11-12 11:33:00 | INFO     | Description: Build scene graph and select strategy
2025-11-12 11:33:00 | INFO     | ================================================================================
2025-11-12 11:33:00 | INFO     | 
2025-11-12 11:33:00 | INFO     | Phase Input:
2025-11-12 11:33:00 | INFO     | ----------------------------------------
2025-11-12 11:33:00 | INFO     | Summary: Problem specs with 5 objects
2025-11-12 11:33:00 | INFO     |   Type: CanonicalProblemSpec
2025-11-12 11:33:00 | INFO     | ----------------------------------------
2025-11-12 11:33:00 | INFO     | 
2025-11-12 11:33:00 | INFO     | Phase Output:
2025-11-12 11:33:00 | INFO     | ----------------------------------------
2025-11-12 11:33:00 | INFO     | Summary: Scene with 12 objects
2025-11-12 11:33:00 | INFO     |   object_count: 12
2025-11-12 11:33:00 | INFO     |   selected_strategy: symbolic_physics
2025-11-12 11:33:00 | INFO     | ----------------------------------------
2025-11-12 11:33:00 | INFO     | 
2025-11-12 11:33:00 | INFO     | Phase completed: SUCCESS
2025-11-12 11:33:00 | INFO     | Duration: 0.85ms
2025-11-12 11:33:00 | INFO     | ================================================================================
2025-11-12 11:33:00 | INFO     | 
2025-11-12 11:33:00 | INFO     | ================================================================================
2025-11-12 11:33:00 | INFO     | PHASE 4: Ontology Validation
2025-11-12 11:33:00 | INFO     | Description: Validate semantic consistency
2025-11-12 11:33:00 | INFO     | ================================================================================
2025-11-12 11:33:00 | INFO     | 
2025-11-12 11:33:00 | INFO     | Phase Input:
2025-11-12 11:33:00 | INFO     | ----------------------------------------
2025-11-12 11:33:00 | INFO     | Summary: Specs with 5 objects
2025-11-12 11:33:00 | INFO     |   Type: CanonicalProblemSpec
2025-11-12 11:33:00 | INFO     | ----------------------------------------
2025-11-12 11:33:00 | ERROR    | 
2025-11-12 11:33:00 | ERROR    | ================================================================================
2025-11-12 11:33:00 | ERROR    | ERROR OCCURRED
2025-11-12 11:33:00 | ERROR    | ================================================================================
2025-11-12 11:33:00 | ERROR    | Context: {'domain': 'electrostatics', 'phase': 'generation'}
2025-11-12 11:33:00 | ERROR    | Error: AttributeError: 'OntologyManager' object has no attribute 'add_entity'
2025-11-12 11:33:00 | ERROR    | 
2025-11-12 11:33:00 | ERROR    | Traceback:
2025-11-12 11:33:00 | ERROR    |   Traceback (most recent call last):
2025-11-12 11:33:00 | ERROR    |     File "/Users/Pramod/projects/STEM-AI/pipeline_universal_STEM/unified_diagram_pipeline.py", line 1036, in generate
2025-11-12 11:33:00 | ERROR    |       ontology_mgr.add_entity(obj.id, obj.type)
2025-11-12 11:33:00 | ERROR    |       ^^^^^^^^^^^^^^^^^^^^^^^
2025-11-12 11:33:00 | ERROR    |   AttributeError: 'OntologyManager' object has no attribute 'add_entity'
2025-11-12 11:33:00 | ERROR    |   
2025-11-12 11:33:00 | ERROR    | ================================================================================
2025-11-12 11:33:00 | INFO     | 
2025-11-12 11:33:00 | INFO     | ================================================================================
2025-11-12 11:33:00 | INFO     | RESPONSE
2025-11-12 11:33:00 | INFO     | ================================================================================
2025-11-12 11:33:00 | INFO     | Status: FAILED
2025-11-12 11:33:00 | INFO     | Total Duration: 17678.71ms
2025-11-12 11:33:00 | ERROR    | Error: 'OntologyManager' object has no attribute 'add_entity'
2025-11-12 11:33:00 | INFO     | 
2025-11-12 11:33:00 | INFO     | Full trace saved to: logs/req_20251112_113242.log
2025-11-12 11:33:00 | INFO     | ================================================================================
2025-11-12 11:33:00 | INFO     | Trace JSON saved to: logs/req_20251112_113242_trace.json
