2025-11-13 15:58:16 | INFO     | ================================================================================
2025-11-13 15:58:16 | INFO     | NEW DIAGRAM GENERATION REQUEST
2025-11-13 15:58:16 | INFO     | ================================================================================
2025-11-13 15:58:16 | INFO     | Request ID: req_20251113_155816
2025-11-13 15:58:16 | INFO     | Problem Text Length: 35 characters
2025-11-13 15:58:16 | INFO     | 
2025-11-13 15:58:16 | INFO     | Problem Text:
2025-11-13 15:58:16 | INFO     | --------------------------------------------------------------------------------
2025-11-13 15:58:16 | INFO     |   A circuit with battery and resistor
2025-11-13 15:58:16 | INFO     | --------------------------------------------------------------------------------
2025-11-13 15:58:16 | INFO     | 
2025-11-13 15:58:16 | INFO     | Configuration:
2025-11-13 15:58:16 | INFO     |   canvas_width: 1200
2025-11-13 15:58:16 | INFO     |   canvas_height: 800
2025-11-13 15:58:16 | INFO     |   validation_mode: standard
2025-11-13 15:58:16 | INFO     |   active_features: ['Spatial Validation', 'Intelligent Label Placement', 'Property Graph', 'OpenIE', 'Stanza', 'SciBERT', 'ChemDataExtractor', 'MathBERT', 'AMR Parser', 'Diagram Planner', 'Model Orchestrator', 'Ontology Validation', 'Z3 Optimization', 'Structural Validator', 'Primitive Library (memory)', 'Request/Response Logging']
2025-11-13 15:58:16 | INFO     | 
2025-11-13 15:58:16 | INFO     | 
2025-11-13 15:58:16 | INFO     | ================================================================================
2025-11-13 15:58:16 | INFO     | PHASE 0: NLP Enrichment
2025-11-13 15:58:16 | INFO     | Description: Extract entities, relations, and scientific concepts
2025-11-13 15:58:16 | INFO     | ================================================================================
2025-11-13 15:58:16 | INFO     | 
2025-11-13 15:58:16 | INFO     | Phase Input:
2025-11-13 15:58:16 | INFO     | ----------------------------------------
2025-11-13 15:58:16 | INFO     | Summary: Problem text (35 chars)
2025-11-13 15:58:16 | INFO     |   Type: str
2025-11-13 15:58:16 | INFO     | ----------------------------------------
2025-11-13 16:00:44 | INFO     | 
2025-11-13 16:00:44 | INFO     | Phase Output:
2025-11-13 16:00:44 | INFO     | ----------------------------------------
2025-11-13 16:00:44 | INFO     | Summary: Extracted data using 6 NLP tools
2025-11-13 16:00:44 | INFO     |   openie: dict
2025-11-13 16:00:44 | INFO     |   stanza: dict
2025-11-13 16:00:44 | INFO     |   scibert: dict
2025-11-13 16:00:44 | INFO     |   chemdataextractor: dict
2025-11-13 16:00:44 | INFO     |   mathbert: dict
2025-11-13 16:00:44 | INFO     |   amr: dict
2025-11-13 16:00:44 | INFO     | ----------------------------------------
2025-11-13 16:00:44 | INFO     | 
2025-11-13 16:00:44 | INFO     | Phase completed: SUCCESS
2025-11-13 16:00:44 | INFO     | Duration: 148227.40ms
2025-11-13 16:00:44 | INFO     | ================================================================================
2025-11-13 16:00:44 | INFO     | 
2025-11-13 16:00:44 | INFO     | ================================================================================
2025-11-13 16:00:44 | INFO     | PHASE 1: Property Graph Construction
2025-11-13 16:00:44 | INFO     | Description: Build knowledge graph from NLP results
2025-11-13 16:00:44 | INFO     | ================================================================================
2025-11-13 16:00:44 | INFO     | 
2025-11-13 16:00:44 | INFO     | Phase Input:
2025-11-13 16:00:44 | INFO     | ----------------------------------------
2025-11-13 16:00:44 | INFO     | Summary: NLP extraction results
2025-11-13 16:00:44 | INFO     |   openie: dict
2025-11-13 16:00:44 | INFO     |   stanza: dict
2025-11-13 16:00:44 | INFO     |   scibert: dict
2025-11-13 16:00:44 | INFO     |   chemdataextractor: dict
2025-11-13 16:00:44 | INFO     |   mathbert: dict
2025-11-13 16:00:44 | INFO     |   amr: dict
2025-11-13 16:00:44 | INFO     | ----------------------------------------
2025-11-13 16:00:44 | INFO     | 
2025-11-13 16:00:44 | INFO     | Phase Output:
2025-11-13 16:00:44 | INFO     | ----------------------------------------
2025-11-13 16:00:44 | INFO     | Summary: Built graph with 8 nodes from 5 sources
2025-11-13 16:00:44 | INFO     |   request_id: req_1763029696026_1
2025-11-13 16:00:44 | INFO     |   summary: dict
2025-11-13 16:00:44 | INFO     |   node_types: dict
2025-11-13 16:00:44 | INFO     |   edge_types: dict
2025-11-13 16:00:44 | INFO     |   nodes: [8 items]
2025-11-13 16:00:44 | INFO     |   edges: [8 items]
2025-11-13 16:00:44 | INFO     |   disk_persistence: dict
2025-11-13 16:00:44 | INFO     | ----------------------------------------
2025-11-13 16:00:44 | INFO     | 
2025-11-13 16:00:44 | INFO     | Phase completed: SUCCESS
2025-11-13 16:00:44 | INFO     | Duration: 3.22ms
2025-11-13 16:00:44 | INFO     | ================================================================================
2025-11-13 16:00:44 | INFO     | 
2025-11-13 16:00:44 | INFO     | ================================================================================
2025-11-13 16:00:44 | INFO     | PHASE 2: Diagram Planning (Property Graph-Driven)
2025-11-13 16:00:44 | INFO     | Description: Create diagram plan from property graph
2025-11-13 16:00:44 | INFO     | ================================================================================
2025-11-13 16:00:44 | INFO     | 
2025-11-13 16:00:44 | INFO     | Phase Input:
2025-11-13 16:00:44 | INFO     | ----------------------------------------
2025-11-13 16:00:44 | INFO     | Summary: Original request + Property graph
2025-11-13 16:00:44 | INFO     |   Type: str
2025-11-13 16:00:44 | INFO     | ----------------------------------------
2025-11-13 16:00:44 | INFO     | 
2025-11-13 16:00:44 | INFO     | Phase Output:
2025-11-13 16:00:44 | INFO     | ----------------------------------------
2025-11-13 16:00:44 | INFO     | Summary: Planning mode: property_graph_driven
2025-11-13 16:00:44 | INFO     |   planning_mode: property_graph_driven
2025-11-13 16:00:44 | INFO     |   domain: current_electricity
2025-11-13 16:00:44 | INFO     |   entity_count: 4
2025-11-13 16:00:44 | INFO     |   relation_count: 2
2025-11-13 16:00:44 | INFO     |   constraint_count: 10
2025-11-13 16:00:44 | INFO     |   complexity_score: 0.30000000000000004
2025-11-13 16:00:44 | INFO     |   z3_used: False
2025-11-13 16:00:44 | INFO     |   sympy_used: False
2025-11-13 16:00:44 | INFO     | ----------------------------------------
2025-11-13 16:00:44 | INFO     | 
2025-11-13 16:00:44 | INFO     | Phase completed: SUCCESS
2025-11-13 16:00:44 | INFO     | Duration: 1.48ms
2025-11-13 16:00:44 | INFO     | ================================================================================
2025-11-13 16:00:44 | INFO     | 
2025-11-13 16:00:44 | INFO     | ================================================================================
2025-11-13 16:00:44 | INFO     | PHASE 3: Scene Synthesis + Strategic Planning
2025-11-13 16:00:44 | INFO     | Description: Build scene graph and select strategy
2025-11-13 16:00:44 | INFO     | ================================================================================
2025-11-13 16:00:44 | INFO     | 
2025-11-13 16:00:44 | INFO     | Phase Input:
2025-11-13 16:00:44 | INFO     | ----------------------------------------
2025-11-13 16:00:44 | INFO     | Summary: Problem specs with 4 objects
2025-11-13 16:00:44 | INFO     |   Type: CanonicalProblemSpec
2025-11-13 16:00:44 | INFO     | ----------------------------------------
2025-11-13 16:00:44 | INFO     | 
2025-11-13 16:00:44 | INFO     | Phase Output:
2025-11-13 16:00:44 | INFO     | ----------------------------------------
2025-11-13 16:00:44 | INFO     | Summary: Scene with 7 objects
2025-11-13 16:00:44 | INFO     |   object_count: 7
2025-11-13 16:00:44 | INFO     |   selected_strategy: constraint_based
2025-11-13 16:00:44 | INFO     |   domain_modules: 0
2025-11-13 16:00:44 | INFO     |   diagram_plan: dict
2025-11-13 16:00:44 | INFO     | ----------------------------------------
2025-11-13 16:00:44 | INFO     | 
2025-11-13 16:00:44 | INFO     | Phase completed: SUCCESS
2025-11-13 16:00:44 | INFO     | Duration: 377.69ms
2025-11-13 16:00:44 | INFO     | ================================================================================
2025-11-13 16:00:44 | INFO     | 
2025-11-13 16:00:44 | INFO     | ================================================================================
2025-11-13 16:00:44 | INFO     | PHASE 3: Structural Consistency
2025-11-13 16:00:44 | INFO     | Description: Compare plan vs scene
2025-11-13 16:00:44 | INFO     | ================================================================================
2025-11-13 16:00:44 | INFO     | 
2025-11-13 16:00:44 | INFO     | Phase Input:
2025-11-13 16:00:44 | INFO     | ----------------------------------------
2025-11-13 16:00:44 | INFO     | Summary: Diagram Plan
2025-11-13 16:00:44 | INFO     |   entities: 4
2025-11-13 16:00:44 | INFO     | ----------------------------------------
2025-11-13 16:00:44 | INFO     | 
2025-11-13 16:00:44 | INFO     | Phase Output:
2025-11-13 16:00:44 | INFO     | ----------------------------------------
2025-11-13 16:00:44 | INFO     | Summary: Structural comparison report
2025-11-13 16:00:44 | INFO     |   missing_in_scene: [4 items]
2025-11-13 16:00:44 | INFO     |   extra_scene_objects: [7 items]
2025-11-13 16:00:44 | INFO     |   label_mismatches: [0 items]
2025-11-13 16:00:44 | INFO     |   relation_gaps: [2 items]
2025-11-13 16:00:44 | INFO     |   score: 0.0
2025-11-13 16:00:44 | INFO     | ----------------------------------------
2025-11-13 16:00:44 | INFO     | 
2025-11-13 16:00:44 | INFO     | Phase completed: SUCCESS
2025-11-13 16:00:44 | INFO     | Duration: 0.23ms
2025-11-13 16:00:44 | INFO     | ================================================================================
2025-11-13 16:00:44 | INFO     | 
2025-11-13 16:00:44 | INFO     | ================================================================================
2025-11-13 16:00:44 | INFO     | PHASE 4: Ontology Validation
2025-11-13 16:00:44 | INFO     | Description: Validate semantic consistency
2025-11-13 16:00:44 | INFO     | ================================================================================
2025-11-13 16:00:44 | INFO     | 
2025-11-13 16:00:44 | INFO     | Phase Input:
2025-11-13 16:00:44 | INFO     | ----------------------------------------
2025-11-13 16:00:44 | INFO     | Summary: Specs with 4 objects
2025-11-13 16:00:44 | INFO     |   Type: CanonicalProblemSpec
2025-11-13 16:00:44 | INFO     | ----------------------------------------
2025-11-13 16:00:44 | INFO     | 
2025-11-13 16:00:44 | INFO     | Phase Output:
2025-11-13 16:00:44 | INFO     | ----------------------------------------
2025-11-13 16:00:44 | INFO     | Summary: Consistent: True
2025-11-13 16:00:44 | INFO     |   source: property_graph
2025-11-13 16:00:44 | INFO     |   input_stats: dict
2025-11-13 16:00:44 | INFO     |   consistent: True
2025-11-13 16:00:44 | INFO     |   errors: [0 items]
2025-11-13 16:00:44 | INFO     |   warnings: [44 items]
2025-11-13 16:00:44 | INFO     |   inferences: 0
2025-11-13 16:00:44 | INFO     | ----------------------------------------
2025-11-13 16:00:44 | INFO     | 
2025-11-13 16:00:44 | INFO     | Phase completed: SUCCESS
2025-11-13 16:00:44 | INFO     | Duration: 41.72ms
2025-11-13 16:00:44 | INFO     | ================================================================================
2025-11-13 16:00:44 | INFO     | 
2025-11-13 16:00:44 | INFO     | ================================================================================
2025-11-13 16:00:44 | INFO     | PHASE 5: Physics Validation
2025-11-13 16:00:44 | INFO     | Description: Validate physics constraints and relationships
2025-11-13 16:00:44 | INFO     | ================================================================================
2025-11-13 16:00:44 | INFO     | 
2025-11-13 16:00:44 | INFO     | Phase Input:
2025-11-13 16:00:44 | INFO     | ----------------------------------------
2025-11-13 16:00:44 | INFO     | Summary: Scene with 7 objects
2025-11-13 16:00:44 | INFO     |   Type: Scene
2025-11-13 16:00:44 | INFO     | ----------------------------------------
2025-11-13 16:00:44 | INFO     | 
2025-11-13 16:00:44 | INFO     | Phase Output:
2025-11-13 16:00:44 | INFO     | ----------------------------------------
2025-11-13 16:00:44 | INFO     | Summary: Errors: 1, Warnings: 12
2025-11-13 16:00:44 | INFO     |   errors: 1
2025-11-13 16:00:44 | INFO     |   warnings: 12
2025-11-13 16:00:44 | INFO     | ----------------------------------------
2025-11-13 16:00:44 | INFO     | 
2025-11-13 16:00:44 | INFO     | Phase completed: SUCCESS
2025-11-13 16:00:44 | INFO     | Duration: 0.70ms
2025-11-13 16:00:44 | INFO     | ================================================================================
2025-11-13 16:00:44 | INFO     | 
2025-11-13 16:00:44 | INFO     | ================================================================================
2025-11-13 16:00:44 | INFO     | PHASE 5: Domain Rule Validation
2025-11-13 16:00:44 | INFO     | Description: Run Kirchhoff/Newton/Geometry checks
2025-11-13 16:00:44 | INFO     | ================================================================================
2025-11-13 16:00:44 | INFO     | 
2025-11-13 16:00:44 | INFO     | Phase Input:
2025-11-13 16:00:44 | INFO     | ----------------------------------------
2025-11-13 16:00:44 | INFO     | Summary: Domain context
2025-11-13 16:00:44 | INFO     |   domain: current_electricity
2025-11-13 16:00:44 | INFO     | ----------------------------------------
2025-11-13 16:00:44 | INFO     | 
2025-11-13 16:00:44 | INFO     | Phase Output:
2025-11-13 16:00:44 | INFO     | ----------------------------------------
2025-11-13 16:00:44 | INFO     | Summary: Domain rule evaluation
2025-11-13 16:00:44 | INFO     |   domain: current_electricity
2025-11-13 16:00:44 | INFO     |   checks: [2 items]
2025-11-13 16:00:44 | INFO     |   errors: 2
2025-11-13 16:00:44 | INFO     |   warnings: 0
2025-11-13 16:00:44 | INFO     | ----------------------------------------
2025-11-13 16:00:44 | INFO     | 
2025-11-13 16:00:44 | INFO     | Phase completed: SUCCESS
2025-11-13 16:00:44 | INFO     | Duration: 0.27ms
2025-11-13 16:00:44 | INFO     | ================================================================================
2025-11-13 16:00:44 | INFO     | 
2025-11-13 16:00:44 | INFO     | ================================================================================
2025-11-13 16:00:44 | INFO     | PHASE 6: Layout Optimization + Z3/SymPy
2025-11-13 16:00:44 | INFO     | Description: Compute optimal object positions
2025-11-13 16:00:44 | INFO     | ================================================================================
2025-11-13 16:00:44 | INFO     | 
2025-11-13 16:00:44 | INFO     | Phase Input:
2025-11-13 16:00:44 | INFO     | ----------------------------------------
2025-11-13 16:00:44 | INFO     | Summary: Scene with 7 unpositioned objects
2025-11-13 16:00:44 | INFO     |   Type: Scene
2025-11-13 16:00:44 | INFO     | ----------------------------------------
2025-11-13 16:00:44 | INFO     | 
2025-11-13 16:00:44 | INFO     | Phase Output:
2025-11-13 16:00:44 | INFO     | ----------------------------------------
2025-11-13 16:00:44 | INFO     | Summary: Positioned 7 objects
2025-11-13 16:00:44 | INFO     |   object_count: 7
2025-11-13 16:00:44 | INFO     |   z3_used: False
2025-11-13 16:00:44 | INFO     |   sympy_used: False
2025-11-13 16:00:44 | INFO     |   pre_solver_positions: 0
2025-11-13 16:00:44 | INFO     |   model_strategy: constraint_solver
2025-11-13 16:00:44 | INFO     |   model_orchestrator: dict
2025-11-13 16:00:44 | INFO     | ----------------------------------------
2025-11-13 16:00:44 | INFO     | 
2025-11-13 16:00:44 | INFO     | Phase completed: SUCCESS
2025-11-13 16:00:44 | INFO     | Duration: 43.16ms
2025-11-13 16:00:44 | INFO     | ================================================================================
2025-11-13 16:00:44 | INFO     | 
2025-11-13 16:00:44 | INFO     | ================================================================================
2025-11-13 16:00:44 | INFO     | PHASE 7: Intelligent Label Placement
2025-11-13 16:00:44 | INFO     | Description: Optimize label positions to avoid overlaps
2025-11-13 16:00:44 | INFO     | ================================================================================
2025-11-13 16:00:44 | INFO     | 
2025-11-13 16:00:44 | INFO     | Phase Input:
2025-11-13 16:00:44 | INFO     | ----------------------------------------
2025-11-13 16:00:44 | INFO     | Summary: Positioned scene
2025-11-13 16:00:44 | INFO     |   Type: Scene
2025-11-13 16:00:44 | INFO     | ----------------------------------------
2025-11-13 16:00:44 | INFO     | 
2025-11-13 16:00:44 | INFO     | Phase Output:
2025-11-13 16:00:44 | INFO     | ----------------------------------------
2025-11-13 16:00:44 | INFO     | Summary: Labels placed
2025-11-13 16:00:44 | INFO     | ----------------------------------------
2025-11-13 16:00:44 | INFO     | 
2025-11-13 16:00:44 | INFO     | Phase completed: SUCCESS
2025-11-13 16:00:44 | INFO     | Duration: 0.21ms
2025-11-13 16:00:44 | INFO     | ================================================================================
2025-11-13 16:00:44 | INFO     | 
2025-11-13 16:00:44 | INFO     | ================================================================================
2025-11-13 16:00:44 | INFO     | PHASE 8: Spatial Validation
2025-11-13 16:00:44 | INFO     | Description: Check for overlaps and positioning errors
2025-11-13 16:00:44 | INFO     | ================================================================================
2025-11-13 16:00:44 | INFO     | 
2025-11-13 16:00:44 | INFO     | Phase Input:
2025-11-13 16:00:44 | INFO     | ----------------------------------------
2025-11-13 16:00:44 | INFO     | Summary: Final positioned scene
2025-11-13 16:00:44 | INFO     |   Type: Scene
2025-11-13 16:00:44 | INFO     | ----------------------------------------
2025-11-13 16:00:44 | INFO     | 
2025-11-13 16:00:44 | INFO     | Phase Output:
2025-11-13 16:00:44 | INFO     | ----------------------------------------
2025-11-13 16:00:44 | INFO     | Summary: Errors: 0, Warnings: 5
2025-11-13 16:00:44 | INFO     |   errors: 0
2025-11-13 16:00:44 | INFO     |   warnings: 5
2025-11-13 16:00:44 | INFO     |   is_valid: True
2025-11-13 16:00:44 | INFO     | ----------------------------------------
2025-11-13 16:00:44 | INFO     | 
2025-11-13 16:00:44 | INFO     | Phase completed: SUCCESS
2025-11-13 16:00:44 | INFO     | Duration: 0.26ms
2025-11-13 16:00:44 | INFO     | ================================================================================
2025-11-13 16:00:44 | INFO     | 
2025-11-13 16:00:44 | INFO     | ================================================================================
2025-11-13 16:00:44 | INFO     | PHASE 9: Rendering
2025-11-13 16:00:44 | INFO     | Description: Generate SVG output
2025-11-13 16:00:44 | INFO     | ================================================================================
2025-11-13 16:00:44 | INFO     | 
2025-11-13 16:00:44 | INFO     | Phase Input:
2025-11-13 16:00:44 | INFO     | ----------------------------------------
2025-11-13 16:00:44 | INFO     | Summary: Positioned scene with 7 objects
2025-11-13 16:00:44 | INFO     |   Type: Scene
2025-11-13 16:00:44 | INFO     | ----------------------------------------
2025-11-13 16:00:44 | INFO     | 
2025-11-13 16:00:44 | INFO     | Phase Output:
2025-11-13 16:00:44 | INFO     | ----------------------------------------
2025-11-13 16:00:44 | INFO     | Summary: SVG generated (2,762 bytes)
2025-11-13 16:00:44 | INFO     |   svg_size: 2762
2025-11-13 16:00:44 | INFO     | ----------------------------------------
2025-11-13 16:00:44 | INFO     | 
2025-11-13 16:00:44 | INFO     | Phase completed: SUCCESS
2025-11-13 16:00:44 | INFO     | Duration: 0.49ms
2025-11-13 16:00:44 | INFO     | ================================================================================
2025-11-13 16:00:44 | INFO     | 
2025-11-13 16:00:44 | INFO     | ================================================================================
2025-11-13 16:00:44 | INFO     | PHASE 7: Validation Refinement
2025-11-13 16:00:44 | INFO     | Description: Iterative quality improvement
2025-11-13 16:00:44 | INFO     | ================================================================================
2025-11-13 16:00:44 | INFO     | 
2025-11-13 16:00:44 | INFO     | Phase Input:
2025-11-13 16:00:44 | INFO     | ----------------------------------------
2025-11-13 16:00:44 | INFO     | Summary: SVG and scene
2025-11-13 16:00:44 | INFO     |   svg_size: 2762
2025-11-13 16:00:44 | INFO     | ----------------------------------------
2025-11-13 16:00:44 | INFO     |   Validator error: 'SceneObject' object has no attribute 'label'
2025-11-13 16:00:44 | INFO     | 
2025-11-13 16:00:44 | INFO     | Phase Output:
2025-11-13 16:00:44 | INFO     | ----------------------------------------
2025-11-13 16:00:44 | INFO     | Summary: Refined 1 times
2025-11-13 16:00:44 | INFO     |   refinement_iterations: 1
2025-11-13 16:00:44 | INFO     |   overall_confidence: 0.0
2025-11-13 16:00:44 | INFO     |   issue_count: 0
2025-11-13 16:00:44 | INFO     |   suggestions: 0
2025-11-13 16:00:44 | INFO     | ----------------------------------------
2025-11-13 16:00:44 | INFO     | 
2025-11-13 16:00:44 | INFO     | Phase completed: SUCCESS
2025-11-13 16:00:44 | INFO     | Duration: 0.69ms
2025-11-13 16:00:44 | INFO     | ================================================================================
2025-11-13 16:00:44 | INFO     | 
2025-11-13 16:00:44 | INFO     | ================================================================================
2025-11-13 16:00:44 | INFO     | RESPONSE
2025-11-13 16:00:44 | INFO     | ================================================================================
2025-11-13 16:00:44 | INFO     | Status: SUCCESS
2025-11-13 16:00:44 | INFO     | Total Duration: 148699.07ms
2025-11-13 16:00:44 | INFO     | 
2025-11-13 16:00:44 | INFO     | Result Summary:
2025-11-13 16:00:44 | INFO     | 
2025-11-13 16:00:44 | INFO     | Full trace saved to: logs/req_20251113_155816.log
2025-11-13 16:00:44 | INFO     | ================================================================================
2025-11-13 16:00:44 | INFO     | Trace JSON saved to: logs/req_20251113_155816_trace.json
2025-11-13 16:00:44 | INFO     | ================================================================================
2025-11-13 16:00:44 | INFO     | NEW DIAGRAM GENERATION REQUEST
2025-11-13 16:00:44 | INFO     | ================================================================================
2025-11-13 16:00:44 | INFO     | Request ID: req_20251113_155816
2025-11-13 16:00:44 | INFO     | Problem Text Length: 366 characters
2025-11-13 16:00:44 | INFO     | 
2025-11-13 16:00:44 | INFO     | Problem Text:
2025-11-13 16:00:44 | INFO     | --------------------------------------------------------------------------------
2025-11-13 16:00:44 | INFO     |   A potential difference of 300 V is applied to a series connection of two capacitors
2025-11-13 16:00:44 | INFO     |   of capacitances C₁ = 2.00 μF and C₂ = 8.00 μF. The charged capacitors are then disconnected
2025-11-13 16:00:44 | INFO     |   from the battery and from each other. They are then reconnected with plates of the same signs
2025-11-13 16:00:44 | INFO     |   wired together (positive to positive, negative to negative). What is the charge on capacitor C₁?
2025-11-13 16:00:44 | INFO     | --------------------------------------------------------------------------------
2025-11-13 16:00:44 | INFO     | 
2025-11-13 16:00:44 | INFO     | Configuration:
2025-11-13 16:00:44 | INFO     |   canvas_width: 1200
2025-11-13 16:00:44 | INFO     |   canvas_height: 800
2025-11-13 16:00:44 | INFO     |   validation_mode: standard
2025-11-13 16:00:44 | INFO     |   active_features: ['Spatial Validation', 'Intelligent Label Placement', 'Property Graph', 'OpenIE', 'Stanza', 'SciBERT', 'ChemDataExtractor', 'MathBERT', 'AMR Parser', 'Diagram Planner', 'Model Orchestrator', 'Ontology Validation', 'Z3 Optimization', 'Structural Validator', 'Primitive Library (memory)', 'Request/Response Logging']
2025-11-13 16:00:44 | INFO     | 
2025-11-13 16:00:44 | INFO     | 
2025-11-13 16:00:44 | INFO     | ================================================================================
2025-11-13 16:00:44 | INFO     | PHASE 0: NLP Enrichment
2025-11-13 16:00:44 | INFO     | Description: Extract entities, relations, and scientific concepts
2025-11-13 16:00:44 | INFO     | ================================================================================
2025-11-13 16:00:44 | INFO     | 
2025-11-13 16:00:44 | INFO     | Phase Input:
2025-11-13 16:00:44 | INFO     | ----------------------------------------
2025-11-13 16:00:44 | INFO     | Summary: Problem text (366 chars)
2025-11-13 16:00:44 | INFO     |   Type: str
2025-11-13 16:00:44 | INFO     | ----------------------------------------
